#
# There is insufficient memory for the Java Runtime Environment to continue.
# Native memory allocation (mmap) failed to map 16777216 bytes. Error detail: G1 virtual space
# Possible reasons:
#   The system is out of physical RAM or swap space
#   This process is running with CompressedOops enabled, and the Java Heap may be blocking the growth of the native heap
# Possible solutions:
#   Reduce memory load on the system
#   Increase physical memory or swap space
#   Check if swap backing store is full
#   Decrease Java heap size (-Xmx/-Xms)
#   Decrease number of Java threads
#   Decrease Java thread stack sizes (-Xss)
#   Set larger code cache with -XX:ReservedCodeCacheSize=
#   JVM is running with Zero Based Compressed Oops mode in which the Java heap is
#     placed in the first 32GB address space. The Java Heap base address is the
#     maximum limit for the native heap growth. Please use -XX:HeapBaseMinAddress
#     to set the Java Heap base and to place the Java Heap above 32GB virtual address.
# This output file may be truncated or incomplete.
#
#  Out of Memory Error (os_windows.cpp:3690), pid=7700, tid=4904
#
# JRE version: OpenJDK Runtime Environment Microsoft-13877129 (17.0.19+10) (build 17.0.19+10-LTS)
# Java VM: OpenJDK 64-Bit Server VM Microsoft-13877129 (17.0.19+10-LTS, mixed mode, emulated-client, sharing, tiered, compressed oops, compressed class ptrs, g1 gc, windows-amd64)
# No core dump will be written. Minidumps are not enabled by default on client versions of Windows
#

---------------  S U M M A R Y ------------

Command Line: -XX:TieredStopAtLevel=1 -Dspring.output.ansi.enabled=always -javaagent:C:\Program Files\JetBrains\IntelliJ IDEA 2026.1.1\lib\idea_rt.jar=63917 -Dfile.encoding=UTF-8 com.project.beautysalon.BeautySalonApplication

Host: Intel(R) Core(TM) i3-10110U CPU @ 2.10GHz, 4 cores, 11G,  Windows 11 , 64 bit Build 22621 (10.0.22621.4974)
Time: Mon May 18 08:55:30 2026 Malay Peninsula Standard Time elapsed time: 10.024207 seconds (0d 0h 0m 10s)

---------------  T H R E A D  ---------------

Current thread (0x0000013c19d317a0):  VMThread "VM Thread" [stack: 0x00000009cfd00000,0x00000009cfe00000] [id=4904]

Stack: [0x00000009cfd00000,0x00000009cfe00000]
Native frames: (J=compiled Java code, j=interpreted, Vv=VM code, C=native code)
V  [jvm.dll+0x68cc89]  (no source info available)
V  [jvm.dll+0x845d89]  (no source info available)
V  [jvm.dll+0x847af8]  (no source info available)
V  [jvm.dll+0x848183]  (no source info available)
V  [jvm.dll+0x24d0bf]  (no source info available)
V  [jvm.dll+0x68c089]  (no source info available)
V  [jvm.dll+0x68064a]  (no source info available)
V  [jvm.dll+0x3102f0]  (no source info available)
V  [jvm.dll+0x310192]  (no source info available)
V  [jvm.dll+0x317709]  (no source info available)
V  [jvm.dll+0x369b09]  (no source info available)
V  [jvm.dll+0x369d3d]  (no source info available)
V  [jvm.dll+0x2e6afa]  (no source info available)
V  [jvm.dll+0x2e4ef1]  (no source info available)
V  [jvm.dll+0x2e468c]  (no source info available)
V  [jvm.dll+0x32903b]  (no source info available)
V  [jvm.dll+0x84ca0d]  (no source info available)
V  [jvm.dll+0x84d723]  (no source info available)
V  [jvm.dll+0x84dc54]  (no source info available)
V  [jvm.dll+0x84e038]  (no source info available)
V  [jvm.dll+0x84e12e]  (no source info available)
V  [jvm.dll+0x7f62cc]  (no source info available)
V  [jvm.dll+0x68e227]  (no source info available)
C  [ucrtbase.dll+0x29333]  (no source info available)
C  [KERNEL32.DLL+0x1259d]  (no source info available)
C  [ntdll.dll+0x5af38]  (no source info available)

VM_Operation (0x00000009d0ff90f0): G1CollectForAllocation, mode: safepoint, requested by thread 0x0000013c5f8f59a0


---------------  P R O C E S S  ---------------

Threads class SMR info:
_java_thread_list=0x0000013c608db620, length=22, elements={
0x0000013c05d97130, 0x0000013c19d39510, 0x0000013c19d3a2a0, 0x0000013c19d4ae40,
0x0000013c19d4dbe0, 0x0000013c19d51630, 0x0000013c19d51f00, 0x0000013c19d52880,
0x0000013c19d551a0, 0x0000013c5f0a45c0, 0x0000013c5f0ae500, 0x0000013c5f46c2d0,
0x0000013c5f46ca20, 0x0000013c5f93f4f0, 0x0000013c5f8f59a0, 0x0000013c5fddc230,
0x0000013c603a3b60, 0x0000013c6046ffd0, 0x0000013c6047e540, 0x0000013c5ff66730,
0x0000013c5ff66220, 0x0000013c5ff65800
}

Java Threads: ( => current thread )
  0x0000013c05d97130 JavaThread "main" [_thread_blocked, id=20056, stack(0x00000009cf700000,0x00000009cf800000)]
  0x0000013c19d39510 JavaThread "Reference Handler" daemon [_thread_blocked, id=9168, stack(0x00000009cfe00000,0x00000009cff00000)]
  0x0000013c19d3a2a0 JavaThread "Finalizer" daemon [_thread_blocked, id=11596, stack(0x00000009cff00000,0x00000009d0000000)]
  0x0000013c19d4ae40 JavaThread "Signal Dispatcher" daemon [_thread_blocked, id=14908, stack(0x00000009d0000000,0x00000009d0100000)]
  0x0000013c19d4dbe0 JavaThread "Attach Listener" daemon [_thread_blocked, id=6868, stack(0x00000009d0100000,0x00000009d0200000)]
  0x0000013c19d51630 JavaThread "Service Thread" daemon [_thread_blocked, id=17008, stack(0x00000009d0200000,0x00000009d0300000)]
  0x0000013c19d51f00 JavaThread "Monitor Deflation Thread" daemon [_thread_blocked, id=20372, stack(0x00000009d0300000,0x00000009d0400000)]
  0x0000013c19d52880 JavaThread "C1 CompilerThread0" daemon [_thread_blocked, id=88, stack(0x00000009d0400000,0x00000009d0500000)]
  0x0000013c19d551a0 JavaThread "Sweeper thread" daemon [_thread_blocked, id=13392, stack(0x00000009d0500000,0x00000009d0600000)]
  0x0000013c5f0a45c0 JavaThread "Common-Cleaner" daemon [_thread_blocked, id=7332, stack(0x00000009d0600000,0x00000009d0700000)]
  0x0000013c5f0ae500 JavaThread "C1 CompilerThread1" daemon [_thread_blocked, id=9084, stack(0x00000009d0700000,0x00000009d0800000)]
  0x0000013c5f46c2d0 JavaThread "Monitor Ctrl-Break" daemon [_thread_in_native, id=8756, stack(0x00000009d0800000,0x00000009d0900000)]
  0x0000013c5f46ca20 JavaThread "Notification Thread" daemon [_thread_blocked, id=8228, stack(0x00000009d0900000,0x00000009d0a00000)]
  0x0000013c5f93f4f0 JavaThread "Thread-0" [_thread_blocked, id=20060, stack(0x00000009d0e00000,0x00000009d0f00000)]
  0x0000013c5f8f59a0 JavaThread "restartedMain" [_thread_blocked, id=14392, stack(0x00000009d0f00000,0x00000009d1000000)]
  0x0000013c5fddc230 JavaThread "C1 CompilerThread2" daemon [_thread_blocked, id=19168, stack(0x00000009d1100000,0x00000009d1200000)]
  0x0000013c603a3b60 JavaThread "Catalina-utility-1" [_thread_blocked, id=18248, stack(0x00000009d1000000,0x00000009d1100000)]
  0x0000013c6046ffd0 JavaThread "Catalina-utility-2" [_thread_blocked, id=15960, stack(0x00000009d1200000,0x00000009d1300000)]
  0x0000013c6047e540 JavaThread "container-0" [_thread_blocked, id=8176, stack(0x00000009d1300000,0x00000009d1400000)]
  0x0000013c5ff66730 JavaThread "mysql-cj-abandoned-connection-cleanup" daemon [_thread_blocked, id=17436, stack(0x00000009d1400000,0x00000009d1500000)]
  0x0000013c5ff66220 JavaThread "HikariPool-1 housekeeper" daemon [_thread_blocked, id=8156, stack(0x00000009d1700000,0x00000009d1800000)]
  0x0000013c5ff65800 JavaThread "HikariPool-1 connection adder" daemon [_thread_blocked, id=7520, stack(0x00000009d1800000,0x00000009d1900000)]

Other Threads:
=>0x0000013c19d317a0 VMThread "VM Thread" [stack: 0x00000009cfd00000,0x00000009cfe00000] [id=4904]
  0x0000013c05d97ec0 WatcherThread [stack: 0x00000009d0a00000,0x00000009d0b00000] [id=4612]
  0x0000013c05def5a0 GCTaskThread "GC Thread#0" [stack: 0x00000009cf800000,0x00000009cf900000] [id=8180]
  0x0000013c5f868840 GCTaskThread "GC Thread#1" [stack: 0x00000009d0b00000,0x00000009d0c00000] [id=13948]
  0x0000013c5f868b10 GCTaskThread "GC Thread#2" [stack: 0x00000009d0c00000,0x00000009d0d00000] [id=15056]
  0x0000013c5f876710 GCTaskThread "GC Thread#3" [stack: 0x00000009d0d00000,0x00000009d0e00000] [id=12156]
  0x0000013c05dfc110 ConcurrentGCThread "G1 Main Marker" [stack: 0x00000009cf900000,0x00000009cfa00000] [id=16600]
  0x0000013c05dfca40 ConcurrentGCThread "G1 Conc#0" [stack: 0x00000009cfa00000,0x00000009cfb00000] [id=276]
  0x0000013c19bf3000 ConcurrentGCThread "G1 Refine#0" [stack: 0x00000009cfb00000,0x00000009cfc00000] [id=15376]
  0x0000013c5f98d8a0 ConcurrentGCThread "G1 Refine#1" [stack: 0x00000009d1500000,0x00000009d1600000] [id=9668]
  0x0000013c19bf3950 ConcurrentGCThread "G1 Service" [stack: 0x00000009cfc00000,0x00000009cfd00000] [id=13124]

Threads with active compile tasks:

VM state: at safepoint (normal execution)

VM Mutex/Monitor currently owned by a thread:  ([mutex/lock_event])
[0x0000013c05d91c10] Threads_lock - owner thread: 0x0000013c19d317a0
[0x0000013c05d92cf0] Heap_lock - owner thread: 0x0000013c5f8f59a0

Heap address: 0x0000000743000000, size: 3024 MB, Compressed Oops mode: Zero based, Oop shift amount: 3

CDS archive(s) mapped at: [0x0000013c1a000000-0x0000013c1abb0000-0x0000013c1abb0000), size 12255232, SharedBaseAddress: 0x0000013c1a000000, ArchiveRelocationMode: 1.
Compressed class space mapped at: 0x0000013c1b000000-0x0000013c5b000000, reserved size: 1073741824
Narrow klass base: 0x0000013c1a000000, Narrow klass shift: 0, Narrow klass range: 0x100000000

GC Precious Log:
 CPUs: 4 total, 4 available
 Memory: 12092M
 Large Page Support: Disabled
 NUMA Support: Disabled
 Compressed Oops: Enabled (Zero based)
 Heap Region Size: 2M
 Heap Min Capacity: 8M
 Heap Initial Capacity: 190M
 Heap Max Capacity: 3024M
 Pre-touch: Disabled
 Parallel Workers: 4
 Concurrent Workers: 1
 Concurrent Refinement Workers: 4
 Periodic GC: Disabled

Heap:
 garbage-first heap   total 92160K, used 37668K [0x0000000743000000, 0x0000000800000000)
  region size 2048K, 3 young (6144K), 3 survivors (6144K)
 Metaspace       used 62264K, committed 62784K, reserved 1114112K
  class space    used 9230K, committed 9472K, reserved 1048576K

Heap Regions: E=young(eden), S=young(survivor), O=old, HS=humongous(starts), HC=humongous(continues), CS=collection set, F=free, OA=open archive, CA=closed archive, TAMS=top-at-mark-start (previous, next)
|   0|0x0000000743000000, 0x0000000743200000, 0x0000000743200000|100%| O|  |TAMS 0x0000000743200000, 0x0000000743000000| Untracked 
|   1|0x0000000743200000, 0x0000000743400000, 0x0000000743400000|100%| O|  |TAMS 0x0000000743400000, 0x0000000743200000| Untracked 
|   2|0x0000000743400000, 0x00000007435dc400, 0x0000000743600000| 93%| O|  |TAMS 0x00000007435dc400, 0x0000000743400000| Untracked 
|   3|0x0000000743600000, 0x0000000743800000, 0x0000000743800000|100%| O|  |TAMS 0x0000000743800000, 0x0000000743600000| Untracked 
|   4|0x0000000743800000, 0x0000000743a00000, 0x0000000743a00000|100%| O|  |TAMS 0x0000000743a00000, 0x0000000743800000| Untracked 
|   5|0x0000000743a00000, 0x0000000743c00000, 0x0000000743c00000|100%| O|  |TAMS 0x0000000743c00000, 0x0000000743a00000| Untracked 
|   6|0x0000000743c00000, 0x0000000743e00000, 0x0000000743e00000|100%| O|  |TAMS 0x0000000743e00000, 0x0000000743c00000| Untracked 
|   7|0x0000000743e00000, 0x0000000744000000, 0x0000000744000000|100%| O|  |TAMS 0x0000000743f55800, 0x0000000743e00000| Untracked 
|   8|0x0000000744000000, 0x0000000744200000, 0x0000000744200000|100%| O|  |TAMS 0x0000000744000000, 0x0000000744000000| Untracked 
|   9|0x0000000744200000, 0x0000000744400000, 0x0000000744400000|100%| O|  |TAMS 0x0000000744200000, 0x0000000744200000| Untracked 
|  10|0x0000000744400000, 0x0000000744600000, 0x0000000744600000|100%| O|  |TAMS 0x0000000744400000, 0x0000000744400000| Untracked 
|  11|0x0000000744600000, 0x0000000744800000, 0x0000000744800000|100%| O|  |TAMS 0x0000000744600000, 0x0000000744600000| Untracked 
|  12|0x0000000744800000, 0x0000000744a00000, 0x0000000744a00000|100%| O|  |TAMS 0x0000000744800000, 0x0000000744800000| Untracked 
|  13|0x0000000744a00000, 0x0000000744c00000, 0x0000000744c00000|100%| O|  |TAMS 0x0000000744a00000, 0x0000000744a00000| Untracked 
|  14|0x0000000744c00000, 0x0000000744cece00, 0x0000000744e00000| 46%| O|  |TAMS 0x0000000744c00000, 0x0000000744c00000| Untracked 
|  15|0x0000000744e00000, 0x0000000744e00000, 0x0000000745000000|  0%| F|  |TAMS 0x0000000744e00000, 0x0000000744e00000| Untracked 
|  16|0x0000000745000000, 0x0000000745000000, 0x0000000745200000|  0%| F|  |TAMS 0x0000000745000000, 0x0000000745000000| Untracked 
|  17|0x0000000745200000, 0x0000000745200000, 0x0000000745400000|  0%| F|  |TAMS 0x0000000745200000, 0x0000000745200000| Untracked 
|  18|0x0000000745400000, 0x0000000745400000, 0x0000000745600000|  0%| F|  |TAMS 0x0000000745400000, 0x0000000745400000| Untracked 
|  19|0x0000000745600000, 0x0000000745600000, 0x0000000745800000|  0%| F|  |TAMS 0x0000000745600000, 0x0000000745600000| Untracked 
|  20|0x0000000745800000, 0x0000000745800000, 0x0000000745a00000|  0%| F|  |TAMS 0x0000000745800000, 0x0000000745800000| Untracked 
|  21|0x0000000745a00000, 0x0000000745c00000, 0x0000000745c00000|100%| S|CS|TAMS 0x0000000745a00000, 0x0000000745a00000| Complete 
|  22|0x0000000745c00000, 0x0000000745c00000, 0x0000000745e00000|  0%| F|  |TAMS 0x0000000745c00000, 0x0000000745c00000| Untracked 
|  23|0x0000000745e00000, 0x0000000746000000, 0x0000000746000000|100%| S|CS|TAMS 0x0000000745e00000, 0x0000000745e00000| Complete 
|  24|0x0000000746000000, 0x0000000746000000, 0x0000000746200000|  0%| F|  |TAMS 0x0000000746000000, 0x0000000746000000| Untracked 
|  25|0x0000000746200000, 0x0000000746400000, 0x0000000746400000|100%| S|CS|TAMS 0x0000000746200000, 0x0000000746200000| Complete 
|  26|0x0000000746400000, 0x0000000746400000, 0x0000000746600000|  0%| F|  |TAMS 0x0000000746400000, 0x0000000746400000| Untracked 
|  27|0x0000000746600000, 0x0000000746600000, 0x0000000746800000|  0%| F|  |TAMS 0x0000000746600000, 0x0000000746600000| Untracked 
|  28|0x0000000746800000, 0x0000000746800000, 0x0000000746a00000|  0%| F|  |TAMS 0x0000000746800000, 0x0000000746800000| Untracked 
|  29|0x0000000746a00000, 0x0000000746a00000, 0x0000000746c00000|  0%| F|  |TAMS 0x0000000746a00000, 0x0000000746a00000| Untracked 
|  30|0x0000000746c00000, 0x0000000746c00000, 0x0000000746e00000|  0%| F|  |TAMS 0x0000000746c00000, 0x0000000746c00000| Untracked 
|  31|0x0000000746e00000, 0x0000000746e00000, 0x0000000747000000|  0%| F|  |TAMS 0x0000000746e00000, 0x0000000746e00000| Untracked 
|  32|0x0000000747000000, 0x0000000747000000, 0x0000000747200000|  0%| F|  |TAMS 0x0000000747000000, 0x0000000747000000| Untracked 
|  33|0x0000000747200000, 0x0000000747200000, 0x0000000747400000|  0%| F|  |TAMS 0x0000000747200000, 0x0000000747200000| Untracked 
|  34|0x0000000747400000, 0x0000000747400000, 0x0000000747600000|  0%| F|  |TAMS 0x0000000747400000, 0x0000000747400000| Untracked 
|  35|0x0000000747600000, 0x0000000747600000, 0x0000000747800000|  0%| F|  |TAMS 0x0000000747600000, 0x0000000747600000| Untracked 
|  36|0x0000000747800000, 0x0000000747800000, 0x0000000747a00000|  0%| F|  |TAMS 0x0000000747800000, 0x0000000747800000| Untracked 
|  37|0x0000000747a00000, 0x0000000747a00000, 0x0000000747c00000|  0%| F|  |TAMS 0x0000000747a00000, 0x0000000747a00000| Untracked 
|  46|0x0000000748c00000, 0x0000000748c00000, 0x0000000748e00000|  0%| F|  |TAMS 0x0000000748c00000, 0x0000000748c00000| Untracked 
|  47|0x0000000748e00000, 0x0000000748e00000, 0x0000000749000000|  0%| F|  |TAMS 0x0000000748e00000, 0x0000000748e00000| Untracked 
|  48|0x0000000749000000, 0x0000000749000000, 0x0000000749200000|  0%| F|  |TAMS 0x0000000749000000, 0x0000000749000000| Untracked 
|  49|0x0000000749200000, 0x0000000749200000, 0x0000000749400000|  0%| F|  |TAMS 0x0000000749200000, 0x0000000749200000| Untracked 
|  50|0x0000000749400000, 0x0000000749400000, 0x0000000749600000|  0%| F|  |TAMS 0x0000000749400000, 0x0000000749400000| Untracked 
|  94|0x000000074ec00000, 0x000000074ec00000, 0x000000074ee00000|  0%| F|  |TAMS 0x000000074ec00000, 0x000000074ec00000| Untracked 
|1511|0x00000007ffe00000, 0x0000000800000000, 0x0000000800000000|100%| O|  |TAMS 0x0000000800000000, 0x00000007ffe00000| Untracked 

Card table byte_map: [0x0000013c10f10000,0x0000013c11500000] _byte_map_base: 0x0000013c0d4f8000

Marking Bits (Prev, Next): (CMBitMap*) 0x0000013c05defb20, (CMBitMap*) 0x0000013c05defae0
 Prev Bits: [0x0000013c14a30000, 0x0000013c17970000)
 Next Bits: [0x0000013c11af0000, 0x0000013c14a30000)

Polling page: 0x0000013c05540000

Metaspace:

Usage:
  Non-class:     51.79 MB used.
      Class:      9.01 MB used.
       Both:     60.81 MB used.

Virtual space:
  Non-class space:       64.00 MB reserved,      52.06 MB ( 81%) committed,  1 nodes.
      Class space:        1.00 GB reserved,       9.25 MB ( <1%) committed,  1 nodes.
             Both:        1.06 GB reserved,      61.31 MB (  6%) committed. 

Chunk freelists:
   Non-Class:  11.14 MB
       Class:  6.57 MB
        Both:  17.70 MB

MaxMetaspaceSize: unlimited
CompressedClassSpaceSize: 1.00 GB
Initial GC threshold: 21.00 MB
Current GC threshold: 71.56 MB
CDS: on
MetaspaceReclaimPolicy: balanced
 - commit_granule_bytes: 65536.
 - commit_granule_words: 8192.
 - virtual_space_node_default_size: 8388608.
 - enlarge_chunks_in_place: 1.
 - new_chunks_are_fully_committed: 0.
 - uncommit_free_chunks: 1.
 - use_allocation_guard: 0.
 - handle_deallocations: 1.


Internal statistics:

num_allocs_failed_limit: 9.
num_arena_births: 726.
num_arena_deaths: 0.
num_vsnodes_births: 2.
num_vsnodes_deaths: 0.
num_space_committed: 981.
num_space_uncommitted: 0.
num_chunks_returned_to_freelist: 9.
num_chunks_taken_from_freelist: 3080.
num_chunk_merges: 9.
num_chunk_splits: 2262.
num_chunks_enlarged: 1790.
num_inconsistent_stats: 0.

CodeCache: size=49152Kb used=12444Kb max_used=12444Kb free=36707Kb
 bounds [0x0000013c0d920000, 0x0000013c0e550000, 0x0000013c10920000]
 total_blobs=7055 nmethods=6403 adapters=576
 compilation: enabled
              stopped_count=0, restarted_count=0
 full_count=0

Compilation events (20 events):
Event: 9.796 Thread 0x0000013c5fddc230 6394       1       org.springframework.data.jpa.repository.query.HqlQueryRenderer::visitReservedWord (37 bytes)
Event: 9.796 Thread 0x0000013c5fddc230 nmethod 6394 0x0000013c0e542590 code [0x0000013c0e5427c0, 0x0000013c0e542fb8]
Event: 9.797 Thread 0x0000013c19d52880 6395       1       org.antlr.v4.runtime.misc.FlexibleHashMap::<init> (60 bytes)
Event: 9.798 Thread 0x0000013c19d52880 nmethod 6395 0x0000013c0e543390 code [0x0000013c0e543560, 0x0000013c0e543828]
Event: 9.804 Thread 0x0000013c5f0ae500 6396       1       org.antlr.v4.runtime.atn.PredictionMode::allConfigsInRuleStopStates (41 bytes)
Event: 9.804 Thread 0x0000013c5f0ae500 nmethod 6396 0x0000013c0e543910 code [0x0000013c0e543ac0, 0x0000013c0e543d88]
Event: 9.820 Thread 0x0000013c5fddc230 6397       1       org.antlr.v4.runtime.atn.PredictionMode::hasSLLConflictTerminatingPrediction (109 bytes)
Event: 9.821 Thread 0x0000013c5fddc230 nmethod 6397 0x0000013c0e543f10 code [0x0000013c0e544120, 0x0000013c0e5445f8]
Event: 9.823 Thread 0x0000013c19d52880 6398   !   1       org.antlr.v4.runtime.atn.LexerActionExecutor::execute (166 bytes)
Event: 9.823 Thread 0x0000013c5f0ae500 6399       1       org.antlr.v4.runtime.atn.LexerSkipAction::execute (5 bytes)
Event: 9.823 Thread 0x0000013c5f0ae500 nmethod 6399 0x0000013c0e544910 code [0x0000013c0e544aa0, 0x0000013c0e544b78]
Event: 9.823 Thread 0x0000013c5fddc230 6400       1       org.antlr.v4.runtime.Lexer::skip (7 bytes)
Event: 9.823 Thread 0x0000013c5fddc230 nmethod 6400 0x0000013c0e544c10 code [0x0000013c0e544da0, 0x0000013c0e544e78]
Event: 9.823 Thread 0x0000013c5f0ae500 6401       1       org.antlr.v4.runtime.atn.EmptyPredictionContext::getReturnState (5 bytes)
Event: 9.823 Thread 0x0000013c5f0ae500 nmethod 6401 0x0000013c0e544f10 code [0x0000013c0e5450a0, 0x0000013c0e545178]
Event: 9.824 Thread 0x0000013c19d52880 nmethod 6398 0x0000013c0e545210 code [0x0000013c0e545400, 0x0000013c0e545918]
Event: 9.826 Thread 0x0000013c5fddc230 6402   !   1       org.antlr.v4.runtime.atn.LexerATNSimulator::addDFAState (224 bytes)
Event: 9.826 Thread 0x0000013c5f0ae500 6403       1       org.antlr.v4.runtime.atn.LexerATNSimulator::addDFAEdge (37 bytes)
Event: 9.826 Thread 0x0000013c5f0ae500 nmethod 6403 0x0000013c0e545d90 code [0x0000013c0e545f40, 0x0000013c0e5460b8]
Event: 9.827 Thread 0x0000013c5fddc230 nmethod 6402 0x0000013c0e546190 code [0x0000013c0e5463c0, 0x0000013c0e546cc8]

GC Heap History (20 events):
Event: 3.630 GC heap after
{Heap after GC invocations=4 (full 0):
 garbage-first heap   total 194560K, used 14610K [0x0000000743000000, 0x0000000800000000)
  region size 2048K, 5 young (10240K), 5 survivors (10240K)
 Metaspace       used 21254K, committed 21504K, reserved 1114112K
  class space    used 2969K, committed 3072K, reserved 1048576K
}
Event: 5.022 GC heap before
{Heap before GC invocations=5 (full 0):
 garbage-first heap   total 61440K, used 59666K [0x0000000743000000, 0x0000000800000000)
  region size 2048K, 27 young (55296K), 5 survivors (10240K)
 Metaspace       used 27823K, committed 28160K, reserved 1114112K
  class space    used 3953K, committed 4096K, reserved 1048576K
}
Event: 5.040 GC heap after
{Heap after GC invocations=6 (full 0):
 garbage-first heap   total 75776K, used 18599K [0x0000000743000000, 0x0000000800000000)
  region size 2048K, 6 young (12288K), 6 survivors (12288K)
 Metaspace       used 27823K, committed 28160K, reserved 1114112K
  class space    used 3953K, committed 4096K, reserved 1048576K
}
Event: 5.943 GC heap before
{Heap before GC invocations=6 (full 0):
 garbage-first heap   total 75776K, used 51367K [0x0000000743000000, 0x0000000800000000)
  region size 2048K, 22 young (45056K), 6 survivors (12288K)
 Metaspace       used 33031K, committed 33536K, reserved 1114112K
  class space    used 4705K, committed 4928K, reserved 1048576K
}
Event: 5.960 GC heap after
{Heap after GC invocations=7 (full 0):
 garbage-first heap   total 75776K, used 19655K [0x0000000743000000, 0x0000000800000000)
  region size 2048K, 1 young (2048K), 1 survivors (2048K)
 Metaspace       used 33031K, committed 33536K, reserved 1114112K
  class space    used 4705K, committed 4928K, reserved 1048576K
}
Event: 6.410 GC heap before
{Heap before GC invocations=7 (full 0):
 garbage-first heap   total 75776K, used 29895K [0x0000000743000000, 0x0000000800000000)
  region size 2048K, 7 young (14336K), 1 survivors (2048K)
 Metaspace       used 35694K, committed 36160K, reserved 1114112K
  class space    used 5121K, committed 5376K, reserved 1048576K
}
Event: 6.417 GC heap after
{Heap after GC invocations=8 (full 0):
 garbage-first heap   total 75776K, used 20213K [0x0000000743000000, 0x0000000800000000)
  region size 2048K, 2 young (4096K), 2 survivors (4096K)
 Metaspace       used 35694K, committed 36160K, reserved 1114112K
  class space    used 5121K, committed 5376K, reserved 1048576K
}
Event: 7.232 GC heap before
{Heap before GC invocations=9 (full 0):
 garbage-first heap   total 75776K, used 52981K [0x0000000743000000, 0x0000000800000000)
  region size 2048K, 19 young (38912K), 2 survivors (4096K)
 Metaspace       used 42977K, committed 43456K, reserved 1114112K
  class space    used 6081K, committed 6272K, reserved 1048576K
}
Event: 7.245 GC heap after
{Heap after GC invocations=10 (full 0):
 garbage-first heap   total 75776K, used 22770K [0x0000000743000000, 0x0000000800000000)
  region size 2048K, 3 young (6144K), 3 survivors (6144K)
 Metaspace       used 42977K, committed 43456K, reserved 1114112K
  class space    used 6081K, committed 6272K, reserved 1048576K
}
Event: 7.976 GC heap before
{Heap before GC invocations=11 (full 0):
 garbage-first heap   total 75776K, used 55538K [0x0000000743000000, 0x0000000800000000)
  region size 2048K, 19 young (38912K), 3 survivors (6144K)
 Metaspace       used 50110K, committed 50688K, reserved 1114112K
  class space    used 7277K, committed 7552K, reserved 1048576K
}
Event: 7.991 GC heap after
{Heap after GC invocations=12 (full 0):
 garbage-first heap   total 75776K, used 24048K [0x0000000743000000, 0x0000000800000000)
  region size 2048K, 2 young (4096K), 2 survivors (4096K)
 Metaspace       used 50110K, committed 50688K, reserved 1114112K
  class space    used 7277K, committed 7552K, reserved 1048576K
}
Event: 8.773 GC heap before
{Heap before GC invocations=12 (full 0):
 garbage-first heap   total 75776K, used 58864K [0x0000000743000000, 0x0000000800000000)
  region size 2048K, 19 young (38912K), 2 survivors (4096K)
 Metaspace       used 54651K, committed 55168K, reserved 1114112K
  class space    used 7925K, committed 8192K, reserved 1048576K
}
Event: 8.785 GC heap after
{Heap after GC invocations=13 (full 0):
 garbage-first heap   total 92160K, used 25871K [0x0000000743000000, 0x0000000800000000)
  region size 2048K, 2 young (4096K), 2 survivors (4096K)
 Metaspace       used 54651K, committed 55168K, reserved 1114112K
  class space    used 7925K, committed 8192K, reserved 1048576K
}
Event: 9.493 GC heap before
{Heap before GC invocations=13 (full 0):
 garbage-first heap   total 92160K, used 68879K [0x0000000743000000, 0x0000000800000000)
  region size 2048K, 23 young (47104K), 2 survivors (4096K)
 Metaspace       used 60932K, committed 61504K, reserved 1114112K
  class space    used 9054K, committed 9344K, reserved 1048576K
}
Event: 9.513 GC heap after
{Heap after GC invocations=14 (full 0):
 garbage-first heap   total 92160K, used 30159K [0x0000000743000000, 0x0000000800000000)
  region size 2048K, 3 young (6144K), 3 survivors (6144K)
 Metaspace       used 60932K, committed 61504K, reserved 1114112K
  class space    used 9054K, committed 9344K, reserved 1048576K
}
Event: 9.715 GC heap before
{Heap before GC invocations=14 (full 0):
 garbage-first heap   total 92160K, used 71119K [0x0000000743000000, 0x0000000800000000)
  region size 2048K, 23 young (47104K), 3 survivors (6144K)
 Metaspace       used 62243K, committed 62784K, reserved 1114112K
  class space    used 9227K, committed 9472K, reserved 1048576K
}
Event: 9.736 GC heap after
{Heap after GC invocations=15 (full 0):
 garbage-first heap   total 92160K, used 32028K [0x0000000743000000, 0x0000000800000000)
  region size 2048K, 1 young (2048K), 1 survivors (2048K)
 Metaspace       used 62243K, committed 62784K, reserved 1114112K
  class space    used 9227K, committed 9472K, reserved 1048576K
}
Event: 9.847 GC heap before
{Heap before GC invocations=15 (full 0):
 garbage-first heap   total 92160K, used 70940K [0x0000000743000000, 0x0000000800000000)
  region size 2048K, 20 young (40960K), 1 survivors (2048K)
 Metaspace       used 62263K, committed 62784K, reserved 1114112K
  class space    used 9230K, committed 9472K, reserved 1048576K
}
Event: 9.858 GC heap after
{Heap after GC invocations=16 (full 0):
 garbage-first heap   total 92160K, used 33987K [0x0000000743000000, 0x0000000800000000)
  region size 2048K, 2 young (4096K), 2 survivors (4096K)
 Metaspace       used 62263K, committed 62784K, reserved 1114112K
  class space    used 9230K, committed 9472K, reserved 1048576K
}
Event: 9.948 GC heap before
{Heap before GC invocations=16 (full 0):
 garbage-first heap   total 92160K, used 70851K [0x0000000743000000, 0x0000000800000000)
  region size 2048K, 20 young (40960K), 2 survivors (4096K)
 Metaspace       used 62264K, committed 62784K, reserved 1114112K
  class space    used 9230K, committed 9472K, reserved 1048576K
}

Dll operation events (13 events):
Event: 0.013 Loaded shared library C:\Users\Nethmi Gunasekara\.jdks\ms-17.0.19\bin\java.dll
Event: 0.039 Loaded shared library C:\Users\Nethmi Gunasekara\.jdks\ms-17.0.19\bin\jsvml.dll
Event: 0.219 Loaded shared library C:\Users\Nethmi Gunasekara\.jdks\ms-17.0.19\bin\zip.dll
Event: 0.225 Loaded shared library C:\Users\Nethmi Gunasekara\.jdks\ms-17.0.19\bin\instrument.dll
Event: 0.236 Loaded shared library C:\Users\Nethmi Gunasekara\.jdks\ms-17.0.19\bin\net.dll
Event: 0.239 Loaded shared library C:\Users\Nethmi Gunasekara\.jdks\ms-17.0.19\bin\nio.dll
Event: 0.242 Loaded shared library C:\Users\Nethmi Gunasekara\.jdks\ms-17.0.19\bin\zip.dll
Event: 0.534 Loaded shared library C:\Users\Nethmi Gunasekara\.jdks\ms-17.0.19\bin\extnet.dll
Event: 0.579 Loaded shared library C:\Users\Nethmi Gunasekara\.jdks\ms-17.0.19\bin\jimage.dll
Event: 0.989 Loaded shared library C:\Users\Nethmi Gunasekara\.jdks\ms-17.0.19\bin\management.dll
Event: 0.992 Loaded shared library C:\Users\Nethmi Gunasekara\.jdks\ms-17.0.19\bin\management_ext.dll
Event: 2.714 Loaded shared library C:\Users\Nethmi Gunasekara\.jdks\ms-17.0.19\bin\sunmscapi.dll
Event: 5.965 Loaded shared library C:\Users\Nethmi Gunasekara\.jdks\ms-17.0.19\bin\verify.dll

Deoptimization events (10 events):
Event: 5.330 Thread 0x0000013c5f8f59a0 DEOPT PACKING pc=0x0000013c0dd55e89 sp=0x00000009d0ffe2d0
Event: 5.330 Thread 0x0000013c5f8f59a0 DEOPT UNPACKING pc=0x0000013c0d977143 sp=0x00000009d0ffd760 mode 3
Event: 5.330 Thread 0x0000013c603a3b60 DEOPT PACKING pc=0x0000013c0dd49c1f sp=0x00000009d10fed00
Event: 5.330 Thread 0x0000013c603a3b60 DEOPT UNPACKING pc=0x0000013c0d977143 sp=0x00000009d10fe158 mode 3
Event: 7.934 Thread 0x0000013c5f8f59a0 DEOPT PACKING pc=0x0000013c0e2de774 sp=0x00000009d0ffc320
Event: 7.934 Thread 0x0000013c5f8f59a0 DEOPT UNPACKING pc=0x0000013c0d977143 sp=0x00000009d0ffb7a8 mode 0
Event: 8.807 Thread 0x0000013c5f8f59a0 DEOPT PACKING pc=0x0000013c0deb3d52 sp=0x00000009d0ffc640
Event: 8.807 Thread 0x0000013c5f8f59a0 DEOPT UNPACKING pc=0x0000013c0d977143 sp=0x00000009d0ffbb48 mode 3
Event: 8.905 Thread 0x0000013c5f8f59a0 DEOPT PACKING pc=0x0000013c0dd7d9cc sp=0x00000009d0ffcaa0
Event: 8.905 Thread 0x0000013c5f8f59a0 DEOPT UNPACKING pc=0x0000013c0d977143 sp=0x00000009d0ffbff8 mode 0

Classes loaded (20 events):
Event: 9.046 Loading class java/util/regex/Pattern$LookBehindEndNode
Event: 9.046 Loading class java/util/regex/Pattern$LookBehindEndNode done
Event: 9.046 Loading class java/util/regex/Pattern$Behind
Event: 9.046 Loading class java/util/regex/Pattern$Behind done
Event: 9.074 Loading class java/util/regex/Pattern$SliceU
Event: 9.074 Loading class java/util/regex/Pattern$SliceU done
Event: 9.074 Loading class java/util/regex/Pattern$Bound
Event: 9.074 Loading class java/util/regex/Pattern$Bound done
Event: 9.074 Loading class java/util/regex/Pattern$SliceI
Event: 9.075 Loading class java/util/regex/Pattern$SliceI done
Event: 9.076 Loading class java/util/regex/Pattern$NotBehind
Event: 9.076 Loading class java/util/regex/Pattern$NotBehind done
Event: 9.135 Loading class java/util/EmptyStackException
Event: 9.135 Loading class java/util/EmptyStackException done
Event: 9.142 Loading class java/io/InvalidClassException
Event: 9.142 Loading class java/io/InvalidClassException done
Event: 9.153 Loading class java/util/ArrayList$ListItr
Event: 9.153 Loading class java/util/ArrayList$ListItr done
Event: 9.749 Loading class java/lang/invoke/MethodHandleImpl$CountingWrapper$1
Event: 9.749 Loading class java/lang/invoke/MethodHandleImpl$CountingWrapper$1 done

Classes unloaded (0 events):
No events

Classes redefined (0 events):
No events

Internal exceptions (20 events):
Event: 8.461 Thread 0x0000013c5f8f59a0 Exception <a 'java/lang/NoSuchMethodError'{0x00000007460305e0}: 'java.lang.Object java.lang.invoke.DirectMethodHandle$Holder.invokeSpecial(java.lang.Object, java.lang.Object, java.lang.Object, java.lang.Object, java.lang.Object, java.lang.Object, java.lang.Object, java.lang.Object, int)'> (0x00000007460305e0) 
thrown [s\src\hotspot\share\interpreter\linkResolver.cpp, line 759]
Event: 8.461 Thread 0x0000013c5f8f59a0 Exception <a 'java/lang/NoSuchMethodError'{0x00000007460350a8}: 'java.lang.Object java.lang.invoke.Invokers$Holder.linkToTargetMethod(java.lang.Object, java.lang.Object, java.lang.Object, java.lang.Object, java.lang.Object, java.lang.Object, int, java.lang.Object)'> (0x00000007460350a8) 
thrown [s\src\hotspot\share\interpreter\linkResolver.cpp, line 759]
Event: 8.480 Thread 0x0000013c5f8f59a0 Exception <a 'java/lang/NoSuchMethodError'{0x000000074612a4a0}: 'void java.lang.invoke.DirectMethodHandle$Holder.invokeInterface(java.lang.Object, java.lang.Object)'> (0x000000074612a4a0) 
thrown [s\src\hotspot\share\interpreter\linkResolver.cpp, line 759]
Event: 8.617 Thread 0x0000013c5f8f59a0 Exception <a 'java/lang/NoSuchMethodError'{0x0000000745a32308}: 'java.lang.Object java.lang.invoke.DirectMethodHandle$Holder.invokeSpecial(java.lang.Object, java.lang.Object, int, java.lang.Object, int)'> (0x0000000745a32308) 
thrown [s\src\hotspot\share\interpreter\linkResolver.cpp, line 759]
Event: 8.758 Thread 0x0000013c5f8f59a0 Exception <a 'java/lang/IncompatibleClassChangeError'{0x000000074537fdd8}: Found class java.lang.Object, but interface was expected> (0x000000074537fdd8) 
thrown [s\src\hotspot\share\interpreter\linkResolver.cpp, line 826]
Event: 8.787 Thread 0x0000013c5f8f59a0 Exception <a 'java/lang/IncompatibleClassChangeError'{0x000000074ec16650}: Found class java.lang.Object, but interface was expected> (0x000000074ec16650) 
thrown [s\src\hotspot\share\interpreter\linkResolver.cpp, line 826]
Event: 8.819 Thread 0x0000013c5f8f59a0 Exception <a 'java/lang/IncompatibleClassChangeError'{0x000000074edb05b8}: Found class java.lang.Object, but interface was expected> (0x000000074edb05b8) 
thrown [s\src\hotspot\share\interpreter\linkResolver.cpp, line 826]
Event: 8.986 Thread 0x0000013c5f8f59a0 Exception <a 'java/lang/IncompatibleClassChangeError'{0x0000000748c76ca0}: Found class java.lang.Object, but interface was expected> (0x0000000748c76ca0) 
thrown [s\src\hotspot\share\interpreter\linkResolver.cpp, line 826]
Event: 9.028 Thread 0x0000013c5f8f59a0 Exception <a 'java/lang/reflect/InvocationTargetException'{0x0000000747b20060}> (0x0000000747b20060) 
thrown [s\src\hotspot\share\runtime\reflection.cpp, line 1128]
Event: 9.037 Thread 0x0000013c5f8f59a0 Exception <a 'java/lang/NoSuchMethodError'{0x0000000747b8c5c0}: 'int java.lang.invoke.DirectMethodHandle$Holder.invokeStatic(java.lang.Object, java.lang.Object, int)'> (0x0000000747b8c5c0) 
thrown [s\src\hotspot\share\interpreter\linkResolver.cpp, line 759]
Event: 9.048 Thread 0x0000013c5f8f59a0 Exception <a 'java/lang/IncompatibleClassChangeError'{0x0000000747bf9748}: Found class java.lang.Object, but interface was expected> (0x0000000747bf9748) 
thrown [s\src\hotspot\share\interpreter\linkResolver.cpp, line 826]
Event: 9.094 Thread 0x0000013c5f8f59a0 Exception <a 'java/lang/NoSuchMethodError'{0x00000007479d9630}: 'java.lang.Object java.lang.invoke.DirectMethodHandle$Holder.invokeStatic(java.lang.Object, int, java.lang.Object)'> (0x00000007479d9630) 
thrown [s\src\hotspot\share\interpreter\linkResolver.cpp, line 759]
Event: 9.100 Thread 0x0000013c5f8f59a0 Exception <a 'java/lang/reflect/InvocationTargetException'{0x0000000747622d40}> (0x0000000747622d40) 
thrown [s\src\hotspot\share\runtime\reflection.cpp, line 1128]
Event: 9.106 Thread 0x0000013c5f8f59a0 Exception <a 'java/lang/reflect/InvocationTargetException'{0x0000000747633c60}> (0x0000000747633c60) 
thrown [s\src\hotspot\share\runtime\reflection.cpp, line 1128]
Event: 9.107 Thread 0x0000013c5f8f59a0 Exception <a 'java/lang/reflect/InvocationTargetException'{0x000000074763f5c0}> (0x000000074763f5c0) 
thrown [s\src\hotspot\share\runtime\reflection.cpp, line 1128]
Event: 9.324 Thread 0x0000013c5f8f59a0 Exception <a 'java/lang/reflect/InvocationTargetException'{0x00000007469b7138}> (0x00000007469b7138) 
thrown [s\src\hotspot\share\runtime\reflection.cpp, line 1128]
Event: 9.613 Thread 0x0000013c5f8f59a0 Exception <a 'java/lang/reflect/InvocationTargetException'{0x00000007479fdb90}> (0x00000007479fdb90) 
thrown [s\src\hotspot\share\runtime\reflection.cpp, line 1128]
Event: 9.638 Thread 0x0000013c5f8f59a0 Exception <a 'java/lang/reflect/InvocationTargetException'{0x00000007472a8368}> (0x00000007472a8368) 
thrown [s\src\hotspot\share\runtime\reflection.cpp, line 1128]
Event: 9.704 Thread 0x0000013c5f8f59a0 Exception <a 'java/lang/reflect/InvocationTargetException'{0x0000000746263498}> (0x0000000746263498) 
thrown [s\src\hotspot\share\runtime\reflection.cpp, line 1128]
Event: 9.792 Thread 0x0000013c5f8f59a0 Exception <a 'java/lang/reflect/InvocationTargetException'{0x0000000747295b58}> (0x0000000747295b58) 
thrown [s\src\hotspot\share\runtime\reflection.cpp, line 1128]

VM Operations (20 events):
Event: 9.000 Executing VM operation: HandshakeAllThreads done
Event: 9.000 Executing VM operation: HandshakeAllThreads
Event: 9.000 Executing VM operation: HandshakeAllThreads done
Event: 9.154 Executing VM operation: HandshakeAllThreads
Event: 9.154 Executing VM operation: HandshakeAllThreads done
Event: 9.158 Executing VM operation: HandshakeAllThreads
Event: 9.158 Executing VM operation: HandshakeAllThreads done
Event: 9.282 Executing VM operation: ICBufferFull
Event: 9.282 Executing VM operation: ICBufferFull done
Event: 9.290 Executing VM operation: HandshakeAllThreads
Event: 9.290 Executing VM operation: HandshakeAllThreads done
Event: 9.493 Executing VM operation: G1CollectForAllocation
Event: 9.513 Executing VM operation: G1CollectForAllocation done
Event: 9.587 Executing VM operation: HandshakeAllThreads
Event: 9.587 Executing VM operation: HandshakeAllThreads done
Event: 9.715 Executing VM operation: G1CollectForAllocation
Event: 9.736 Executing VM operation: G1CollectForAllocation done
Event: 9.847 Executing VM operation: G1CollectForAllocation
Event: 9.858 Executing VM operation: G1CollectForAllocation done
Event: 9.948 Executing VM operation: G1CollectForAllocation

Memory protections (0 events):
No events

Nmethod flushes (0 events):
No events

Events (20 events):
Event: 0.055 Thread 0x0000013c05d97130 Thread added: 0x0000013c19d51f00
Event: 0.055 Thread 0x0000013c05d97130 Thread added: 0x0000013c19d52880
Event: 0.056 Thread 0x0000013c05d97130 Thread added: 0x0000013c19d551a0
Event: 0.172 Thread 0x0000013c05d97130 Thread added: 0x0000013c5f0a45c0
Event: 0.186 Thread 0x0000013c19d52880 Thread added: 0x0000013c5f0ae500
Event: 0.490 Thread 0x0000013c05d97130 Thread added: 0x0000013c5f46c2d0
Event: 0.490 Thread 0x0000013c05d97130 Thread added: 0x0000013c5f46ca20
Event: 1.077 Thread 0x0000013c05d97130 Thread added: 0x0000013c5f93f4f0
Event: 1.081 Thread 0x0000013c5f93f4f0 Thread added: 0x0000013c5f8f59a0
Event: 1.659 Thread 0x0000013c5f8f59a0 Thread added: 0x0000013c5fa8c980
Event: 2.292 Thread 0x0000013c19d52880 Thread added: 0x0000013c5fddc230
Event: 2.518 Thread 0x0000013c5f8f59a0 Thread added: 0x0000013c5ff5f890
Event: 2.621 Thread 0x0000013c5ff5f890 Thread exited: 0x0000013c5ff5f890
Event: 2.728 Thread 0x0000013c5fa8c980 Thread exited: 0x0000013c5fa8c980
Event: 5.327 Thread 0x0000013c5f8f59a0 Thread added: 0x0000013c603a3b60
Event: 5.328 Thread 0x0000013c603a3b60 Thread added: 0x0000013c6046ffd0
Event: 5.334 Thread 0x0000013c5f8f59a0 Thread added: 0x0000013c6047e540
Event: 5.364 Thread 0x0000013c5f8f59a0 Thread added: 0x0000013c5ff66730
Event: 6.644 Thread 0x0000013c5f8f59a0 Thread added: 0x0000013c5ff66220
Event: 6.748 Thread 0x0000013c5ff66220 Thread added: 0x0000013c5ff65800


Dynamic libraries:
0x00007ff666900000 - 0x00007ff66690e000 	C:\Users\Nethmi Gunasekara\.jdks\ms-17.0.19\bin\java.exe
0x00007ffc58790000 - 0x00007ffc589a7000 	C:\WINDOWS\SYSTEM32\ntdll.dll
0x00007ffc577a0000 - 0x00007ffc57864000 	C:\WINDOWS\System32\KERNEL32.DLL
0x00007ffc55c50000 - 0x00007ffc56021000 	C:\WINDOWS\System32\KERNELBASE.dll
0x00007ffc56220000 - 0x00007ffc56331000 	C:\WINDOWS\System32\ucrtbase.dll
0x00007ffc42ec0000 - 0x00007ffc42ed8000 	C:\Users\Nethmi Gunasekara\.jdks\ms-17.0.19\bin\jli.dll
0x00007ffc12440000 - 0x00007ffc1245e000 	C:\Users\Nethmi Gunasekara\.jdks\ms-17.0.19\bin\VCRUNTIME140.dll
0x00007ffc582d0000 - 0x00007ffc58481000 	C:\WINDOWS\System32\USER32.dll
0x00007ffc56030000 - 0x00007ffc56056000 	C:\WINDOWS\System32\win32u.dll
0x00007ffc56a90000 - 0x00007ffc56ab9000 	C:\WINDOWS\System32\GDI32.dll
0x00007ffc3b9f0000 - 0x00007ffc3bc82000 	C:\WINDOWS\WinSxS\amd64_microsoft.windows.common-controls_6595b64144ccf1df_6.0.22621.4830_none_270fe7d773858e80\COMCTL32.dll
0x00007ffc56340000 - 0x00007ffc5645b000 	C:\WINDOWS\System32\gdi32full.dll
0x00007ffc55bb0000 - 0x00007ffc55c4a000 	C:\WINDOWS\System32\msvcp_win.dll
0x00007ffc57e90000 - 0x00007ffc57f37000 	C:\WINDOWS\System32\msvcrt.dll
0x00007ffc565d0000 - 0x00007ffc56601000 	C:\WINDOWS\System32\IMM32.DLL
0x00007ffc42eb0000 - 0x00007ffc42ebc000 	C:\Users\Nethmi Gunasekara\.jdks\ms-17.0.19\bin\vcruntime140_1.dll
0x00007ffbecd60000 - 0x00007ffbecde9000 	C:\Users\Nethmi Gunasekara\.jdks\ms-17.0.19\bin\msvcp140.dll
0x00007ffbd5270000 - 0x00007ffbd5eeb000 	C:\Users\Nethmi Gunasekara\.jdks\ms-17.0.19\bin\server\jvm.dll
0x00007ffc57c30000 - 0x00007ffc57ce1000 	C:\WINDOWS\System32\ADVAPI32.dll
0x00007ffc585b0000 - 0x00007ffc58657000 	C:\WINDOWS\System32\sechost.dll
0x00007ffc55a10000 - 0x00007ffc55a38000 	C:\WINDOWS\System32\bcrypt.dll
0x00007ffc58490000 - 0x00007ffc585a4000 	C:\WINDOWS\System32\RPCRT4.dll
0x00007ffc57a40000 - 0x00007ffc57ab1000 	C:\WINDOWS\System32\WS2_32.dll
0x00007ffc557b0000 - 0x00007ffc557fd000 	C:\WINDOWS\SYSTEM32\POWRPROF.dll
0x00007ffc4e850000 - 0x00007ffc4e884000 	C:\WINDOWS\SYSTEM32\WINMM.dll
0x00007ffc4dea0000 - 0x00007ffc4deaa000 	C:\WINDOWS\SYSTEM32\VERSION.dll
0x00007ffc55790000 - 0x00007ffc557a3000 	C:\WINDOWS\SYSTEM32\UMPDC.dll
0x00007ffc54880000 - 0x00007ffc54898000 	C:\WINDOWS\SYSTEM32\kernel.appcore.dll
0x00007ffc29520000 - 0x00007ffc2952a000 	C:\Users\Nethmi Gunasekara\.jdks\ms-17.0.19\bin\jimage.dll
0x00007ffc532e0000 - 0x00007ffc53512000 	C:\WINDOWS\SYSTEM32\DBGHELP.DLL
0x00007ffc57f40000 - 0x00007ffc582d0000 	C:\WINDOWS\System32\combase.dll
0x00007ffc58670000 - 0x00007ffc58747000 	C:\WINDOWS\System32\OLEAUT32.dll
0x00007ffc37360000 - 0x00007ffc37392000 	C:\WINDOWS\SYSTEM32\dbgcore.DLL
0x00007ffc56060000 - 0x00007ffc560db000 	C:\WINDOWS\System32\bcryptPrimitives.dll
0x00007ffc51cd0000 - 0x00007ffc51cdf000 	C:\Users\Nethmi Gunasekara\.jdks\ms-17.0.19\bin\instrument.dll
0x00007ffc12360000 - 0x00007ffc12386000 	C:\Users\Nethmi Gunasekara\.jdks\ms-17.0.19\bin\java.dll
0x00007ffbebca0000 - 0x00007ffbebd76000 	C:\Users\Nethmi Gunasekara\.jdks\ms-17.0.19\bin\jsvml.dll
0x00007ffc56d10000 - 0x00007ffc57598000 	C:\WINDOWS\System32\SHELL32.dll
0x00007ffc560e0000 - 0x00007ffc5621f000 	C:\WINDOWS\System32\wintypes.dll
0x00007ffc536b0000 - 0x00007ffc53fbd000 	C:\WINDOWS\SYSTEM32\windows.storage.dll
0x00007ffc57600000 - 0x00007ffc5770a000 	C:\WINDOWS\System32\SHCORE.dll
0x00007ffc57d80000 - 0x00007ffc57dde000 	C:\WINDOWS\System32\shlwapi.dll
0x00007ffc55800000 - 0x00007ffc5582b000 	C:\WINDOWS\SYSTEM32\profapi.dll
0x00007ffbed090000 - 0x00007ffbed0a8000 	C:\Users\Nethmi Gunasekara\.jdks\ms-17.0.19\bin\zip.dll
0x00007ffc12420000 - 0x00007ffc1243b000 	C:\Users\Nethmi Gunasekara\.jdks\ms-17.0.19\bin\net.dll
0x00007ffc4f030000 - 0x00007ffc4f15c000 	C:\WINDOWS\SYSTEM32\WINHTTP.dll
0x00007ffc54d40000 - 0x00007ffc54daa000 	C:\WINDOWS\system32\mswsock.dll
0x00007ffc12340000 - 0x00007ffc12356000 	C:\Users\Nethmi Gunasekara\.jdks\ms-17.0.19\bin\nio.dll
0x00007ffc189d0000 - 0x00007ffc189d9000 	C:\Users\Nethmi Gunasekara\.jdks\ms-17.0.19\bin\extnet.dll
0x00007ffc51cc0000 - 0x00007ffc51cca000 	C:\Users\Nethmi Gunasekara\.jdks\ms-17.0.19\bin\management.dll
0x00007ffc51c70000 - 0x00007ffc51c7c000 	C:\Users\Nethmi Gunasekara\.jdks\ms-17.0.19\bin\management_ext.dll
0x00007ffc56ac0000 - 0x00007ffc56ac8000 	C:\WINDOWS\System32\PSAPI.DLL
0x00007ffc51c60000 - 0x00007ffc51c6e000 	C:\Users\Nethmi Gunasekara\.jdks\ms-17.0.19\bin\sunmscapi.dll
0x00007ffc55a40000 - 0x00007ffc55ba6000 	C:\WINDOWS\System32\CRYPT32.dll
0x00007ffc551a0000 - 0x00007ffc551cd000 	C:\WINDOWS\SYSTEM32\ncrypt.dll
0x00007ffc55160000 - 0x00007ffc55197000 	C:\WINDOWS\SYSTEM32\NTASN1.dll
0x00007ffc54fe0000 - 0x00007ffc54ffb000 	C:\WINDOWS\SYSTEM32\CRYPTSP.dll
0x00007ffc54840000 - 0x00007ffc54877000 	C:\WINDOWS\system32\rsaenh.dll
0x00007ffc54de0000 - 0x00007ffc54e08000 	C:\WINDOWS\SYSTEM32\USERENV.dll
0x00007ffc54f40000 - 0x00007ffc54f4c000 	C:\WINDOWS\SYSTEM32\CRYPTBASE.dll
0x00007ffc54350000 - 0x00007ffc5437d000 	C:\WINDOWS\SYSTEM32\IPHLPAPI.DLL
0x00007ffc575f0000 - 0x00007ffc575f9000 	C:\WINDOWS\System32\NSI.dll
0x00007ffc4f1f0000 - 0x00007ffc4f209000 	C:\WINDOWS\SYSTEM32\dhcpcsvc6.DLL
0x00007ffc4ee10000 - 0x00007ffc4ee2f000 	C:\WINDOWS\SYSTEM32\dhcpcsvc.DLL
0x00007ffc54380000 - 0x00007ffc54482000 	C:\WINDOWS\SYSTEM32\DNSAPI.dll
0x00007ffbf3890000 - 0x00007ffbf38a0000 	C:\Users\Nethmi Gunasekara\.jdks\ms-17.0.19\bin\verify.dll
0x00007ffc51f30000 - 0x00007ffc51f3a000 	C:\Windows\System32\rasadhlp.dll
0x00007ffc4e310000 - 0x00007ffc4e393000 	C:\WINDOWS\System32\fwpuclnt.dll

dbghelp: loaded successfully - version: 4.0.5 - missing functions: none
symbol engine: initialized successfully - sym options: 0x614 - pdb path: .;C:\Users\Nethmi Gunasekara\.jdks\ms-17.0.19\bin;C:\WINDOWS\SYSTEM32;C:\WINDOWS\WinSxS\amd64_microsoft.windows.common-controls_6595b64144ccf1df_6.0.22621.4830_none_270fe7d773858e80;C:\Users\Nethmi Gunasekara\.jdks\ms-17.0.19\bin\server

VM Arguments:
jvm_args: -XX:TieredStopAtLevel=1 -Dspring.output.ansi.enabled=always -javaagent:C:\Program Files\JetBrains\IntelliJ IDEA 2026.1.1\lib\idea_rt.jar=63917 -Dfile.encoding=UTF-8 
java_command: com.project.beautysalon.BeautySalonApplication
java_class_path (initial): C:\Users\Nethmi Gunasekara\OneDrive\Documents\BeautySalon\BeautySalon\target\classes;C:\Users\Nethmi Gunasekara\.m2\repository\org\springframework\boot\spring-boot-starter-web\3.2.5\spring-boot-starter-web-3.2.5.jar;C:\Users\Nethmi Gunasekara\.m2\repository\org\springframework\boot\spring-boot-starter\3.2.5\spring-boot-starter-3.2.5.jar;C:\Users\Nethmi Gunasekara\.m2\repository\org\springframework\boot\spring-boot-starter-logging\3.2.5\spring-boot-starter-logging-3.2.5.jar;C:\Users\Nethmi Gunasekara\.m2\repository\ch\qos\logback\logback-classic\1.4.14\logback-classic-1.4.14.jar;C:\Users\Nethmi Gunasekara\.m2\repository\ch\qos\logback\logback-core\1.4.14\logback-core-1.4.14.jar;C:\Users\Nethmi Gunasekara\.m2\repository\org\apache\logging\log4j\log4j-to-slf4j\2.21.1\log4j-to-slf4j-2.21.1.jar;C:\Users\Nethmi Gunasekara\.m2\repository\org\apache\logging\log4j\log4j-api\2.21.1\log4j-api-2.21.1.jar;C:\Users\Nethmi Gunasekara\.m2\repository\org\slf4j\jul-to-slf4j\2.0.13\jul-to-slf4j-2.0.13.jar;C:\Users\Nethmi Gunasekara\.m2\repository\jakarta\annotation\jakarta.annotation-api\2.1.1\jakarta.annotation-api-2.1.1.jar;C:\Users\Nethmi Gunasekara\.m2\repository\org\yaml\snakeyaml\2.2\snakeyaml-2.2.jar;C:\Users\Nethmi Gunasekara\.m2\repository\org\springframework\boot\spring-boot-starter-json\3.2.5\spring-boot-starter-json-3.2.5.jar;C:\Users\Nethmi Gunasekara\.m2\repository\com\fasterxml\jackson\datatype\jackson-datatype-jdk8\2.15.4\jackson-datatype-jdk8-2.15.4.jar;C:\Users\Nethmi Gunasekara\.m2\repository\com\fasterxml\jackson\datatype\jackson-datatype-jsr310\2.15.4\jackson-datatype-jsr310-2.15.4.jar;C:\Users\Nethmi Gunasekara\.m2\repository\com\fasterxml\jackson\module\jackson-module-parameter-names\2.15.4\jackson-module-parameter-names-2.15.4.jar;C:\Users\Nethmi Gunasekara\.m2\repository\org\springframework\boot\spring-boot-starter-tomcat\3.2.5\spring-boot-starter-tomcat-3.2.5.jar;C:\Users\Nethmi Gunasekara\.m2\repository\org\apache\tomcat\embed\to
Launcher Type: SUN_STANDARD

[Global flags]
     intx CICompilerCount                          = 3                                         {product} {ergonomic}
     uint ConcGCThreads                            = 1                                         {product} {ergonomic}
     uint G1ConcRefinementThreads                  = 4                                         {product} {ergonomic}
   size_t G1HeapRegionSize                         = 2097152                                   {product} {ergonomic}
    uintx GCDrainStackTargetSize                   = 64                                        {product} {ergonomic}
   size_t InitialHeapSize                          = 199229440                                 {product} {ergonomic}
   size_t MarkStackSize                            = 4194304                                   {product} {ergonomic}
   size_t MaxHeapSize                              = 3170893824                                {product} {ergonomic}
   size_t MaxNewSize                               = 1902116864                                {product} {ergonomic}
   size_t MinHeapDeltaBytes                        = 2097152                                   {product} {ergonomic}
   size_t MinHeapSize                              = 8388608                                   {product} {ergonomic}
    uintx NonProfiledCodeHeapSize                  = 0                                      {pd product} {ergonomic}
     bool ProfileInterpreter                       = false                                  {pd product} {command line}
    uintx ProfiledCodeHeapSize                     = 0                                      {pd product} {ergonomic}
   size_t SoftMaxHeapSize                          = 3170893824                             {manageable} {ergonomic}
     intx TieredStopAtLevel                        = 1                                         {product} {command line}
     bool UseCompressedClassPointers               = true                           {product lp64_product} {ergonomic}
     bool UseCompressedOops                        = true                           {product lp64_product} {ergonomic}
     bool UseG1GC                                  = true                                      {product} {ergonomic}
     bool UseLargePagesIndividualAllocation        = false                                  {pd product} {ergonomic}

Logging:
Log output configuration:
 #0: stdout all=warning uptime,level,tags
 #1: stderr all=off uptime,level,tags

Environment Variables:
PATH=C:\Program Files\Common Files\Oracle\Java\javapath;C:\WINDOWS\system32;C:\WINDOWS;C:\WINDOWS\System32\Wbem;C:\WINDOWS\System32\WindowsPowerShell\v1.0\;C:\WINDOWS\System32\OpenSSH\;C:\Program Files (x86)\Windows Kits\10\Windows Performance Toolkit\;C:\Program Files\Git\cmd;C:\Program Files\MySQL\MySQL Shell 8.0\bin\;C:\Users\Nethmi Gunasekara\AppData\Local\Programs\Python\Launcher\;C:\Users\Nethmi Gunasekara\AppData\Local\Microsoft\WindowsApps;C:\Users\Nethmi Gunasekara\AppData\Local\Programs\Microsoft VS Code\bin;C:\Program Files\JetBrains\IntelliJ IDEA 2026.1.1\bin;C:\Users\Nethmi Gunasekara\AppData\Local\GitHubDesktop\bin
USERNAME=Nethmi Gunasekara
OS=Windows_NT
PROCESSOR_IDENTIFIER=Intel64 Family 6 Model 166 Stepping 0, GenuineIntel
TMP=C:\Users\NETHMI~1\AppData\Local\Temp
TEMP=C:\Users\NETHMI~1\AppData\Local\Temp



Periodic native trim disabled


---------------  S Y S T E M  ---------------

OS:
 Windows 11 , 64 bit Build 22621 (10.0.22621.4974)
OS uptime: 0 days 17:40 hours
Hyper-V role detected

CPU: total 4 (initial active 4) (2 cores per cpu, 2 threads per core) family 6 model 166 stepping 0 microcode 0xe0, cx8, cmov, fxsr, ht, mmx, 3dnowpref, sse, sse2, sse3, ssse3, sse4.1, sse4.2, popcnt, lzcnt, tsc, tscinvbit, avx, avx2, aes, erms, clmul, bmi1, bmi2, adx, fma, vzeroupper, clflush, clflushopt, hv
Processor Information for processor 0
  Max Mhz: 2592, Current Mhz: 1495, Mhz Limit: 2073
Processor Information for processor 1
  Max Mhz: 2592, Current Mhz: 1495, Mhz Limit: 2073
Processor Information for processor 2
  Max Mhz: 2592, Current Mhz: 1495, Mhz Limit: 2073
Processor Information for processor 3
  Max Mhz: 2592, Current Mhz: 2093, Mhz Limit: 2073

Memory: 4k page, system-wide physical 12092M (2494M free)
TotalPageFile size 12092M (AvailPageFile size 15M)
current process WorkingSet (physical memory assigned to process): 233M, peak: 233M
current process commit charge ("private bytes"): 265M, peak: 304M

vm_info: OpenJDK 64-Bit Server VM (17.0.19+10-LTS) for windows-amd64 JRE (17.0.19+10-LTS), built on Apr 18 2026 18:24:40 by "MicrosoftCorporation" with MS VC++ 17.14 (VS2022)

END.
