#
# There is insufficient memory for the Java Runtime Environment to continue.
# Native memory allocation (mmap) failed to map 50331648 bytes. Error detail: G1 virtual space
# Possible reasons:
#   The system is out of physical RAM or swap space
#   This process is running with CompressedOops enabled, and the Java Heap may be blocking the growth of the native heap
# Possible solutions:
#   Reduce memory load on the system
#   Increase physical memory or swap space
#   Check if swap backing store is full
#   Decrease Java heap size (-Xmx/-Xms)
#   Decrease number of Java threads
#   Decrease Java thread stack sizes (-Xss)
#   Set larger code cache with -XX:ReservedCodeCacheSize=
#   JVM is running with Zero Based Compressed Oops mode in which the Java heap is
#     placed in the first 32GB address space. The Java Heap base address is the
#     maximum limit for the native heap growth. Please use -XX:HeapBaseMinAddress
#     to set the Java Heap base and to place the Java Heap above 32GB virtual address.
# This output file may be truncated or incomplete.
#
#  Out of Memory Error (os_windows.cpp:3690), pid=18740, tid=11308
#
# JRE version: OpenJDK Runtime Environment Microsoft-13877129 (17.0.19+10) (build 17.0.19+10-LTS)
# Java VM: OpenJDK 64-Bit Server VM Microsoft-13877129 (17.0.19+10-LTS, mixed mode, sharing, tiered, compressed oops, compressed class ptrs, g1 gc, windows-amd64)
# No core dump will be written. Minidumps are not enabled by default on client versions of Windows
#

---------------  S U M M A R Y ------------

Command Line: -javaagent:C:\Program Files\JetBrains\IntelliJ IDEA 2026.1.1\lib\idea_rt.jar=62998 -Dfile.encoding=UTF-8 com.project.beautysalon.BeautySalonApplication

Host: Intel(R) Core(TM) i3-10110U CPU @ 2.10GHz, 4 cores, 11G,  Windows 11 , 64 bit Build 22621 (10.0.22621.4974)
Time: Sat May 16 15:11:45 2026 Malay Peninsula Standard Time elapsed time: 11.864274 seconds (0d 0h 0m 11s)

---------------  T H R E A D  ---------------

Current thread (0x000001c0665d0930):  VMThread "VM Thread" [stack: 0x0000002e49700000,0x0000002e49800000] [id=11308]

Stack: [0x0000002e49700000,0x0000002e49800000]
Native frames: (J=compiled Java code, j=interpreted, Vv=VM code, C=native code)
V  [jvm.dll+0x68cc89]  (no source info available)
V  [jvm.dll+0x845d89]  (no source info available)
V  [jvm.dll+0x847af8]  (no source info available)
V  [jvm.dll+0x848183]  (no source info available)
V  [jvm.dll+0x24d0bf]  (no source info available)
V  [jvm.dll+0x68c089]  (no source info available)
V  [jvm.dll+0x68064a]  (no source info available)
V  [jvm.dll+0x3102f0]  (no source info available)
V  [jvm.dll+0x310192]  (no source info available)
V  [jvm.dll+0x317709]  (no source info available)
V  [jvm.dll+0x369b09]  (no source info available)
V  [jvm.dll+0x369d3d]  (no source info available)
V  [jvm.dll+0x2e6afa]  (no source info available)
V  [jvm.dll+0x2e4ef1]  (no source info available)
V  [jvm.dll+0x2e468c]  (no source info available)
V  [jvm.dll+0x32903b]  (no source info available)
V  [jvm.dll+0x84ca0d]  (no source info available)
V  [jvm.dll+0x84d723]  (no source info available)
V  [jvm.dll+0x84dc54]  (no source info available)
V  [jvm.dll+0x84e038]  (no source info available)
V  [jvm.dll+0x84e12e]  (no source info available)
V  [jvm.dll+0x7f62cc]  (no source info available)
V  [jvm.dll+0x68e227]  (no source info available)
C  [ucrtbase.dll+0x29333]  (no source info available)
C  [KERNEL32.DLL+0x1259d]  (no source info available)
C  [ntdll.dll+0x5af38]  (no source info available)

VM_Operation (0x0000002e4aaf8420): G1CollectForAllocation, mode: safepoint, requested by thread 0x000001c06b63ab50


---------------  P R O C E S S  ---------------

Threads class SMR info:
_java_thread_list=0x000001c06fbf2220, length=21, elements={
0x000001c046526e30, 0x000001c0665d6780, 0x000001c0665d7da0, 0x000001c0665e93b0,
0x000001c0665ecf90, 0x000001c0665f0100, 0x000001c0665f0ac0, 0x000001c0665f3870,
0x000001c0665f8760, 0x000001c06660fc30, 0x000001c0666f7910, 0x000001c066a2ea40,
0x000001c0669bfdc0, 0x000001c06b63a670, 0x000001c06b63ab50, 0x000001c06cb50ef0,
0x000001c06cb504d0, 0x000001c06cb4ffc0, 0x000001c06cb51400, 0x000001c06cb51910,
0x000001c06c1ad090
}

Java Threads: ( => current thread )
  0x000001c046526e30 JavaThread "main" [_thread_blocked, id=13236, stack(0x0000002e49100000,0x0000002e49200000)]
  0x000001c0665d6780 JavaThread "Reference Handler" daemon [_thread_blocked, id=1704, stack(0x0000002e49800000,0x0000002e49900000)]
  0x000001c0665d7da0 JavaThread "Finalizer" daemon [_thread_blocked, id=12936, stack(0x0000002e49900000,0x0000002e49a00000)]
  0x000001c0665e93b0 JavaThread "Signal Dispatcher" daemon [_thread_blocked, id=18052, stack(0x0000002e49a00000,0x0000002e49b00000)]
  0x000001c0665ecf90 JavaThread "Attach Listener" daemon [_thread_blocked, id=4344, stack(0x0000002e49b00000,0x0000002e49c00000)]
  0x000001c0665f0100 JavaThread "Service Thread" daemon [_thread_blocked, id=13944, stack(0x0000002e49c00000,0x0000002e49d00000)]
  0x000001c0665f0ac0 JavaThread "Monitor Deflation Thread" daemon [_thread_blocked, id=12804, stack(0x0000002e49d00000,0x0000002e49e00000)]
  0x000001c0665f3870 JavaThread "C2 CompilerThread0" daemon [_thread_blocked, id=9324, stack(0x0000002e49e00000,0x0000002e49f00000)]
  0x000001c0665f8760 JavaThread "C1 CompilerThread0" daemon [_thread_blocked, id=2408, stack(0x0000002e49f00000,0x0000002e4a000000)]
  0x000001c06660fc30 JavaThread "Sweeper thread" daemon [_thread_blocked, id=16296, stack(0x0000002e4a000000,0x0000002e4a100000)]
  0x000001c0666f7910 JavaThread "Common-Cleaner" daemon [_thread_blocked, id=6768, stack(0x0000002e4a100000,0x0000002e4a200000)]
  0x000001c066a2ea40 JavaThread "Monitor Ctrl-Break" daemon [_thread_in_native, id=18864, stack(0x0000002e4a300000,0x0000002e4a400000)]
  0x000001c0669bfdc0 JavaThread "Notification Thread" daemon [_thread_blocked, id=1012, stack(0x0000002e4a400000,0x0000002e4a500000)]
  0x000001c06b63a670 JavaThread "Thread-0" [_thread_blocked, id=11848, stack(0x0000002e4a900000,0x0000002e4aa00000)]
  0x000001c06b63ab50 JavaThread "restartedMain" [_thread_blocked, id=19308, stack(0x0000002e4aa00000,0x0000002e4ab00000)]
  0x000001c06cb50ef0 JavaThread "mysql-cj-abandoned-connection-cleanup" daemon [_thread_blocked, id=14916, stack(0x0000002e4ac00000,0x0000002e4ad00000)]
  0x000001c06cb504d0 JavaThread "HikariPool-1 housekeeper" daemon [_thread_blocked, id=10468, stack(0x0000002e4ad00000,0x0000002e4ae00000)]
  0x000001c06cb4ffc0 JavaThread "Catalina-utility-1" [_thread_blocked, id=7964, stack(0x0000002e4af00000,0x0000002e4b000000)]
  0x000001c06cb51400 JavaThread "Catalina-utility-2" [_thread_blocked, id=12088, stack(0x0000002e4b000000,0x0000002e4b100000)]
  0x000001c06cb51910 JavaThread "container-0" [_thread_blocked, id=13544, stack(0x0000002e4b100000,0x0000002e4b200000)]
  0x000001c06c1ad090 JavaThread "C2 CompilerThread1" daemon [_thread_blocked, id=17912, stack(0x0000002e4a200000,0x0000002e4a300000)]

Other Threads:
=>0x000001c0665d0930 VMThread "VM Thread" [stack: 0x0000002e49700000,0x0000002e49800000] [id=11308]
  0x000001c066901150 WatcherThread [stack: 0x0000002e4a500000,0x0000002e4a600000] [id=7536]
  0x000001c04657e5c0 GCTaskThread "GC Thread#0" [stack: 0x0000002e49200000,0x0000002e49300000] [id=14412]
  0x000001c06b39fa30 GCTaskThread "GC Thread#1" [stack: 0x0000002e4a600000,0x0000002e4a700000] [id=15628]
  0x000001c06b39fd00 GCTaskThread "GC Thread#2" [stack: 0x0000002e4a700000,0x0000002e4a800000] [id=10048]
  0x000001c06b39c6e0 GCTaskThread "GC Thread#3" [stack: 0x0000002e4a800000,0x0000002e4a900000] [id=12488]
  0x000001c04658b220 ConcurrentGCThread "G1 Main Marker" [stack: 0x0000002e49300000,0x0000002e49400000] [id=18372]
  0x000001c04658bc40 ConcurrentGCThread "G1 Conc#0" [stack: 0x0000002e49400000,0x0000002e49500000] [id=13416]
  0x000001c0465c98d0 ConcurrentGCThread "G1 Refine#0" [stack: 0x0000002e49500000,0x0000002e49600000] [id=15532]
  0x000001c06cdd17f0 ConcurrentGCThread "G1 Refine#1" [stack: 0x0000002e4ab00000,0x0000002e4ac00000] [id=12004]
  0x000001c066492750 ConcurrentGCThread "G1 Service" [stack: 0x0000002e49600000,0x0000002e49700000] [id=1180]

Threads with active compile tasks:
C2 CompilerThread0  11917 6697       4       org.antlr.v4.runtime.atn.PredictionContext::mergeArrays (809 bytes)
C2 CompilerThread1  11918 6544       4       org.antlr.v4.runtime.atn.ATNConfigSet::add (142 bytes)

VM state: at safepoint (normal execution)

VM Mutex/Monitor currently owned by a thread:  ([mutex/lock_event])
[0x000001c046521c70] Threads_lock - owner thread: 0x000001c0665d0930
[0x000001c046521d00] Heap_lock - owner thread: 0x000001c06b63ab50

Heap address: 0x0000000743000000, size: 3024 MB, Compressed Oops mode: Zero based, Oop shift amount: 3

CDS archive(s) mapped at: [0x000001c000000000-0x000001c000bb0000-0x000001c000bb0000), size 12255232, SharedBaseAddress: 0x000001c000000000, ArchiveRelocationMode: 1.
Compressed class space mapped at: 0x000001c001000000-0x000001c041000000, reserved size: 1073741824
Narrow klass base: 0x000001c000000000, Narrow klass shift: 0, Narrow klass range: 0x100000000

GC Precious Log:
 CPUs: 4 total, 4 available
 Memory: 12092M
 Large Page Support: Disabled
 NUMA Support: Disabled
 Compressed Oops: Enabled (Zero based)
 Heap Region Size: 2M
 Heap Min Capacity: 8M
 Heap Initial Capacity: 190M
 Heap Max Capacity: 3024M
 Pre-touch: Disabled
 Parallel Workers: 4
 Concurrent Workers: 1
 Concurrent Refinement Workers: 4
 Periodic GC: Disabled

Heap:
 garbage-first heap   total 79872K, used 31154K [0x0000000743000000, 0x0000000800000000)
  region size 2048K, 2 young (4096K), 2 survivors (4096K)
 Metaspace       used 65684K, committed 66240K, reserved 1114112K
  class space    used 9169K, committed 9408K, reserved 1048576K

Heap Regions: E=young(eden), S=young(survivor), O=old, HS=humongous(starts), HC=humongous(continues), CS=collection set, F=free, OA=open archive, CA=closed archive, TAMS=top-at-mark-start (previous, next)
|   0|0x0000000743000000, 0x0000000743200000, 0x0000000743200000|100%| O|  |TAMS 0x0000000743200000, 0x0000000743000000| Untracked 
|   1|0x0000000743200000, 0x0000000743400000, 0x0000000743400000|100%| O|  |TAMS 0x0000000743400000, 0x0000000743200000| Untracked 
|   2|0x0000000743400000, 0x00000007435fa000, 0x0000000743600000| 98%| O|  |TAMS 0x00000007435fa000, 0x0000000743400000| Untracked 
|   3|0x0000000743600000, 0x0000000743800000, 0x0000000743800000|100%| O|  |TAMS 0x0000000743800000, 0x0000000743600000| Untracked 
|   4|0x0000000743800000, 0x0000000743a00000, 0x0000000743a00000|100%| O|  |TAMS 0x0000000743a00000, 0x0000000743800000| Untracked 
|   5|0x0000000743a00000, 0x0000000743c00000, 0x0000000743c00000|100%| O|  |TAMS 0x0000000743c00000, 0x0000000743a00000| Untracked 
|   6|0x0000000743c00000, 0x0000000743e00000, 0x0000000743e00000|100%| O|  |TAMS 0x0000000743e00000, 0x0000000743c00000| Untracked 
|   7|0x0000000743e00000, 0x0000000744000000, 0x0000000744000000|100%| O|  |TAMS 0x0000000744000000, 0x0000000743e00000| Untracked 
|   8|0x0000000744000000, 0x0000000744000000, 0x0000000744200000|  0%| F|  |TAMS 0x0000000744000000, 0x0000000744000000| Untracked 
|   9|0x0000000744200000, 0x0000000744400000, 0x0000000744400000|100%| O|  |TAMS 0x0000000744400000, 0x0000000744200000| Untracked 
|  10|0x0000000744400000, 0x0000000744600000, 0x0000000744600000|100%| O|  |TAMS 0x0000000744486400, 0x0000000744400000| Untracked 
|  11|0x0000000744600000, 0x0000000744800000, 0x0000000744800000|100%| O|  |TAMS 0x0000000744600000, 0x0000000744600000| Untracked 
|  12|0x0000000744800000, 0x0000000744a00000, 0x0000000744a00000|100%| O|  |TAMS 0x0000000744800000, 0x0000000744800000| Untracked 
|  13|0x0000000744a00000, 0x0000000744c00000, 0x0000000744c00000|100%| O|  |TAMS 0x0000000744a00000, 0x0000000744a00000| Untracked 
|  14|0x0000000744c00000, 0x0000000744cc9400, 0x0000000744e00000| 39%| O|  |TAMS 0x0000000744c00000, 0x0000000744c00000| Untracked 
|  15|0x0000000744e00000, 0x0000000744e00000, 0x0000000745000000|  0%| F|  |TAMS 0x0000000744e00000, 0x0000000744e00000| Untracked 
|  16|0x0000000745000000, 0x0000000745000000, 0x0000000745200000|  0%| F|  |TAMS 0x0000000745000000, 0x0000000745000000| Untracked 
|  17|0x0000000745200000, 0x0000000745200000, 0x0000000745400000|  0%| F|  |TAMS 0x0000000745200000, 0x0000000745200000| Untracked 
|  18|0x0000000745400000, 0x0000000745400000, 0x0000000745600000|  0%| F|  |TAMS 0x0000000745400000, 0x0000000745400000| Untracked 
|  19|0x0000000745600000, 0x00000007457a9680, 0x0000000745800000| 83%| S|CS|TAMS 0x0000000745600000, 0x0000000745600000| Complete 
|  20|0x0000000745800000, 0x0000000745800000, 0x0000000745a00000|  0%| F|  |TAMS 0x0000000745800000, 0x0000000745800000| Untracked 
|  21|0x0000000745a00000, 0x0000000745c00000, 0x0000000745c00000|100%| S|CS|TAMS 0x0000000745a00000, 0x0000000745a00000| Complete 
|  22|0x0000000745c00000, 0x0000000745c00000, 0x0000000745e00000|  0%| F|  |TAMS 0x0000000745c00000, 0x0000000745c00000| Untracked 
|  23|0x0000000745e00000, 0x0000000745e00000, 0x0000000746000000|  0%| F|  |TAMS 0x0000000745e00000, 0x0000000745e00000| Untracked 
|  24|0x0000000746000000, 0x0000000746000000, 0x0000000746200000|  0%| F|  |TAMS 0x0000000746000000, 0x0000000746000000| Untracked 
|  25|0x0000000746200000, 0x0000000746200000, 0x0000000746400000|  0%| F|  |TAMS 0x0000000746200000, 0x0000000746200000| Untracked 
|  26|0x0000000746400000, 0x0000000746400000, 0x0000000746600000|  0%| F|  |TAMS 0x0000000746400000, 0x0000000746400000| Untracked 
|  27|0x0000000746600000, 0x0000000746600000, 0x0000000746800000|  0%| F|  |TAMS 0x0000000746600000, 0x0000000746600000| Untracked 
|  28|0x0000000746800000, 0x0000000746800000, 0x0000000746a00000|  0%| F|  |TAMS 0x0000000746800000, 0x0000000746800000| Untracked 
|  29|0x0000000746a00000, 0x0000000746a00000, 0x0000000746c00000|  0%| F|  |TAMS 0x0000000746a00000, 0x0000000746a00000| Untracked 
|  30|0x0000000746c00000, 0x0000000746c00000, 0x0000000746e00000|  0%| F|  |TAMS 0x0000000746c00000, 0x0000000746c00000| Untracked 
|  31|0x0000000746e00000, 0x0000000746e00000, 0x0000000747000000|  0%| F|  |TAMS 0x0000000746e00000, 0x0000000746e00000| Untracked 
|  32|0x0000000747000000, 0x0000000747000000, 0x0000000747200000|  0%| F|  |TAMS 0x0000000747000000, 0x0000000747000000| Untracked 
|  33|0x0000000747200000, 0x0000000747200000, 0x0000000747400000|  0%| F|  |TAMS 0x0000000747200000, 0x0000000747200000| Untracked 
|  58|0x000000074a400000, 0x000000074a400000, 0x000000074a600000|  0%| F|  |TAMS 0x000000074a400000, 0x000000074a400000| Untracked 
|  59|0x000000074a600000, 0x000000074a600000, 0x000000074a800000|  0%| F|  |TAMS 0x000000074a600000, 0x000000074a600000| Untracked 
|  60|0x000000074a800000, 0x000000074a800000, 0x000000074aa00000|  0%| F|  |TAMS 0x000000074a800000, 0x000000074a800000| Untracked 
|  61|0x000000074aa00000, 0x000000074aa00000, 0x000000074ac00000|  0%| F|  |TAMS 0x000000074aa00000, 0x000000074aa00000| Untracked 
|  94|0x000000074ec00000, 0x000000074ec00000, 0x000000074ee00000|  0%| F|  |TAMS 0x000000074ec00000, 0x000000074ec00000| Untracked 

Card table byte_map: [0x000001c05d6a0000,0x000001c05dc90000] _byte_map_base: 0x000001c059c88000

Marking Bits (Prev, Next): (CMBitMap*) 0x000001c04657ec30, (CMBitMap*) 0x000001c04657ebf0
 Prev Bits: [0x000001c0611c0000, 0x000001c064100000)
 Next Bits: [0x000001c05e280000, 0x000001c0611c0000)

Polling page: 0x000001c044410000

Metaspace:

Usage:
  Non-class:     55.19 MB used.
      Class:      8.95 MB used.
       Both:     64.15 MB used.

Virtual space:
  Non-class space:       64.00 MB reserved,      55.50 MB ( 87%) committed,  1 nodes.
      Class space:        1.00 GB reserved,       9.19 MB ( <1%) committed,  1 nodes.
             Both:        1.06 GB reserved,      64.69 MB (  6%) committed. 

Chunk freelists:
   Non-Class:  8.09 MB
       Class:  6.83 MB
        Both:  14.92 MB

MaxMetaspaceSize: unlimited
CompressedClassSpaceSize: 1.00 GB
Initial GC threshold: 21.00 MB
Current GC threshold: 99.00 MB
CDS: on
MetaspaceReclaimPolicy: balanced
 - commit_granule_bytes: 65536.
 - commit_granule_words: 8192.
 - virtual_space_node_default_size: 8388608.
 - enlarge_chunks_in_place: 1.
 - new_chunks_are_fully_committed: 0.
 - uncommit_free_chunks: 1.
 - use_allocation_guard: 0.
 - handle_deallocations: 1.


Internal statistics:

num_allocs_failed_limit: 9.
num_arena_births: 694.
num_arena_deaths: 0.
num_vsnodes_births: 2.
num_vsnodes_deaths: 0.
num_space_committed: 1035.
num_space_uncommitted: 0.
num_chunks_returned_to_freelist: 9.
num_chunks_taken_from_freelist: 3091.
num_chunk_merges: 9.
num_chunk_splits: 2286.
num_chunks_enlarged: 1816.
num_inconsistent_stats: 0.

CodeHeap 'non-profiled nmethods': size=120000Kb used=3393Kb max_used=3393Kb free=116606Kb
 bounds [0x000001c055b80000, 0x000001c055ee0000, 0x000001c05d0b0000]
CodeHeap 'profiled nmethods': size=120000Kb used=10944Kb max_used=10944Kb free=109055Kb
 bounds [0x000001c04e0b0000, 0x000001c04eb70000, 0x000001c0555e0000]
CodeHeap 'non-nmethods': size=5760Kb used=1335Kb max_used=1483Kb free=4424Kb
 bounds [0x000001c0555e0000, 0x000001c055850000, 0x000001c055b80000]
 total_blobs=6520 nmethods=5852 adapters=580
 compilation: enabled
              stopped_count=0, restarted_count=0
 full_count=0

Compilation events (20 events):
Event: 11.682 Thread 0x000001c0665f8760 6696       3       org.antlr.v4.runtime.atn.ATNConfigSet::optimizeConfigs (71 bytes)
Event: 11.683 Thread 0x000001c0665f8760 nmethod 6696 0x000001c04eb5b190 code [0x000001c04eb5b3c0, 0x000001c04eb5be48]
Event: 11.717 Thread 0x000001c0665f8760 6698       3       org.antlr.v4.runtime.atn.PredictionMode::hasConflictingAltSet (41 bytes)
Event: 11.717 Thread 0x000001c0665f8760 nmethod 6698 0x000001c04e17b990 code [0x000001c04e17bb80, 0x000001c04e17c178]
Event: 11.738 Thread 0x000001c0665f3870 nmethod 6681 0x000001c055ec6e90 code [0x000001c055ec71a0, 0x000001c055eca410]
Event: 11.738 Thread 0x000001c0665f3870 6697       4       org.antlr.v4.runtime.atn.PredictionContext::mergeArrays (809 bytes)
Event: 11.740 Thread 0x000001c06c1ad090 nmethod 6674 0x000001c055ecbc10 code [0x000001c055ecbec0, 0x000001c055ece5c8]
Event: 11.741 Thread 0x000001c06c1ad090 6544       4       org.antlr.v4.runtime.atn.ATNConfigSet::add (142 bytes)
Event: 11.743 Thread 0x000001c0665f8760 6699       3       java.util.IdentityHashMap::get (60 bytes)
Event: 11.743 Thread 0x000001c0665f8760 nmethod 6699 0x000001c04eb5c190 code [0x000001c04eb5c380, 0x000001c04eb5c7e8]
Event: 11.758 Thread 0x000001c0665f8760 6703       3       org.antlr.v4.runtime.atn.ParserATNSimulator::closure (44 bytes)
Event: 11.759 Thread 0x000001c0665f8760 nmethod 6703 0x000001c04eb5ca10 code [0x000001c04eb5cbc0, 0x000001c04eb5cda8]
Event: 11.783 Thread 0x000001c0665f8760 6704   !   2       org.antlr.v4.runtime.atn.ParserATNSimulator::adaptivePredict (406 bytes)
Event: 11.786 Thread 0x000001c0665f8760 nmethod 6704 0x000001c04eb5ce90 code [0x000001c04eb5d300, 0x000001c04eb5e988]
Event: 11.786 Thread 0x000001c0665f8760 6706       2       org.antlr.v4.runtime.atn.PredictionMode::allConfigsInRuleStopStates (41 bytes)
Event: 11.787 Thread 0x000001c0665f8760 nmethod 6706 0x000001c04eb5fb10 code [0x000001c04eb5fce0, 0x000001c04eb60028]
Event: 11.787 Thread 0x000001c0665f8760 6705       2       org.antlr.v4.runtime.BufferedTokenStream::release (1 bytes)
Event: 11.787 Thread 0x000001c0665f8760 nmethod 6705 0x000001c04e1d2c10 code [0x000001c04e1d2da0, 0x000001c04e1d2e98]
Event: 11.791 Thread 0x000001c0665f8760 6708 %     3       java.util.ArrayList::equalsArrayList @ 66 (108 bytes)
Event: 11.792 Thread 0x000001c0665f8760 nmethod 6708% 0x000001c04eb60210 code [0x000001c04eb60440, 0x000001c04eb60d48]

GC Heap History (20 events):
Event: 6.275 GC heap after
{Heap after GC invocations=8 (full 0):
 garbage-first heap   total 65536K, used 20158K [0x0000000743000000, 0x0000000800000000)
  region size 2048K, 1 young (2048K), 1 survivors (2048K)
 Metaspace       used 35683K, committed 36096K, reserved 1114112K
  class space    used 4535K, committed 4736K, reserved 1048576K
}
Event: 7.217 GC heap before
{Heap before GC invocations=9 (full 0):
 garbage-first heap   total 65536K, used 46782K [0x0000000743000000, 0x0000000800000000)
  region size 2048K, 14 young (28672K), 1 survivors (2048K)
 Metaspace       used 41154K, committed 41536K, reserved 1114112K
  class space    used 5336K, committed 5504K, reserved 1048576K
}
Event: 7.224 GC heap after
{Heap after GC invocations=10 (full 0):
 garbage-first heap   total 65536K, used 21208K [0x0000000743000000, 0x0000000800000000)
  region size 2048K, 2 young (4096K), 2 survivors (4096K)
 Metaspace       used 41154K, committed 41536K, reserved 1114112K
  class space    used 5336K, committed 5504K, reserved 1048576K
}
Event: 8.063 GC heap before
{Heap before GC invocations=10 (full 0):
 garbage-first heap   total 65536K, used 47832K [0x0000000743000000, 0x0000000800000000)
  region size 2048K, 15 young (30720K), 2 survivors (4096K)
 Metaspace       used 47191K, committed 47616K, reserved 1114112K
  class space    used 6224K, committed 6400K, reserved 1048576K
}
Event: 8.072 GC heap after
{Heap after GC invocations=11 (full 0):
 garbage-first heap   total 65536K, used 22653K [0x0000000743000000, 0x0000000800000000)
  region size 2048K, 2 young (4096K), 2 survivors (4096K)
 Metaspace       used 47191K, committed 47616K, reserved 1114112K
  class space    used 6224K, committed 6400K, reserved 1048576K
}
Event: 8.807 GC heap before
{Heap before GC invocations=11 (full 0):
 garbage-first heap   total 65536K, used 45181K [0x0000000743000000, 0x0000000800000000)
  region size 2048K, 14 young (28672K), 2 survivors (4096K)
 Metaspace       used 53386K, committed 53824K, reserved 1114112K
  class space    used 7143K, committed 7360K, reserved 1048576K
}
Event: 8.820 GC heap after
{Heap after GC invocations=12 (full 0):
 garbage-first heap   total 79872K, used 23601K [0x0000000743000000, 0x0000000800000000)
  region size 2048K, 2 young (4096K), 2 survivors (4096K)
 Metaspace       used 53386K, committed 53824K, reserved 1114112K
  class space    used 7143K, committed 7360K, reserved 1048576K
}
Event: 9.962 GC heap before
{Heap before GC invocations=12 (full 0):
 garbage-first heap   total 79872K, used 60465K [0x0000000743000000, 0x0000000800000000)
  region size 2048K, 20 young (40960K), 2 survivors (4096K)
 Metaspace       used 59394K, committed 59968K, reserved 1114112K
  class space    used 8098K, committed 8384K, reserved 1048576K
}
Event: 9.973 GC heap after
{Heap after GC invocations=13 (full 0):
 garbage-first heap   total 79872K, used 24748K [0x0000000743000000, 0x0000000800000000)
  region size 2048K, 2 young (4096K), 2 survivors (4096K)
 Metaspace       used 59394K, committed 59968K, reserved 1114112K
  class space    used 8098K, committed 8384K, reserved 1048576K
}
Event: 10.108 GC heap before
{Heap before GC invocations=13 (full 0):
 garbage-first heap   total 79872K, used 28844K [0x0000000743000000, 0x0000000800000000)
  region size 2048K, 5 young (10240K), 2 survivors (4096K)
 Metaspace       used 60058K, committed 60608K, reserved 1114112K
  class space    used 8156K, committed 8448K, reserved 1048576K
}
Event: 10.116 GC heap after
{Heap after GC invocations=14 (full 0):
 garbage-first heap   total 79872K, used 25281K [0x0000000743000000, 0x0000000800000000)
  region size 2048K, 2 young (4096K), 2 survivors (4096K)
 Metaspace       used 60058K, committed 60608K, reserved 1114112K
  class space    used 8156K, committed 8448K, reserved 1048576K
}
Event: 11.013 GC heap before
{Heap before GC invocations=15 (full 0):
 garbage-first heap   total 79872K, used 62145K [0x0000000743000000, 0x0000000800000000)
  region size 2048K, 20 young (40960K), 2 survivors (4096K)
 Metaspace       used 63903K, committed 64384K, reserved 1114112K
  class space    used 8805K, committed 9024K, reserved 1048576K
}
Event: 11.025 GC heap after
{Heap after GC invocations=16 (full 0):
 garbage-first heap   total 79872K, used 28193K [0x0000000743000000, 0x0000000800000000)
  region size 2048K, 3 young (6144K), 3 survivors (6144K)
 Metaspace       used 63903K, committed 64384K, reserved 1114112K
  class space    used 8805K, committed 9024K, reserved 1048576K
}
Event: 11.058 GC heap before
{Heap before GC invocations=16 (full 0):
 garbage-first heap   total 79872K, used 30241K [0x0000000743000000, 0x0000000800000000)
  region size 2048K, 4 young (8192K), 3 survivors (6144K)
 Metaspace       used 63917K, committed 64384K, reserved 1114112K
  class space    used 8805K, committed 9024K, reserved 1048576K
}
Event: 11.070 GC heap after
{Heap after GC invocations=17 (full 0):
 garbage-first heap   total 79872K, used 28348K [0x0000000743000000, 0x0000000800000000)
  region size 2048K, 1 young (2048K), 1 survivors (2048K)
 Metaspace       used 63917K, committed 64384K, reserved 1114112K
  class space    used 8805K, committed 9024K, reserved 1048576K
}
Event: 11.447 GC heap before
{Heap before GC invocations=17 (full 0):
 garbage-first heap   total 79872K, used 61116K [0x0000000743000000, 0x0000000800000000)
  region size 2048K, 17 young (34816K), 1 survivors (2048K)
 Metaspace       used 65658K, committed 66240K, reserved 1114112K
  class space    used 9169K, committed 9408K, reserved 1048576K
}
Event: 11.451 GC heap after
{Heap after GC invocations=18 (full 0):
 garbage-first heap   total 79872K, used 29096K [0x0000000743000000, 0x0000000800000000)
  region size 2048K, 1 young (2048K), 1 survivors (2048K)
 Metaspace       used 65658K, committed 66240K, reserved 1114112K
  class space    used 9169K, committed 9408K, reserved 1048576K
}
Event: 11.650 GC heap before
{Heap before GC invocations=18 (full 0):
 garbage-first heap   total 79872K, used 61864K [0x0000000743000000, 0x0000000800000000)
  region size 2048K, 17 young (34816K), 1 survivors (2048K)
 Metaspace       used 65678K, committed 66240K, reserved 1114112K
  class space    used 9169K, committed 9408K, reserved 1048576K
}
Event: 11.655 GC heap after
{Heap after GC invocations=19 (full 0):
 garbage-first heap   total 79872K, used 29952K [0x0000000743000000, 0x0000000800000000)
  region size 2048K, 2 young (4096K), 2 survivors (4096K)
 Metaspace       used 65678K, committed 66240K, reserved 1114112K
  class space    used 9169K, committed 9408K, reserved 1048576K
}
Event: 11.794 GC heap before
{Heap before GC invocations=19 (full 0):
 garbage-first heap   total 79872K, used 60672K [0x0000000743000000, 0x0000000800000000)
  region size 2048K, 18 young (36864K), 2 survivors (4096K)
 Metaspace       used 65684K, committed 66240K, reserved 1114112K
  class space    used 9169K, committed 9408K, reserved 1048576K
}

Dll operation events (13 events):
Event: 0.014 Loaded shared library C:\Users\Nethmi Gunasekara\.jdks\ms-17.0.19\bin\java.dll
Event: 0.049 Loaded shared library C:\Users\Nethmi Gunasekara\.jdks\ms-17.0.19\bin\jsvml.dll
Event: 0.200 Loaded shared library C:\Users\Nethmi Gunasekara\.jdks\ms-17.0.19\bin\zip.dll
Event: 0.205 Loaded shared library C:\Users\Nethmi Gunasekara\.jdks\ms-17.0.19\bin\instrument.dll
Event: 0.214 Loaded shared library C:\Users\Nethmi Gunasekara\.jdks\ms-17.0.19\bin\net.dll
Event: 0.216 Loaded shared library C:\Users\Nethmi Gunasekara\.jdks\ms-17.0.19\bin\nio.dll
Event: 0.219 Loaded shared library C:\Users\Nethmi Gunasekara\.jdks\ms-17.0.19\bin\zip.dll
Event: 0.354 Loaded shared library C:\Users\Nethmi Gunasekara\.jdks\ms-17.0.19\bin\extnet.dll
Event: 0.402 Loaded shared library C:\Users\Nethmi Gunasekara\.jdks\ms-17.0.19\bin\jimage.dll
Event: 0.861 Loaded shared library C:\Users\Nethmi Gunasekara\.jdks\ms-17.0.19\bin\management.dll
Event: 0.864 Loaded shared library C:\Users\Nethmi Gunasekara\.jdks\ms-17.0.19\bin\management_ext.dll
Event: 2.647 Loaded shared library C:\Users\Nethmi Gunasekara\.jdks\ms-17.0.19\bin\sunmscapi.dll
Event: 7.099 Loaded shared library C:\Users\Nethmi Gunasekara\.jdks\ms-17.0.19\bin\verify.dll

Deoptimization events (20 events):
Event: 11.569 Thread 0x000001c06b63ab50 DEOPT PACKING pc=0x000001c055eb5348 sp=0x0000002e4aaf92e0
Event: 11.569 Thread 0x000001c06b63ab50 DEOPT UNPACKING pc=0x000001c0556369a3 sp=0x0000002e4aaf9240 mode 2
Event: 11.573 Thread 0x000001c06b63ab50 Uncommon trap: trap_request=0xffffffbe fr.pc=0x000001c055eb5348 relative=0x00000000000008a8
Event: 11.573 Thread 0x000001c06b63ab50 Uncommon trap: reason=profile_predicate action=maybe_recompile pc=0x000001c055eb5348 method=org.antlr.v4.runtime.atn.ParserATNSimulator.canDropLoopEntryEdgeInLeftRecursiveRule(Lorg/antlr/v4/runtime/atn/ATNConfig;)Z @ 165 c2
Event: 11.573 Thread 0x000001c06b63ab50 DEOPT PACKING pc=0x000001c055eb5348 sp=0x0000002e4aaf9740
Event: 11.573 Thread 0x000001c06b63ab50 DEOPT UNPACKING pc=0x000001c0556369a3 sp=0x0000002e4aaf96a0 mode 2
Event: 11.600 Thread 0x000001c06b63ab50 Uncommon trap: trap_request=0xffffffd6 fr.pc=0x000001c055ec08cc relative=0x000000000000418c
Event: 11.600 Thread 0x000001c06b63ab50 Uncommon trap: reason=array_check action=maybe_recompile pc=0x000001c055ec08cc method=org.antlr.v4.runtime.misc.Array2DHashSet.getOrAddImpl(Ljava/lang/Object;)Ljava/lang/Object; @ 36 c2
Event: 11.600 Thread 0x000001c06b63ab50 DEOPT PACKING pc=0x000001c055ec08cc sp=0x0000002e4aafa600
Event: 11.600 Thread 0x000001c06b63ab50 DEOPT UNPACKING pc=0x000001c0556369a3 sp=0x0000002e4aafa490 mode 2
Event: 11.655 Thread 0x000001c06b63ab50 DEOPT PACKING pc=0x000001c04e6e417d sp=0x0000002e4aafadb0
Event: 11.655 Thread 0x000001c06b63ab50 DEOPT UNPACKING pc=0x000001c055637143 sp=0x0000002e4aafa2a0 mode 0
Event: 11.682 Thread 0x000001c06b63ab50 DEOPT PACKING pc=0x000001c04e4dde23 sp=0x0000002e4aafb010
Event: 11.682 Thread 0x000001c06b63ab50 DEOPT UNPACKING pc=0x000001c055637143 sp=0x0000002e4aafa4f8 mode 0
Event: 11.717 Thread 0x000001c06b63ab50 DEOPT PACKING pc=0x000001c04e5cfa5d sp=0x0000002e4aafb130
Event: 11.717 Thread 0x000001c06b63ab50 DEOPT UNPACKING pc=0x000001c055637143 sp=0x0000002e4aafa5c8 mode 0
Event: 11.743 Thread 0x000001c06b63ab50 Uncommon trap: trap_request=0xffffff45 fr.pc=0x000001c055cdd1f0 relative=0x0000000000000150
Event: 11.743 Thread 0x000001c06b63ab50 Uncommon trap: reason=unstable_if action=reinterpret pc=0x000001c055cdd1f0 method=java.util.IdentityHashMap.nextKeyIndex(II)I @ 4 c2
Event: 11.743 Thread 0x000001c06b63ab50 DEOPT PACKING pc=0x000001c055cdd1f0 sp=0x0000002e4aafab30
Event: 11.743 Thread 0x000001c06b63ab50 DEOPT UNPACKING pc=0x000001c0556369a3 sp=0x0000002e4aafaa38 mode 2

Classes loaded (20 events):
Event: 10.554 Loading class java/util/regex/Pattern$Bound
Event: 10.555 Loading class java/util/regex/Pattern$Bound done
Event: 10.555 Loading class java/util/regex/Pattern$SliceI
Event: 10.555 Loading class java/util/regex/Pattern$SliceI done
Event: 10.558 Loading class java/util/regex/Pattern$LookBehindEndNode
Event: 10.558 Loading class java/util/regex/Pattern$LookBehindEndNode done
Event: 10.558 Loading class java/util/regex/Pattern$NotBehind
Event: 10.558 Loading class java/util/regex/Pattern$NotBehind done
Event: 10.558 Loading class java/util/regex/Pattern$Behind
Event: 10.558 Loading class java/util/regex/Pattern$Behind done
Event: 10.568 Loading class java/util/regex/Pattern$1
Event: 10.569 Loading class java/util/regex/Pattern$1 done
Event: 10.603 Loading class java/util/EmptyStackException
Event: 10.603 Loading class java/util/EmptyStackException done
Event: 10.613 Loading class java/io/InvalidClassException
Event: 10.613 Loading class java/io/InvalidClassException done
Event: 10.632 Loading class java/util/ArrayList$ListItr
Event: 10.632 Loading class java/util/ArrayList$ListItr done
Event: 11.199 Loading class java/lang/invoke/MethodHandleImpl$CountingWrapper$1
Event: 11.199 Loading class java/lang/invoke/MethodHandleImpl$CountingWrapper$1 done

Classes unloaded (0 events):
No events

Classes redefined (0 events):
No events

Internal exceptions (20 events):
Event: 9.566 Thread 0x000001c06b63ab50 Exception <a 'java/lang/NoSuchMethodError'{0x00000007464ce6f8}: 'java.lang.Object java.lang.invoke.DirectMethodHandle$Holder.newInvokeSpecial(java.lang.Object, java.lang.Object, java.lang.Object, java.lang.Object, java.lang.Object, java.lang.Object)'> (0x00000007464ce6f8) 
thrown [s\src\hotspot\share\interpreter\linkResolver.cpp, line 759]
Event: 9.570 Thread 0x000001c06b63ab50 Exception <a 'java/lang/NoSuchMethodError'{0x00000007464e01d8}: 'int java.lang.invoke.DirectMethodHandle$Holder.invokeStatic(java.lang.Object, java.lang.Object, java.lang.Object, java.lang.Object, java.lang.Object)'> (0x00000007464e01d8) 
thrown [s\src\hotspot\share\interpreter\linkResolver.cpp, line 759]
Event: 9.611 Thread 0x000001c06b63ab50 Exception <a 'java/lang/NoSuchMethodError'{0x00000007465bc510}: 'void java.lang.invoke.DirectMethodHandle$Holder.invokeInterface(java.lang.Object, java.lang.Object, int, java.lang.Object)'> (0x00000007465bc510) 
thrown [s\src\hotspot\share\interpreter\linkResolver.cpp, line 759]
Event: 9.617 Thread 0x000001c06b63ab50 Exception <a 'java/lang/NoSuchMethodError'{0x00000007465e4f50}: 'java.lang.Object java.lang.invoke.DirectMethodHandle$Holder.newInvokeSpecial(java.lang.Object, java.lang.Object, int, java.lang.Object)'> (0x00000007465e4f50) 
thrown [s\src\hotspot\share\interpreter\linkResolver.cpp, line 759]
Event: 9.617 Thread 0x000001c06b63ab50 Exception <a 'java/lang/NoSuchMethodError'{0x00000007465e8b18}: 'java.lang.Object java.lang.invoke.Invokers$Holder.linkToTargetMethod(java.lang.Object, int, java.lang.Object, java.lang.Object)'> (0x00000007465e8b18) 
thrown [s\src\hotspot\share\interpreter\linkResolver.cpp, line 759]
Event: 9.645 Thread 0x000001c06b63ab50 Exception <a 'java/lang/NoSuchMethodError'{0x0000000746282c68}: 'java.lang.Object java.lang.invoke.DirectMethodHandle$Holder.newInvokeSpecial(java.lang.Object, java.lang.Object, int)'> (0x0000000746282c68) 
thrown [s\src\hotspot\share\interpreter\linkResolver.cpp, line 759]
Event: 9.670 Thread 0x000001c06b63ab50 Exception <a 'java/lang/NoSuchMethodError'{0x00000007463f91a0}: 'java.lang.Object java.lang.invoke.DirectMethodHandle$Holder.newInvokeSpecial(java.lang.Object, java.lang.Object, java.lang.Object, java.lang.Object, java.lang.Object, int, java.lang.Object)'> (0x00000007463f91a0) 
thrown [s\src\hotspot\share\interpreter\linkResolver.cpp, line 759]
Event: 9.675 Thread 0x000001c06b63ab50 Exception <a 'java/lang/NoSuchMethodError'{0x00000007460362c8}: 'java.lang.Object java.lang.invoke.DirectMethodHandle$Holder.newInvokeSpecial(java.lang.Object, java.lang.Object, java.lang.Object, java.lang.Object, java.lang.Object, java.lang.Object, java.lang.Object, java.lang.Object, java.lang.Object, java.lang.Object, java.lang.Object, java.lang.Object)'> (0x00000007460362c8) 
thrown [s\src\hotspot\share\interpreter\linkResolver.cpp, line 759]
Event: 9.675 Thread 0x000001c06b63ab50 Exception <a 'java/lang/NoSuchMethodError'{0x000000074603ad60}: 'java.lang.Object java.lang.invoke.DirectMethodHandle$Holder.invokeSpecial(java.lang.Object, java.lang.Object, java.lang.Object, java.lang.Object, java.lang.Object, java.lang.Object, java.lang.Object, java.lang.Object, java.lang.Object, java.lang.Object, java.lang.Object, java.lang.Object, java.lang.Object)'> (0x000000074603ad60) 
thrown [s\src\hotspot\share\interpreter\linkResolver.cpp, line 759]
Event: 9.675 Thread 0x000001c06b63ab50 Exception <a 'java/lang/NoSuchMethodError'{0x000000074603f478}: 'java.lang.Object java.lang.invoke.Invokers$Holder.linkToTargetMethod(java.lang.Object, java.lang.Object, java.lang.Object, java.lang.Object, java.lang.Object, java.lang.Object, java.lang.Object, java.lang.Object, java.lang.Object, java.lang.Object, java.lang.Object, java.lang.Object)'> (0x000000074603f478) 
thrown [s\src\hotspot\share\interpreter\linkResolver.cpp, line 759]
Event: 9.794 Thread 0x000001c06b63ab50 Exception <a 'java/lang/NoSuchMethodError'{0x0000000745ea08d8}: 'java.lang.Object java.lang.invoke.DirectMethodHandle$Holder.newInvokeSpecial(java.lang.Object, java.lang.Object, int, java.lang.Object, int, java.lang.Object, java.lang.Object)'> (0x0000000745ea08d8) 
thrown [s\src\hotspot\share\interpreter\linkResolver.cpp, line 759]
Event: 9.815 Thread 0x000001c06b63ab50 Exception <a 'java/lang/NoSuchMethodError'{0x0000000745f1e9a8}: 'java.lang.Object java.lang.invoke.DirectMethodHandle$Holder.newInvokeSpecial(java.lang.Object, java.lang.Object, java.lang.Object, java.lang.Object, java.lang.Object, java.lang.Object, java.lang.Object, int)'> (0x0000000745f1e9a8) 
thrown [s\src\hotspot\share\interpreter\linkResolver.cpp, line 759]
Event: 9.815 Thread 0x000001c06b63ab50 Exception <a 'java/lang/NoSuchMethodError'{0x0000000745f23c48}: 'java.lang.Object java.lang.invoke.DirectMethodHandle$Holder.invokeSpecial(java.lang.Object, java.lang.Object, java.lang.Object, java.lang.Object, java.lang.Object, java.lang.Object, java.lang.Object, java.lang.Object, int)'> (0x0000000745f23c48) 
thrown [s\src\hotspot\share\interpreter\linkResolver.cpp, line 759]
Event: 9.815 Thread 0x000001c06b63ab50 Exception <a 'java/lang/NoSuchMethodError'{0x0000000745f28710}: 'java.lang.Object java.lang.invoke.Invokers$Holder.linkToTargetMethod(java.lang.Object, java.lang.Object, java.lang.Object, java.lang.Object, java.lang.Object, java.lang.Object, int, java.lang.Object)'> (0x0000000745f28710) 
thrown [s\src\hotspot\share\interpreter\linkResolver.cpp, line 759]
Event: 9.847 Thread 0x000001c06b63ab50 Exception <a 'java/lang/NoSuchMethodError'{0x0000000745fe4a20}: 'void java.lang.invoke.DirectMethodHandle$Holder.invokeInterface(java.lang.Object, java.lang.Object)'> (0x0000000745fe4a20) 
thrown [s\src\hotspot\share\interpreter\linkResolver.cpp, line 759]
Event: 10.186 Thread 0x000001c06b63ab50 Exception <a 'java/lang/IncompatibleClassChangeError'{0x000000074edf3908}: Found class java.lang.Object, but interface was expected> (0x000000074edf3908) 
thrown [s\src\hotspot\share\interpreter\linkResolver.cpp, line 826]
Event: 10.210 Thread 0x000001c06b63ab50 Exception <a 'java/lang/IncompatibleClassChangeError'{0x000000074ab1cf10}: Found class java.lang.Object, but interface was expected> (0x000000074ab1cf10) 
thrown [s\src\hotspot\share\interpreter\linkResolver.cpp, line 826]
Event: 10.253 Thread 0x000001c06b63ab50 Exception <a 'java/lang/IncompatibleClassChangeError'{0x000000074a895138}: Found class java.lang.Object, but interface was expected> (0x000000074a895138) 
thrown [s\src\hotspot\share\interpreter\linkResolver.cpp, line 826]
Event: 10.480 Thread 0x000001c06b63ab50 Exception <a 'java/lang/IncompatibleClassChangeError'{0x0000000746ced5f0}: Found class java.lang.Object, but interface was expected> (0x0000000746ced5f0) 
thrown [s\src\hotspot\share\interpreter\linkResolver.cpp, line 826]
Event: 11.196 Thread 0x000001c06b63ab50 Exception <a 'java/lang/reflect/InvocationTargetException'{0x00000007470c27a8}> (0x00000007470c27a8) 
thrown [s\src\hotspot\share\runtime\reflection.cpp, line 1128]

VM Operations (20 events):
Event: 10.500 Executing VM operation: HandshakeAllThreads done
Event: 10.633 Executing VM operation: HandshakeAllThreads
Event: 10.633 Executing VM operation: HandshakeAllThreads done
Event: 10.638 Executing VM operation: HandshakeAllThreads
Event: 10.638 Executing VM operation: HandshakeAllThreads done
Event: 10.855 Executing VM operation: ICBufferFull
Event: 10.855 Executing VM operation: ICBufferFull done
Event: 10.865 Executing VM operation: HandshakeAllThreads
Event: 10.865 Executing VM operation: HandshakeAllThreads done
Event: 11.013 Executing VM operation: G1CollectForAllocation
Event: 11.025 Executing VM operation: G1CollectForAllocation done
Event: 11.058 Executing VM operation: G1CollectForAllocation
Event: 11.070 Executing VM operation: G1CollectForAllocation done
Event: 11.316 Executing VM operation: HandshakeAllThreads
Event: 11.316 Executing VM operation: HandshakeAllThreads done
Event: 11.447 Executing VM operation: G1CollectForAllocation
Event: 11.451 Executing VM operation: G1CollectForAllocation done
Event: 11.650 Executing VM operation: G1CollectForAllocation
Event: 11.655 Executing VM operation: G1CollectForAllocation done
Event: 11.794 Executing VM operation: G1CollectForAllocation

Memory protections (0 events):
No events

Nmethod flushes (20 events):
Event: 9.329 Thread 0x000001c06660fc30 flushing  nmethod 0x000001c04ea5ee90
Event: 9.329 Thread 0x000001c06660fc30 flushing  nmethod 0x000001c04ea60890
Event: 9.329 Thread 0x000001c06660fc30 flushing  nmethod 0x000001c04ea64390
Event: 9.329 Thread 0x000001c06660fc30 flushing  nmethod 0x000001c04ea75e10
Event: 9.329 Thread 0x000001c06660fc30 flushing  nmethod 0x000001c04eac7190
Event: 9.329 Thread 0x000001c06660fc30 flushing  nmethod 0x000001c04eac7c10
Event: 9.329 Thread 0x000001c06660fc30 flushing  nmethod 0x000001c04eacee10
Event: 9.329 Thread 0x000001c06660fc30 flushing  nmethod 0x000001c04ead0690
Event: 9.329 Thread 0x000001c06660fc30 flushing  nmethod 0x000001c04ead0b90
Event: 9.329 Thread 0x000001c06660fc30 flushing  nmethod 0x000001c04ead1590
Event: 9.329 Thread 0x000001c06660fc30 flushing  nmethod 0x000001c04ead4f10
Event: 9.329 Thread 0x000001c06660fc30 flushing  nmethod 0x000001c04ead5290
Event: 9.329 Thread 0x000001c06660fc30 flushing  nmethod 0x000001c04ead7990
Event: 9.329 Thread 0x000001c06660fc30 flushing  nmethod 0x000001c04eadb090
Event: 9.329 Thread 0x000001c06660fc30 flushing  nmethod 0x000001c04eadff10
Event: 9.329 Thread 0x000001c06660fc30 flushing  nmethod 0x000001c04eae3690
Event: 9.329 Thread 0x000001c06660fc30 flushing  nmethod 0x000001c04eae3a10
Event: 9.329 Thread 0x000001c06660fc30 flushing  nmethod 0x000001c04eae3d90
Event: 9.329 Thread 0x000001c06660fc30 flushing  nmethod 0x000001c04eae4b10
Event: 9.329 Thread 0x000001c06660fc30 flushing  nmethod 0x000001c04eaf4a90

Events (20 events):
Event: 0.262 Thread 0x000001c0665f8760 Thread added: 0x000001c066806110
Event: 0.339 Thread 0x000001c046526e30 Thread added: 0x000001c066a2ea40
Event: 0.339 Thread 0x000001c046526e30 Thread added: 0x000001c0669bfdc0
Event: 0.953 Thread 0x000001c046526e30 Thread added: 0x000001c06b63a670
Event: 0.956 Thread 0x000001c06b63a670 Thread added: 0x000001c06b63ab50
Event: 1.534 Thread 0x000001c06b63ab50 Thread added: 0x000001c06bc02a50
Event: 2.547 Thread 0x000001c06b63ab50 Thread added: 0x000001c06c9a7910
Event: 2.678 Thread 0x000001c06c9a7910 Thread exited: 0x000001c06c9a7910
Event: 2.692 Thread 0x000001c06bc02a50 Thread exited: 0x000001c06bc02a50
Event: 5.840 Thread 0x000001c06b63ab50 Thread added: 0x000001c06cb50ef0
Event: 6.257 Thread 0x000001c06b63ab50 Thread added: 0x000001c06cb504d0
Event: 6.363 Thread 0x000001c06cb504d0 Thread added: 0x000001c06cb4fab0
Event: 6.452 Thread 0x000001c06b63ab50 Thread added: 0x000001c06cb4ffc0
Event: 6.455 Thread 0x000001c06b63ab50 Thread added: 0x000001c06cb51400
Event: 6.463 Thread 0x000001c06b63ab50 Thread added: 0x000001c06cb51910
Event: 8.750 Thread 0x000001c066806110 Thread exited: 0x000001c066806110
Event: 8.829 Thread 0x000001c0665f3870 Thread added: 0x000001c06c1ad090
Event: 9.962 Thread 0x000001c06b63ab50 Thread added: 0x000001c06cb509e0
Event: 9.975 Thread 0x000001c06cb509e0 Thread exited: 0x000001c06cb509e0
Event: 11.516 Thread 0x000001c06cb4fab0 Thread exited: 0x000001c06cb4fab0


Dynamic libraries:
0x00007ff6dbfa0000 - 0x00007ff6dbfae000 	C:\Users\Nethmi Gunasekara\.jdks\ms-17.0.19\bin\java.exe
0x00007ffbab550000 - 0x00007ffbab767000 	C:\WINDOWS\SYSTEM32\ntdll.dll
0x00007ffba9640000 - 0x00007ffba9704000 	C:\WINDOWS\System32\KERNEL32.DLL
0x00007ffba89a0000 - 0x00007ffba8d71000 	C:\WINDOWS\System32\KERNELBASE.dll
0x00007ffba8e20000 - 0x00007ffba8f31000 	C:\WINDOWS\System32\ucrtbase.dll
0x00007ffb909e0000 - 0x00007ffb909f8000 	C:\Users\Nethmi Gunasekara\.jdks\ms-17.0.19\bin\jli.dll
0x00007ffb90540000 - 0x00007ffb9055e000 	C:\Users\Nethmi Gunasekara\.jdks\ms-17.0.19\bin\VCRUNTIME140.dll
0x00007ffbab350000 - 0x00007ffbab501000 	C:\WINDOWS\System32\USER32.dll
0x00007ffba8940000 - 0x00007ffba8966000 	C:\WINDOWS\System32\win32u.dll
0x00007ffb8e380000 - 0x00007ffb8e612000 	C:\WINDOWS\WinSxS\amd64_microsoft.windows.common-controls_6595b64144ccf1df_6.0.22621.4830_none_270fe7d773858e80\COMCTL32.dll
0x00007ffbab320000 - 0x00007ffbab349000 	C:\WINDOWS\System32\GDI32.dll
0x00007ffba9100000 - 0x00007ffba921b000 	C:\WINDOWS\System32\gdi32full.dll
0x00007ffba8d80000 - 0x00007ffba8e1a000 	C:\WINDOWS\System32\msvcp_win.dll
0x00007ffbaa950000 - 0x00007ffbaa9f7000 	C:\WINDOWS\System32\msvcrt.dll
0x00007ffba9550000 - 0x00007ffba9581000 	C:\WINDOWS\System32\IMM32.DLL
0x00007ffba4620000 - 0x00007ffba462c000 	C:\Users\Nethmi Gunasekara\.jdks\ms-17.0.19\bin\vcruntime140_1.dll
0x00007ffb6c4a0000 - 0x00007ffb6c529000 	C:\Users\Nethmi Gunasekara\.jdks\ms-17.0.19\bin\msvcp140.dll
0x00007ffb50310000 - 0x00007ffb50f8b000 	C:\Users\Nethmi Gunasekara\.jdks\ms-17.0.19\bin\server\jvm.dll
0x00007ffbab1e0000 - 0x00007ffbab291000 	C:\WINDOWS\System32\ADVAPI32.dll
0x00007ffba9590000 - 0x00007ffba9637000 	C:\WINDOWS\System32\sechost.dll
0x00007ffba8970000 - 0x00007ffba8998000 	C:\WINDOWS\System32\bcrypt.dll
0x00007ffbaaf80000 - 0x00007ffbab094000 	C:\WINDOWS\System32\RPCRT4.dll
0x00007ffbaa440000 - 0x00007ffbaa4b1000 	C:\WINDOWS\System32\WS2_32.dll
0x00007ffba8570000 - 0x00007ffba85bd000 	C:\WINDOWS\SYSTEM32\POWRPROF.dll
0x00007ffba1610000 - 0x00007ffba1644000 	C:\WINDOWS\SYSTEM32\WINMM.dll
0x00007ffba0bb0000 - 0x00007ffba0bba000 	C:\WINDOWS\SYSTEM32\VERSION.dll
0x00007ffba8550000 - 0x00007ffba8563000 	C:\WINDOWS\SYSTEM32\UMPDC.dll
0x00007ffba76a0000 - 0x00007ffba76b8000 	C:\WINDOWS\SYSTEM32\kernel.appcore.dll
0x00007ffba03f0000 - 0x00007ffba03fa000 	C:\Users\Nethmi Gunasekara\.jdks\ms-17.0.19\bin\jimage.dll
0x00007ffba6270000 - 0x00007ffba64a2000 	C:\WINDOWS\SYSTEM32\DBGHELP.DLL
0x00007ffbaaae0000 - 0x00007ffbaae70000 	C:\WINDOWS\System32\combase.dll
0x00007ffbab100000 - 0x00007ffbab1d7000 	C:\WINDOWS\System32\OLEAUT32.dll
0x00007ffb89f80000 - 0x00007ffb89fb2000 	C:\WINDOWS\SYSTEM32\dbgcore.DLL
0x00007ffba8f40000 - 0x00007ffba8fbb000 	C:\WINDOWS\System32\bcryptPrimitives.dll
0x00007ffb9cd20000 - 0x00007ffb9cd2f000 	C:\Users\Nethmi Gunasekara\.jdks\ms-17.0.19\bin\instrument.dll
0x00007ffb89920000 - 0x00007ffb89946000 	C:\Users\Nethmi Gunasekara\.jdks\ms-17.0.19\bin\java.dll
0x00007ffb6c3c0000 - 0x00007ffb6c496000 	C:\Users\Nethmi Gunasekara\.jdks\ms-17.0.19\bin\jsvml.dll
0x00007ffba9bb0000 - 0x00007ffbaa438000 	C:\WINDOWS\System32\SHELL32.dll
0x00007ffba8fc0000 - 0x00007ffba90ff000 	C:\WINDOWS\System32\wintypes.dll
0x00007ffba65a0000 - 0x00007ffba6ead000 	C:\WINDOWS\SYSTEM32\windows.storage.dll
0x00007ffba9aa0000 - 0x00007ffba9baa000 	C:\WINDOWS\System32\SHCORE.dll
0x00007ffba9880000 - 0x00007ffba98de000 	C:\WINDOWS\System32\shlwapi.dll
0x00007ffba85c0000 - 0x00007ffba85eb000 	C:\WINDOWS\SYSTEM32\profapi.dll
0x00007ffb90490000 - 0x00007ffb904a8000 	C:\Users\Nethmi Gunasekara\.jdks\ms-17.0.19\bin\zip.dll
0x00007ffb88f50000 - 0x00007ffb88f6b000 	C:\Users\Nethmi Gunasekara\.jdks\ms-17.0.19\bin\net.dll
0x00007ffba1e80000 - 0x00007ffba1fac000 	C:\WINDOWS\SYSTEM32\WINHTTP.dll
0x00007ffba7b00000 - 0x00007ffba7b6a000 	C:\WINDOWS\system32\mswsock.dll
0x00007ffb88e90000 - 0x00007ffb88ea6000 	C:\Users\Nethmi Gunasekara\.jdks\ms-17.0.19\bin\nio.dll
0x00007ffb9c7b0000 - 0x00007ffb9c7b9000 	C:\Users\Nethmi Gunasekara\.jdks\ms-17.0.19\bin\extnet.dll
0x00007ffb95500000 - 0x00007ffb9550a000 	C:\Users\Nethmi Gunasekara\.jdks\ms-17.0.19\bin\management.dll
0x00007ffb923e0000 - 0x00007ffb923ec000 	C:\Users\Nethmi Gunasekara\.jdks\ms-17.0.19\bin\management_ext.dll
0x00007ffbaa940000 - 0x00007ffbaa948000 	C:\WINDOWS\System32\PSAPI.DLL
0x00007ffb9bed0000 - 0x00007ffb9bede000 	C:\Users\Nethmi Gunasekara\.jdks\ms-17.0.19\bin\sunmscapi.dll
0x00007ffba8710000 - 0x00007ffba8876000 	C:\WINDOWS\System32\CRYPT32.dll
0x00007ffba7f40000 - 0x00007ffba7f6d000 	C:\WINDOWS\SYSTEM32\ncrypt.dll
0x00007ffba7ed0000 - 0x00007ffba7f07000 	C:\WINDOWS\SYSTEM32\NTASN1.dll
0x00007ffba7da0000 - 0x00007ffba7dbb000 	C:\WINDOWS\SYSTEM32\CRYPTSP.dll
0x00007ffba7600000 - 0x00007ffba7637000 	C:\WINDOWS\system32\rsaenh.dll
0x00007ffba7ba0000 - 0x00007ffba7bc8000 	C:\WINDOWS\SYSTEM32\USERENV.dll
0x00007ffba7d00000 - 0x00007ffba7d0c000 	C:\WINDOWS\SYSTEM32\CRYPTBASE.dll
0x00007ffba7110000 - 0x00007ffba713d000 	C:\WINDOWS\SYSTEM32\IPHLPAPI.DLL
0x00007ffba9870000 - 0x00007ffba9879000 	C:\WINDOWS\System32\NSI.dll
0x00007ffba1a90000 - 0x00007ffba1aa9000 	C:\WINDOWS\SYSTEM32\dhcpcsvc6.DLL
0x00007ffba15f0000 - 0x00007ffba160f000 	C:\WINDOWS\SYSTEM32\dhcpcsvc.DLL
0x00007ffba7140000 - 0x00007ffba7242000 	C:\WINDOWS\SYSTEM32\DNSAPI.dll
0x00007ffb92390000 - 0x00007ffb923a0000 	C:\Users\Nethmi Gunasekara\.jdks\ms-17.0.19\bin\verify.dll

dbghelp: loaded successfully - version: 4.0.5 - missing functions: none
symbol engine: initialized successfully - sym options: 0x614 - pdb path: .;C:\Users\Nethmi Gunasekara\.jdks\ms-17.0.19\bin;C:\WINDOWS\SYSTEM32;C:\WINDOWS\WinSxS\amd64_microsoft.windows.common-controls_6595b64144ccf1df_6.0.22621.4830_none_270fe7d773858e80;C:\Users\Nethmi Gunasekara\.jdks\ms-17.0.19\bin\server

VM Arguments:
jvm_args: -javaagent:C:\Program Files\JetBrains\IntelliJ IDEA 2026.1.1\lib\idea_rt.jar=62998 -Dfile.encoding=UTF-8 
java_command: com.project.beautysalon.BeautySalonApplication
java_class_path (initial): C:\Users\Nethmi Gunasekara\OneDrive\Documents\BeautySalon\BeautySalon\target\classes;C:\Users\Nethmi Gunasekara\.m2\repository\org\springframework\boot\spring-boot-starter-web\3.2.5\spring-boot-starter-web-3.2.5.jar;C:\Users\Nethmi Gunasekara\.m2\repository\org\springframework\boot\spring-boot-starter\3.2.5\spring-boot-starter-3.2.5.jar;C:\Users\Nethmi Gunasekara\.m2\repository\org\springframework\boot\spring-boot-starter-logging\3.2.5\spring-boot-starter-logging-3.2.5.jar;C:\Users\Nethmi Gunasekara\.m2\repository\ch\qos\logback\logback-classic\1.4.14\logback-classic-1.4.14.jar;C:\Users\Nethmi Gunasekara\.m2\repository\ch\qos\logback\logback-core\1.4.14\logback-core-1.4.14.jar;C:\Users\Nethmi Gunasekara\.m2\repository\org\apache\logging\log4j\log4j-to-slf4j\2.21.1\log4j-to-slf4j-2.21.1.jar;C:\Users\Nethmi Gunasekara\.m2\repository\org\apache\logging\log4j\log4j-api\2.21.1\log4j-api-2.21.1.jar;C:\Users\Nethmi Gunasekara\.m2\repository\org\slf4j\jul-to-slf4j\2.0.13\jul-to-slf4j-2.0.13.jar;C:\Users\Nethmi Gunasekara\.m2\repository\jakarta\annotation\jakarta.annotation-api\2.1.1\jakarta.annotation-api-2.1.1.jar;C:\Users\Nethmi Gunasekara\.m2\repository\org\yaml\snakeyaml\2.2\snakeyaml-2.2.jar;C:\Users\Nethmi Gunasekara\.m2\repository\org\springframework\boot\spring-boot-starter-json\3.2.5\spring-boot-starter-json-3.2.5.jar;C:\Users\Nethmi Gunasekara\.m2\repository\com\fasterxml\jackson\datatype\jackson-datatype-jdk8\2.15.4\jackson-datatype-jdk8-2.15.4.jar;C:\Users\Nethmi Gunasekara\.m2\repository\com\fasterxml\jackson\datatype\jackson-datatype-jsr310\2.15.4\jackson-datatype-jsr310-2.15.4.jar;C:\Users\Nethmi Gunasekara\.m2\repository\com\fasterxml\jackson\module\jackson-module-parameter-names\2.15.4\jackson-module-parameter-names-2.15.4.jar;C:\Users\Nethmi Gunasekara\.m2\repository\org\springframework\boot\spring-boot-starter-tomcat\3.2.5\spring-boot-starter-tomcat-3.2.5.jar;C:\Users\Nethmi Gunasekara\.m2\repository\org\apache\tomcat\embed\to
Launcher Type: SUN_STANDARD

[Global flags]
     intx CICompilerCount                          = 3                                         {product} {ergonomic}
     uint ConcGCThreads                            = 1                                         {product} {ergonomic}
     uint G1ConcRefinementThreads                  = 4                                         {product} {ergonomic}
   size_t G1HeapRegionSize                         = 2097152                                   {product} {ergonomic}
    uintx GCDrainStackTargetSize                   = 64                                        {product} {ergonomic}
   size_t InitialHeapSize                          = 199229440                                 {product} {ergonomic}
   size_t MarkStackSize                            = 4194304                                   {product} {ergonomic}
   size_t MaxHeapSize                              = 3170893824                                {product} {ergonomic}
   size_t MaxNewSize                               = 1902116864                                {product} {ergonomic}
   size_t MinHeapDeltaBytes                        = 2097152                                   {product} {ergonomic}
   size_t MinHeapSize                              = 8388608                                   {product} {ergonomic}
    uintx NonNMethodCodeHeapSize                   = 5832780                                {pd product} {ergonomic}
    uintx NonProfiledCodeHeapSize                  = 122912730                              {pd product} {ergonomic}
    uintx ProfiledCodeHeapSize                     = 122912730                              {pd product} {ergonomic}
    uintx ReservedCodeCacheSize                    = 251658240                              {pd product} {ergonomic}
     bool SegmentedCodeCache                       = true                                      {product} {ergonomic}
   size_t SoftMaxHeapSize                          = 3170893824                             {manageable} {ergonomic}
     bool UseCompressedClassPointers               = true                           {product lp64_product} {ergonomic}
     bool UseCompressedOops                        = true                           {product lp64_product} {ergonomic}
     bool UseG1GC                                  = true                                      {product} {ergonomic}
     bool UseLargePagesIndividualAllocation        = false                                  {pd product} {ergonomic}

Logging:
Log output configuration:
 #0: stdout all=warning uptime,level,tags
 #1: stderr all=off uptime,level,tags

Environment Variables:
PATH=C:\Program Files\Common Files\Oracle\Java\javapath;C:\WINDOWS\system32;C:\WINDOWS;C:\WINDOWS\System32\Wbem;C:\WINDOWS\System32\WindowsPowerShell\v1.0\;C:\WINDOWS\System32\OpenSSH\;C:\Program Files (x86)\Windows Kits\10\Windows Performance Toolkit\;C:\Program Files\Git\cmd;C:\Users\Nethmi Gunasekara\AppData\Local\Programs\Python\Launcher\;C:\Users\Nethmi Gunasekara\AppData\Local\Microsoft\WindowsApps;C:\Users\Nethmi Gunasekara\AppData\Local\Programs\Microsoft VS Code\bin;C:\Program Files\JetBrains\IntelliJ IDEA 2026.1.1\bin;C:\Users\Nethmi Gunasekara\AppData\Local\GitHubDesktop\bin
USERNAME=Nethmi Gunasekara
OS=Windows_NT
PROCESSOR_IDENTIFIER=Intel64 Family 6 Model 166 Stepping 0, GenuineIntel
TMP=C:\Users\NETHMI~1\AppData\Local\Temp
TEMP=C:\Users\NETHMI~1\AppData\Local\Temp



Periodic native trim disabled


---------------  S Y S T E M  ---------------

OS:
 Windows 11 , 64 bit Build 22621 (10.0.22621.4974)
OS uptime: 2 days 22:52 hours
Hyper-V role detected

CPU: total 4 (initial active 4) (2 cores per cpu, 2 threads per core) family 6 model 166 stepping 0 microcode 0xe0, cx8, cmov, fxsr, ht, mmx, 3dnowpref, sse, sse2, sse3, ssse3, sse4.1, sse4.2, popcnt, lzcnt, tsc, tscinvbit, avx, avx2, aes, erms, clmul, bmi1, bmi2, adx, fma, vzeroupper, clflush, clflushopt, hv
Processor Information for processor 0
  Max Mhz: 2592, Current Mhz: 2093, Mhz Limit: 2073
Processor Information for processor 1
  Max Mhz: 2592, Current Mhz: 1495, Mhz Limit: 2073
Processor Information for processor 2
  Max Mhz: 2592, Current Mhz: 1495, Mhz Limit: 2073
Processor Information for processor 3
  Max Mhz: 2592, Current Mhz: 1495, Mhz Limit: 2073

Memory: 4k page, system-wide physical 12092M (2758M free)
TotalPageFile size 12092M (AvailPageFile size 50M)
current process WorkingSet (physical memory assigned to process): 275M, peak: 278M
current process commit charge ("private bytes"): 303M, peak: 351M

vm_info: OpenJDK 64-Bit Server VM (17.0.19+10-LTS) for windows-amd64 JRE (17.0.19+10-LTS), built on Apr 18 2026 18:24:40 by "MicrosoftCorporation" with MS VC++ 17.14 (VS2022)

END.
