#
# There is insufficient memory for the Java Runtime Environment to continue.
# Native memory allocation (mmap) failed to map 65536 bytes. Error detail: Failed to commit metaspace.
# Possible reasons:
#   The system is out of physical RAM or swap space
#   This process is running with CompressedOops enabled, and the Java Heap may be blocking the growth of the native heap
# Possible solutions:
#   Reduce memory load on the system
#   Increase physical memory or swap space
#   Check if swap backing store is full
#   Decrease Java heap size (-Xmx/-Xms)
#   Decrease number of Java threads
#   Decrease Java thread stack sizes (-Xss)
#   Set larger code cache with -XX:ReservedCodeCacheSize=
#   JVM is running with Zero Based Compressed Oops mode in which the Java heap is
#     placed in the first 32GB address space. The Java Heap base address is the
#     maximum limit for the native heap growth. Please use -XX:HeapBaseMinAddress
#     to set the Java Heap base and to place the Java Heap above 32GB virtual address.
# This output file may be truncated or incomplete.
#
#  Out of Memory Error (virtualSpaceNode.cpp:110), pid=7860, tid=13536
#
# JRE version: OpenJDK Runtime Environment Microsoft-13877129 (17.0.19+10) (build 17.0.19+10-LTS)
# Java VM: OpenJDK 64-Bit Server VM Microsoft-13877129 (17.0.19+10-LTS, mixed mode, emulated-client, sharing, tiered, compressed oops, compressed class ptrs, g1 gc, windows-amd64)
# No core dump will be written. Minidumps are not enabled by default on client versions of Windows
#

---------------  S U M M A R Y ------------

Command Line: -XX:TieredStopAtLevel=1 -Dspring.output.ansi.enabled=always -javaagent:C:\Program Files\JetBrains\IntelliJ IDEA 2026.1.1\lib\idea_rt.jar=55096 -Dfile.encoding=UTF-8 com.project.beautysalon.BeautySalonApplication

Host: Intel(R) Core(TM) i3-10110U CPU @ 2.10GHz, 4 cores, 11G,  Windows 11 , 64 bit Build 22621 (10.0.22621.4974)
Time: Sat May 16 12:18:41 2026 Malay Peninsula Standard Time elapsed time: 1.432392 seconds (0d 0h 0m 1s)

---------------  T H R E A D  ---------------

Current thread (0x00000180456163e0):  JavaThread "restartedMain" [_thread_in_vm, id=13536, stack(0x0000004b0c400000,0x0000004b0c500000)]

Stack: [0x0000004b0c400000,0x0000004b0c500000]
Native frames: (J=compiled Java code, j=interpreted, Vv=VM code, C=native code)
V  [jvm.dll+0x68cc89]  (no source info available)
V  [jvm.dll+0x845d89]  (no source info available)
V  [jvm.dll+0x847af8]  (no source info available)
V  [jvm.dll+0x848183]  (no source info available)
V  [jvm.dll+0x24d0bf]  (no source info available)
V  [jvm.dll+0x841b67]  (no source info available)
V  [jvm.dll+0x6332eb]  (no source info available)
V  [jvm.dll+0x1c4cdd]  (no source info available)
V  [jvm.dll+0x635c72]  (no source info available)
V  [jvm.dll+0x633ca6]  (no source info available)
V  [jvm.dll+0x242776]  (no source info available)
V  [jvm.dll+0x1ef27f]  (no source info available)
V  [jvm.dll+0x1e5031]  (no source info available)
V  [jvm.dll+0x5520d9]  (no source info available)
V  [jvm.dll+0x7c0462]  (no source info available)
V  [jvm.dll+0x7c03ca]  (no source info available)
V  [jvm.dll+0x41e334]  (no source info available)
V  [jvm.dll+0x43265c]  (no source info available)
C  [java.dll+0x167e]  (no source info available)

Java frames: (J=compiled Java code, j=interpreted, Vv=VM code)
J 1060  java.lang.ClassLoader.defineClass0(Ljava/lang/ClassLoader;Ljava/lang/Class;Ljava/lang/String;[BIILjava/security/ProtectionDomain;ZILjava/lang/Object;)Ljava/lang/Class; java.base@17.0.19 (0 bytes) @ 0x0000018073c58031 [0x0000018073c57f40+0x00000000000000f1]
j  java.lang.System$2.defineClass(Ljava/lang/ClassLoader;Ljava/lang/Class;Ljava/lang/String;[BLjava/security/ProtectionDomain;ZILjava/lang/Object;)Ljava/lang/Class;+17 java.base@17.0.19
j  java.lang.invoke.MethodHandles$Lookup$ClassDefiner.defineClass(ZLjava/lang/Object;)Ljava/lang/Class;+54 java.base@17.0.19
j  java.lang.invoke.InvokerBytecodeGenerator.loadMethod([B)Ljava/lang/invoke/MemberName;+16 java.base@17.0.19
j  java.lang.invoke.InvokerBytecodeGenerator.generateCustomizedCode(Ljava/lang/invoke/LambdaForm;Ljava/lang/invoke/MethodType;)Ljava/lang/invoke/MemberName;+30 java.base@17.0.19
j  java.lang.invoke.LambdaForm.compileToBytecode()V+69 java.base@17.0.19
J 751 c1 java.lang.invoke.LambdaForm.prepare()V java.base@17.0.19 (112 bytes) @ 0x0000018073bdddf4 [0x0000018073bddd80+0x0000000000000074]
J 750 c1 java.lang.invoke.MethodHandle.<init>(Ljava/lang/invoke/MethodType;Ljava/lang/invoke/LambdaForm;)V java.base@17.0.19 (37 bytes) @ 0x0000018073bdd7a4 [0x0000018073bdd6e0+0x00000000000000c4]
J 1154 c1 java.lang.invoke.BoundMethodHandle.<init>(Ljava/lang/invoke/MethodType;Ljava/lang/invoke/LambdaForm;)V java.base@17.0.19 (32 bytes) @ 0x0000018073c7a26c [0x0000018073c7a220+0x000000000000004c]
j  java.lang.invoke.BoundMethodHandle$Species_LLLLLLLLL.<init>(Ljava/lang/invoke/MethodType;Ljava/lang/invoke/LambdaForm;Ljava/lang/Object;Ljava/lang/Object;Ljava/lang/Object;Ljava/lang/Object;Ljava/lang/Object;Ljava/lang/Object;Ljava/lang/Object;Ljava/lang/Object;Ljava/lang/Object;)V+3 java.base@17.0.19
j  java.lang.invoke.BoundMethodHandle$Species_LLLLLLLLL.make(Ljava/lang/invoke/MethodType;Ljava/lang/invoke/LambdaForm;Ljava/lang/Object;Ljava/lang/Object;Ljava/lang/Object;Ljava/lang/Object;Ljava/lang/Object;Ljava/lang/Object;Ljava/lang/Object;Ljava/lang/Object;Ljava/lang/Object;)Ljava/lang/invoke/BoundMethodHandle;+22 java.base@17.0.19
j  java.lang.invoke.DirectMethodHandle$Holder.invokeStatic(Ljava/lang/Object;Ljava/lang/Object;Ljava/lang/Object;Ljava/lang/Object;Ljava/lang/Object;Ljava/lang/Object;Ljava/lang/Object;Ljava/lang/Object;Ljava/lang/Object;Ljava/lang/Object;Ljava/lang/Object;Ljava/lang/Object;)Ljava/lang/Object;+30 java.base@17.0.19
j  java.lang.invoke.BoundMethodHandle$Species_LLLLLLLL.copyWithExtendL(Ljava/lang/invoke/MethodType;Ljava/lang/invoke/LambdaForm;Ljava/lang/Object;)Ljava/lang/invoke/BoundMethodHandle;+42 java.base@17.0.19
j  java.lang.invoke.MethodHandles.filterRepeatedArgument(Ljava/lang/invoke/MethodHandle;Ljava/lang/invoke/MethodHandle;[I)Ljava/lang/invoke/MethodHandle;+112 java.base@17.0.19
j  java.lang.invoke.MethodHandles.filterArguments(Ljava/lang/invoke/MethodHandle;I[Ljava/lang/invoke/MethodHandle;)Ljava/lang/invoke/MethodHandle;+154 java.base@17.0.19
j  java.lang.invoke.StringConcatFactory.generateMHInlineCopy(Ljava/lang/invoke/MethodType;Ljava/util/List;)Ljava/lang/invoke/MethodHandle;+614 java.base@17.0.19
j  java.lang.invoke.StringConcatFactory.makeConcatWithConstants(Ljava/lang/invoke/MethodHandles$Lookup;Ljava/lang/String;Ljava/lang/invoke/MethodType;Ljava/lang/String;[Ljava/lang/Object;)Ljava/lang/invoke/CallSite;+220 java.base@17.0.19
j  java.lang.invoke.DirectMethodHandle$Holder.invokeStatic(Ljava/lang/Object;Ljava/lang/Object;Ljava/lang/Object;Ljava/lang/Object;Ljava/lang/Object;Ljava/lang/Object;)Ljava/lang/Object;+18 java.base@17.0.19
j  java.lang.invoke.DelegatingMethodHandle$Holder.delegate(Ljava/lang/Object;Ljava/lang/Object;Ljava/lang/Object;Ljava/lang/Object;Ljava/lang/Object;Ljava/lang/Object;)Ljava/lang/Object;+21 java.base@17.0.19
j  java.lang.invoke.Invokers$Holder.invokeExact_MT(Ljava/lang/Object;Ljava/lang/Object;Ljava/lang/Object;Ljava/lang/Object;Ljava/lang/Object;Ljava/lang/Object;Ljava/lang/Object;)Ljava/lang/Object;+26 java.base@17.0.19
j  java.lang.invoke.BootstrapMethodInvoker.invoke(Ljava/lang/Class;Ljava/lang/invoke/MethodHandle;Ljava/lang/String;Ljava/lang/Object;Ljava/lang/Object;Ljava/lang/Class;)Ljava/lang/Object;+157 java.base@17.0.19
j  java.lang.invoke.CallSite.makeSite(Ljava/lang/invoke/MethodHandle;Ljava/lang/String;Ljava/lang/invoke/MethodType;Ljava/lang/Object;Ljava/lang/Class;)Ljava/lang/invoke/CallSite;+8 java.base@17.0.19
j  java.lang.invoke.MethodHandleNatives.linkCallSiteImpl(Ljava/lang/Class;Ljava/lang/invoke/MethodHandle;Ljava/lang/String;Ljava/lang/invoke/MethodType;Ljava/lang/Object;[Ljava/lang/Object;)Ljava/lang/invoke/MemberName;+6 java.base@17.0.19
j  java.lang.invoke.MethodHandleNatives.linkCallSite(Ljava/lang/Object;ILjava/lang/Object;Ljava/lang/Object;Ljava/lang/Object;Ljava/lang/Object;[Ljava/lang/Object;)Ljava/lang/invoke/MemberName;+46 java.base@17.0.19
v  ~StubRoutines::call_stub
j  org.springframework.boot.context.config.StandardConfigDataReference.<init>(Lorg/springframework/boot/context/config/ConfigDataLocation;Ljava/lang/String;Ljava/lang/String;Ljava/lang/String;Ljava/lang/String;Lorg/springframework/boot/env/PropertySourceLoader;)V+52
j  org.springframework.boot.context.config.StandardConfigDataLocationResolver.getReferencesForConfigName(Ljava/lang/String;Lorg/springframework/boot/context/config/ConfigDataLocation;Ljava/lang/String;Ljava/lang/String;)Ljava/util/Deque;+92
j  org.springframework.boot.context.config.StandardConfigDataLocationResolver.getReferencesForDirectory(Lorg/springframework/boot/context/config/ConfigDataLocation;Ljava/lang/String;Ljava/lang/String;)Ljava/util/Set;+43
j  org.springframework.boot.context.config.StandardConfigDataLocationResolver.getReferences(Lorg/springframework/boot/context/config/ConfigDataLocationResolverContext;Lorg/springframework/boot/context/config/ConfigDataLocation;)Ljava/util/Set;+21
j  org.springframework.boot.context.config.StandardConfigDataLocationResolver.getReferences(Lorg/springframework/boot/context/config/ConfigDataLocationResolverContext;[Lorg/springframework/boot/context/config/ConfigDataLocation;)Ljava/util/Set;+38
j  org.springframework.boot.context.config.StandardConfigDataLocationResolver.resolve(Lorg/springframework/boot/context/config/ConfigDataLocationResolverContext;Lorg/springframework/boot/context/config/ConfigDataLocation;)Ljava/util/List;+7
j  org.springframework.boot.context.config.ConfigDataLocationResolvers.lambda$resolve$1(Lorg/springframework/boot/context/config/ConfigDataLocationResolver;Lorg/springframework/boot/context/config/ConfigDataLocationResolverContext;Lorg/springframework/boot/context/config/ConfigDataLocation;)Ljava/util/List;+3
j  org.springframework.boot.context.config.ConfigDataLocationResolvers$$Lambda$153+0x000001800110d400.get()Ljava/lang/Object;+12
j  org.springframework.boot.context.config.ConfigDataLocationResolvers.resolve(Lorg/springframework/boot/context/config/ConfigDataLocation;ZLjava/util/function/Supplier;)Ljava/util/List;+2
j  org.springframework.boot.context.config.ConfigDataLocationResolvers.resolve(Lorg/springframework/boot/context/config/ConfigDataLocationResolver;Lorg/springframework/boot/context/config/ConfigDataLocationResolverContext;Lorg/springframework/boot/context/config/ConfigDataLocation;Lorg/springframework/boot/context/config/Profiles;)Ljava/util/List;+11
j  org.springframework.boot.context.config.ConfigDataLocationResolvers.resolve(Lorg/springframework/boot/context/config/ConfigDataLocationResolverContext;Lorg/springframework/boot/context/config/ConfigDataLocation;Lorg/springframework/boot/context/config/Profiles;)Ljava/util/List;+59
j  org.springframework.boot.context.config.ConfigDataImporter.resolve(Lorg/springframework/boot/context/config/ConfigDataLocationResolverContext;Lorg/springframework/boot/context/config/Profiles;Lorg/springframework/boot/context/config/ConfigDataLocation;)Ljava/util/List;+7
j  org.springframework.boot.context.config.ConfigDataImporter.resolve(Lorg/springframework/boot/context/config/ConfigDataLocationResolverContext;Lorg/springframework/boot/context/config/Profiles;Ljava/util/List;)Ljava/util/List;+52
j  org.springframework.boot.context.config.ConfigDataImporter.resolveAndLoad(Lorg/springframework/boot/context/config/ConfigDataActivationContext;Lorg/springframework/boot/context/config/ConfigDataLocationResolverContext;Lorg/springframework/boot/context/config/ConfigDataLoaderContext;Ljava/util/List;)Ljava/util/Map;+20
j  org.springframework.boot.context.config.ConfigDataEnvironmentContributors.withProcessedImports(Lorg/springframework/boot/context/config/ConfigDataImporter;Lorg/springframework/boot/context/config/ConfigDataActivationContext;)Lorg/springframework/boot/context/config/ConfigDataEnvironmentContributors;+181
j  org.springframework.boot.context.config.ConfigDataEnvironment.processInitial(Lorg/springframework/boot/context/config/ConfigDataEnvironmentContributors;Lorg/springframework/boot/context/config/ConfigDataImporter;)Lorg/springframework/boot/context/config/ConfigDataEnvironmentContributors;+15
j  org.springframework.boot.context.config.ConfigDataEnvironment.processAndApply()V+42
j  org.springframework.boot.context.config.ConfigDataEnvironmentPostProcessor.postProcessEnvironment(Lorg/springframework/core/env/ConfigurableEnvironment;Lorg/springframework/core/io/ResourceLoader;Ljava/util/Collection;)V+34
j  org.springframework.boot.context.config.ConfigDataEnvironmentPostProcessor.postProcessEnvironment(Lorg/springframework/core/env/ConfigurableEnvironment;Lorg/springframework/boot/SpringApplication;)V+10
j  org.springframework.boot.env.EnvironmentPostProcessorApplicationListener.onApplicationEnvironmentPreparedEvent(Lorg/springframework/boot/context/event/ApplicationEnvironmentPreparedEvent;)V+55
j  org.springframework.boot.env.EnvironmentPostProcessorApplicationListener.onApplicationEvent(Lorg/springframework/context/ApplicationEvent;)V+14
j  org.springframework.context.event.SimpleApplicationEventMulticaster.doInvokeListener(Lorg/springframework/context/ApplicationListener;Lorg/springframework/context/ApplicationEvent;)V+2
j  org.springframework.context.event.SimpleApplicationEventMulticaster.invokeListener(Lorg/springframework/context/ApplicationListener;Lorg/springframework/context/ApplicationEvent;)V+34
j  org.springframework.context.event.SimpleApplicationEventMulticaster.multicastEvent(Lorg/springframework/context/ApplicationEvent;Lorg/springframework/core/ResolvableType;)V+104
j  org.springframework.context.event.SimpleApplicationEventMulticaster.multicastEvent(Lorg/springframework/context/ApplicationEvent;)V+3
j  org.springframework.boot.context.event.EventPublishingRunListener.multicastInitialEvent(Lorg/springframework/context/ApplicationEvent;)V+9
j  org.springframework.boot.context.event.EventPublishingRunListener.environmentPrepared(Lorg/springframework/boot/ConfigurableBootstrapContext;Lorg/springframework/core/env/ConfigurableEnvironment;)V+18
j  org.springframework.boot.SpringApplicationRunListeners.lambda$environmentPrepared$2(Lorg/springframework/boot/ConfigurableBootstrapContext;Lorg/springframework/core/env/ConfigurableEnvironment;Lorg/springframework/boot/SpringApplicationRunListener;)V+3
j  org.springframework.boot.SpringApplicationRunListeners$$Lambda$109+0x00000180010b0af0.accept(Ljava/lang/Object;)V+12
j  java.lang.Iterable.forEach(Ljava/util/function/Consumer;)V+30 java.base@17.0.19
j  org.springframework.boot.SpringApplicationRunListeners.doWithListeners(Ljava/lang/String;Ljava/util/function/Consumer;Ljava/util/function/Consumer;)V+17
j  org.springframework.boot.SpringApplicationRunListeners.doWithListeners(Ljava/lang/String;Ljava/util/function/Consumer;)V+4
j  org.springframework.boot.SpringApplicationRunListeners.environmentPrepared(Lorg/springframework/boot/ConfigurableBootstrapContext;Lorg/springframework/core/env/ConfigurableEnvironment;)V+10
j  org.springframework.boot.SpringApplication.prepareEnvironment(Lorg/springframework/boot/SpringApplicationRunListeners;Lorg/springframework/boot/DefaultBootstrapContext;Lorg/springframework/boot/ApplicationArguments;)Lorg/springframework/core/env/ConfigurableEnvironment;+27
j  org.springframework.boot.SpringApplication.run([Ljava/lang/String;)Lorg/springframework/context/ConfigurableApplicationContext;+62
j  org.springframework.boot.SpringApplication.run([Ljava/lang/Class;[Ljava/lang/String;)Lorg/springframework/context/ConfigurableApplicationContext;+9
j  org.springframework.boot.SpringApplication.run(Ljava/lang/Class;[Ljava/lang/String;)Lorg/springframework/context/ConfigurableApplicationContext;+9
j  com.project.beautysalon.BeautySalonApplication.main([Ljava/lang/String;)V+3
v  ~StubRoutines::call_stub
j  jdk.internal.reflect.NativeMethodAccessorImpl.invoke0(Ljava/lang/reflect/Method;Ljava/lang/Object;[Ljava/lang/Object;)Ljava/lang/Object;+0 java.base@17.0.19
j  jdk.internal.reflect.NativeMethodAccessorImpl.invoke(Ljava/lang/Object;[Ljava/lang/Object;)Ljava/lang/Object;+133 java.base@17.0.19
j  jdk.internal.reflect.DelegatingMethodAccessorImpl.invoke(Ljava/lang/Object;[Ljava/lang/Object;)Ljava/lang/Object;+6 java.base@17.0.19
j  java.lang.reflect.Method.invoke(Ljava/lang/Object;[Ljava/lang/Object;)Ljava/lang/Object;+59 java.base@17.0.19
j  org.springframework.boot.devtools.restart.RestartLauncher.run()V+47
v  ~StubRoutines::call_stub

Compiled method (n/a) 1534 1060     n 0       java.lang.ClassLoader::defineClass0 (native)
 total in heap  [0x0000018073c57d90,0x0000018073c582b8] = 1320
 relocation     [0x0000018073c57ef0,0x0000018073c57f28] = 56
 main code      [0x0000018073c57f40,0x0000018073c582b8] = 888

[Constant Pool (empty)]

[MachCode]
[Entry Point]
  # {method} {0x0000018000011490} 'defineClass0' '(Ljava/lang/ClassLoader;Ljava/lang/Class;Ljava/lang/String;[BIILjava/security/ProtectionDomain;ZILjava/lang/Object;)Ljava/lang/Class;' in 'java/lang/ClassLoader'
  # parm0:    rdx:rdx   = 'java/lang/ClassLoader'
  # parm1:    r8:r8     = 'java/lang/Class'
  # parm2:    r9:r9     = 'java/lang/String'
  # parm3:    rdi:rdi   = '[B'
  # parm4:    rsi       = int
  # parm5:    rcx       = int
  # parm6:    [sp+0xb0]   = 'java/security/ProtectionDomain'  (sp of caller)
  # parm7:    [sp+0xb8]   = boolean
  # parm8:    [sp+0xc0]   = int
  # parm9:    [sp+0xc8]   = 'java/lang/Object'
  0x0000018073c57f40: 448b 5208 | 49bb 0000 | 0000 8001 | 0000 4d03 | d349 3bc2 | 0f84 0600 

  0x0000018073c57f58: ;   {runtime_call ic_miss_stub}
  0x0000018073c57f58: 0000 e921 | 91c9 ff90 
[Verified Entry Point]
  0x0000018073c57f60: 8984 2400 | 90ff ff55 | 488b ec48 | 81ec a000 | 0000 4881 | 7d28 0000 | 0000 488d | 4528 480f 
  0x0000018073c57f80: 4445 2848 | 8944 2458 | 4863 4520 | 4889 4424 | 5048 6345 | 1848 8944 | 2448 4881 | 7d10 0000 
  0x0000018073c57fa0: 0000 488d | 4510 480f | 4445 1048 | 8944 2440 | 4889 4c24 | 3848 8974 | 2430 4889 | 7c24 7848 
  0x0000018073c57fc0: 83ff 0048 | 8d44 2478 | 480f 4444 | 2478 4889 | 4424 284c | 894c 2470 | 4983 f900 | 488d 4424 
  0x0000018073c57fe0: 7048 0f44 | 4424 7048 | 8944 2420 | 4c89 4424 | 6849 83f8 | 004c 8d4c | 2468 4c0f | 444c 2468 
  0x0000018073c58000: 4889 5424 | 6048 83fa | 004c 8d44 | 2460 4c0f | 4444 2460 

  0x0000018073c58014: ;   {oop(a 'java/lang/Class'{0x00000007434f39e8} = 'java/lang/ClassLoader')}
  0x0000018073c58014: 49be e839 | 4f43 0700 | 0000 4c89 | b424 9000 | 0000 4c8d | b424 9000 | 0000 498b | d6c5 f877 
  0x0000018073c58034: ;   {internal_word}
  0x0000018073c58034: 49ba 3180 | c573 8001 | 0000 4d89 | 97a8 0200 | 0049 89a7 | a002 0000 

  0x0000018073c5804c: ;   {external_word}
  0x0000018073c5804c: 49ba dbb8 | 3d51 fb7f | 0000 4180 | 3a00 0f84 | 5200 0000 | 5241 5041 

  0x0000018073c58064: ;   {metadata({method} {0x0000018000011490} 'defineClass0' '(Ljava/lang/ClassLoader;Ljava/lang/Class;Ljava/lang/String;[BIILjava/security/ProtectionDomain;ZILjava/lang/Object;)Ljava/lang/Class;' in 'java/lang/ClassLoader')}
  0x0000018073c58064: 5148 ba88 | 1401 0080 | 0100 0049 | 8bcf 4883 | ec20 f7c4 | 0f00 0000 | 0f84 1a00 | 0000 4883 
  0x0000018073c58084: ;   {runtime_call}
  0x0000018073c58084: ec08 49ba | e059 f350 | fb7f 0000 | 41ff d248 | 83c4 08e9 | 0d00 0000 

  0x0000018073c5809c: ;   {runtime_call}
  0x0000018073c5809c: 49ba e059 | f350 fb7f | 0000 41ff | d248 83c4 | 2041 5941 | 585a 498d | 8fc0 0200 | 0041 c787 
  0x0000018073c580bc: 4803 0000 | 0400 0000 

  0x0000018073c580c4: ;   {runtime_call}
  0x0000018073c580c4: 49ba 3c15 | a783 fb7f | 0000 41ff | d2c5 f877 | 41c7 8748 | 0300 0005 | 0000 00f0 | 8344 24c0 
  0x0000018073c580e4: 0049 3baf | 5003 0000 | 0f87 1100 | 0000 4181 | bf38 0300 | 0000 0000 | 000f 842c | 0000 00c5 
  0x0000018073c58104: f877 4889 | 45f8 498b | cf4c 8be4 | 4883 ec20 | 4883 e4f0 

  0x0000018073c58118: ;   {runtime_call}
  0x0000018073c58118: 49ba 8067 | 0351 fb7f | 0000 41ff | d249 8be4 | 4d33 e448 | 8b45 f841 | c787 4803 | 0000 0800 
  0x0000018073c58138: 0000 4181 | bfb8 0300 | 0002 0000 | 000f 843f 

  0x0000018073c58148: ;   {external_word}
  0x0000018073c58148: 0100 0049 | badb b83d | 51fb 7f00 | 0041 803a | 000f 8450 | 0000 0048 

  0x0000018073c58160: ;   {metadata({method} {0x0000018000011490} 'defineClass0' '(Ljava/lang/ClassLoader;Ljava/lang/Class;Ljava/lang/String;[BIILjava/security/ProtectionDomain;ZILjava/lang/Object;)Ljava/lang/Class;' in 'java/lang/ClassLoader')}
  0x0000018073c58160: 8945 f848 | ba88 1401 | 0080 0100 | 0049 8bcf | 4883 ec20 | f7c4 0f00 | 0000 0f84 | 1a00 0000 
  0x0000018073c58180: 4883 ec08 

  0x0000018073c58184: ;   {runtime_call}
  0x0000018073c58184: 49ba e059 | f350 fb7f | 0000 41ff | d248 83c4 | 08e9 0d00 

  0x0000018073c58198: ;   {runtime_call}
  0x0000018073c58198: 0000 49ba | e059 f350 | fb7f 0000 | 41ff d248 | 83c4 2048 | 8b45 f849 | c787 a002 | 0000 0000 
  0x0000018073c581b8: 0000 49c7 | 87a8 0200 | 0000 0000 | 00c5 f877 | 4885 c00f | 8493 0000 | 0048 f7c0 | 0100 0000 
  0x0000018073c581d8: 0f84 8300 | 0000 488b | 40ff 4180 | 7f38 000f | 846f 0000 | 0048 83f8 | 000f 8465 | 0000 0049 
  0x0000018073c581f8: 8b4f 2048 | 83f9 000f | 8414 0000 | 0048 83e9 | 0849 894f | 2049 034f | 3048 8901 | e943 0000 
  0x0000018073c58218: 0050 498b | d748 8bc8 | 4883 ec20 | f7c4 0f00 | 0000 0f84 | 1a00 0000 | 4883 ec08 

  0x0000018073c58234: ;   {runtime_call}
  0x0000018073c58234: 49ba 10d1 | b150 fb7f | 0000 41ff | d248 83c4 | 08e9 0d00 

  0x0000018073c58248: ;   {runtime_call}
  0x0000018073c58248: 0000 49ba | 10d1 b150 | fb7f 0000 | 41ff d248 | 83c4 2058 | e903 0000 | 0048 8b00 | 498b 8fd8 
  0x0000018073c58268: 0000 00c7 | 8100 0100 | 0000 0000 | 00c9 4981 | 7f08 0000 | 0000 0f85 | 0100 0000 

  0x0000018073c58284: ;   {runtime_call StubRoutines (1)}
  0x0000018073c58284: c3e9 768c | c4ff c5f8 | 7748 8945 | f84c 8be4 | 4883 ec20 | 4883 e4f0 

  0x0000018073c5829c: ;   {runtime_call}
  0x0000018073c5829c: 49ba a08a | f350 fb7f | 0000 41ff | d249 8be4 | 4d33 e448 | 8b45 f8e9 | 93fe ffff 
[/MachCode]


Compiled method (c1) 1567  751       1       java.lang.invoke.LambdaForm::prepare (112 bytes)
 total in heap  [0x0000018073bddb90,0x0000018073bde3d8] = 2120
 relocation     [0x0000018073bddcf0,0x0000018073bddd80] = 144
 main code      [0x0000018073bddd80,0x0000018073bde140] = 960
 stub code      [0x0000018073bde140,0x0000018073bde1c8] = 136
 metadata       [0x0000018073bde1c8,0x0000018073bde200] = 56
 scopes data    [0x0000018073bde200,0x0000018073bde290] = 144
 scopes pcs     [0x0000018073bde290,0x0000018073bde390] = 256
 dependencies   [0x0000018073bde390,0x0000018073bde3a0] = 16
 nul chk table  [0x0000018073bde3a0,0x0000018073bde3d8] = 56

[Constant Pool (empty)]

[MachCode]
[Entry Point]
  # {method} {0x00000180000b9f08} 'prepare' '()V' in 'java/lang/invoke/LambdaForm'
  #           [sp+0x90]  (sp of caller)
  0x0000018073bddd80: 448b 5208 | 49bb 0000 | 0000 8001 | 0000 4d03 | d34c 3bd0 

  0x0000018073bddd94: ;   {runtime_call ic_miss_stub}
  0x0000018073bddd94: 0f85 e632 | d1ff 660f | 1f44 0000 
[Verified Entry Point]
  0x0000018073bddda0: 8984 2400 | 90ff ff55 | 4881 ec80 | 0000 0048 | 8954 2460 | 8b72 1483 | feff be00 | 0000 000f 
  0x0000018073bdddc0: 8505 0000 | 00be 0100 | 0000 83e6 | 0183 fe00 | 0f85 2300 | 0000 0fbe | 7219 83fe | 000f 8516 
  0x0000018073bddde0: 0000 0048 | 8bf2 488b | d666 0f1f 

  0x0000018073bdddec: ;   {optimized virtual_call}
  0x0000018073bdddec: 4400 00e8 

  0x0000018073bdddf0: ; ImmutableOopMap {[96]=Oop }
                      ;*invokevirtual compileToBytecode {reexecute=0 rethrow=0 return_oop=0}
                      ; - java.lang.invoke.LambdaForm::prepare@21 (line 812)
  0x0000018073bdddf0: 5103 0000 | 488b 5424 | 608b 7228 | 48c1 e603 | 4883 fe00 | 0f85 f401 | 0000 488b | f248 8bd6 
  0x0000018073bdde10: 0f1f 8000 

  0x0000018073bdde14: ;   {optimized virtual_call}
  0x0000018073bdde14: 0000 00e8 

  0x0000018073bdde18: ; ImmutableOopMap {[96]=Oop }
                      ;*invokevirtual methodType {reexecute=0 rethrow=0 return_oop=0}
                      ; - java.lang.invoke.LambdaForm::prepare@33 (line 818)
  0x0000018073bdde18: 6435 d1ff 

  0x0000018073bdde1c: ; implicit exception: dispatches to 0x0000018073bde014
  0x0000018073bdde1c: 8b50 1448 | c1e2 038b | 521c 48c1 | e203 8b72 | 0c83 fe06 | 0f86 ed01 | 0000 8b52 | 2848 c1e2 
  0x0000018073bdde3c: 0348 83fa | 000f 847b | 0000 0048 | 3b02 8b72 | 0c48 c1e6 | 0341 0fbe | 7f38 83ff | 000f 85db 
  0x0000018073bdde5c: 0100 0048 | 83fe 000f | 841f 0000 | 0048 8b7a 

  0x0000018073bdde6c: ;   {oop(a 'java/lang/Class'{0x00000007433c0840} = 'java/lang/ref/SoftReference')}
  0x0000018073bdde6c: 2048 b940 | 083c 4307 | 0000 004c | 8b41 7049 | 3bf8 0f84 | 0400 0000 | 4c89 4220 | 4883 fe00 
  0x0000018073bdde8c: 0f84 2800 

  0x0000018073bdde90: ;   {metadata('java/lang/invoke/LambdaForm')}
  0x0000018073bdde90: 0000 48b9 | 5896 0b00 | 8001 0000 | 8b56 0849 | ba00 0000 | 0080 0100 | 0049 03d2 | 483b ca0f 
  0x0000018073bddeb0: 859d 0100 | 00e9 0000 | 0000 488b | d6e9 0a00 

  0x0000018073bddec0: ;   {oop(NULL)}
  0x0000018073bddec0: 0000 48ba | 0000 0000 | 0000 0000 | 4883 fa00 | 0f85 d900 

  0x0000018073bdded4: ;   {metadata('java/lang/invoke/LambdaForm')}
  0x0000018073bdded4: 0000 48ba | 5896 0b00 | 8001 0000 | 488b d849 | 8b87 0801 | 0000 488d | 7830 493b | bf18 0100 
  0x0000018073bddef4: 000f 8760 | 0100 0049 | 89bf 0801 | 0000 48c7 | 0001 0000 | 0048 8bca | 49ba 0000 | 0000 8001 
  0x0000018073bddf14: 0000 492b | ca89 4808 | 4833 c989 | 480c 4833 | c948 8948 | 1048 8948 | 1848 8948 | 2048 8948 
  0x0000018073bddf34: 284c 8bc3 | 488b d048 | 8944 2470 | 4889 5c24 

  0x0000018073bddf44: ;   {optimized virtual_call}
  0x0000018073bddf44: 6866 90e8 

  0x0000018073bddf48: ; ImmutableOopMap {[96]=Oop [112]=Oop [104]=Oop }
                      ;*invokespecial <init> {reexecute=0 rethrow=0 return_oop=0}
                      ; - java.lang.invoke.LambdaForm::prepare@80 (line 822)
  0x0000018073bddf48: 3434 d1ff | 488b 5424 | 6866 0f1f 

  0x0000018073bddf54: ;   {static_call}
  0x0000018073bddf54: 4400 00e8 

  0x0000018073bddf58: ; ImmutableOopMap {[96]=Oop [112]=Oop [104]=Oop }
                      ;*invokestatic generateLambdaFormInterpreterEntryPoint {reexecute=0 rethrow=0 return_oop=0}
                      ; - java.lang.invoke.LambdaForm::prepare@86 (line 823)
  0x0000018073bddf58: 243a d1ff | 450f be47 | 3841 83f8 | 004c 8b4c | 2470 0f85 | f800 0000 | 4c8b d049 | c1ea 0345 
  0x0000018073bddf78: 8951 284d | 8bc1 4c33 | c049 c1e8 | 1549 83f8 | 000f 85f9 | 0000 0048 | 8b44 2468 | 8b50 1448 
  0x0000018073bddf98: c1e2 0348 | 3b02 41b8 | 0600 0000 

  0x0000018073bddfa4: ;   {optimized virtual_call}
  0x0000018073bddfa4: 6666 90e8 

  0x0000018073bddfa8: ; ImmutableOopMap {[96]=Oop }
                      ;*invokevirtual setCachedLambdaForm {reexecute=0 rethrow=0 return_oop=0}
                      ; - java.lang.invoke.LambdaForm::prepare@99 (line 824)
  0x0000018073bddfa8: d433 d1ff | 488b d048 | 8b74 2460 

  0x0000018073bddfb4: ; implicit exception: dispatches to 0x0000018073bde0a5
  0x0000018073bddfb4: 8b7a 2848 | c1e7 0341 | 0fbe 5f38 | 83fb 000f | 85e1 0000 | 004c 8bd7 | 49c1 ea03 | 4489 5628 
  0x0000018073bddfd4: 488b d648 | 33d7 48c1 | ea15 4883 | fa00 0f85 | e100 0000 | 4881 c480 | 0000 005d 

  0x0000018073bddff0: ;   {poll_return}
  0x0000018073bddff0: 493b a750 | 0300 000f | 87e4 0000 | 00c3 4881 | c480 0000 

  0x0000018073bde004: ;   {poll_return}
  0x0000018073bde004: 005d 493b | a750 0300 | 000f 87e4 | 0000 00c3 

  0x0000018073bde014: ;   {runtime_call throw_null_pointer_exception Runtime1 stub}
  0x0000018073bde014: e807 30db 

  0x0000018073bde018: ; ImmutableOopMap {[96]=Oop rax=Oop }
                      ;*invokevirtual form {reexecute=0 rethrow=0 return_oop=0}
                      ; - java.lang.invoke.LambdaForm::prepare@38 (line 819)
                      ;   {runtime_call throw_null_pointer_exception Runtime1 stub}
  0x0000018073bde018: ffe8 0230 

  0x0000018073bde01c: ; ImmutableOopMap {[96]=Oop rax=Oop }
                      ;*invokevirtual cachedLambdaForm {reexecute=0 rethrow=0 return_oop=0}
                      ; - java.lang.invoke.LambdaForm::prepare@43 (line 819)
                      ;   {runtime_call throw_null_pointer_exception Runtime1 stub}
  0x0000018073bde01c: dbff e8fd 

  0x0000018073bde020: ; ImmutableOopMap {[96]=Oop rax=Oop rdx=Oop }
                      ;*aaload {reexecute=0 rethrow=0 return_oop=0}
                      ; - java.lang.invoke.MethodTypeForm::cachedLambdaForm@5 (line 131)
                      ; - java.lang.invoke.LambdaForm::prepare@43 (line 819)
  0x0000018073bde020: 2fdb ff48 | c704 2406 | 0000 0048 | 8954 2408 

  0x0000018073bde030: ;   {runtime_call throw_range_check_failed Runtime1 stub}
  0x0000018073bde030: e8eb 26db 

  0x0000018073bde034: ; ImmutableOopMap {[96]=Oop rax=Oop rdx=Oop }
                      ;*aaload {reexecute=0 rethrow=0 return_oop=0}
                      ; - java.lang.invoke.MethodTypeForm::cachedLambdaForm@5 (line 131)
                      ; - java.lang.invoke.LambdaForm::prepare@43 (line 819)
                      ;   {runtime_call throw_null_pointer_exception Runtime1 stub}
  0x0000018073bde034: ffe8 e62f 

  0x0000018073bde038: ; ImmutableOopMap {[96]=Oop rax=Oop rdx=Oop }
                      ;*invokevirtual get {reexecute=0 rethrow=0 return_oop=0}
                      ; - java.lang.invoke.MethodTypeForm::cachedLambdaForm@12 (line 132)
                      ; - java.lang.invoke.LambdaForm::prepare@43 (line 819)
  0x0000018073bde038: dbff 4883 | fe00 0f84 | 1bfe ffff | 4889 3424 

  0x0000018073bde048: ;   {runtime_call g1_pre_barrier_slow}
  0x0000018073bde048: e8b3 86db | ffe9 0dfe | ffff 4889 

  0x0000018073bde054: ;   {runtime_call throw_class_cast_exception Runtime1 stub}
  0x0000018073bde054: 3424 e8c5 

  0x0000018073bde058: ; ImmutableOopMap {[96]=Oop rax=Oop }
                      ;*checkcast {reexecute=0 rethrow=0 return_oop=0}
                      ; - java.lang.invoke.MethodTypeForm::cachedLambdaForm@15 (line 132)
                      ; - java.lang.invoke.LambdaForm::prepare@43 (line 819)
  0x0000018073bde058: 53db ff48 

  0x0000018073bde05c: ;   {runtime_call fast_new_instance Runtime1 stub}
  0x0000018073bde05c: 8bd2 e89d 

  0x0000018073bde060: ; ImmutableOopMap {[96]=Oop rbx=Oop }
                      ;*new {reexecute=0 rethrow=0 return_oop=0}
                      ; - java.lang.invoke.LambdaForm::prepare@75 (line 822)
  0x0000018073bde060: 38db ffe9 | cdfe ffff | 458b 4128 | 49c1 e003 | 4983 f800 | 0f84 f6fe | ffff 4c89 

  0x0000018073bde07c: ;   {runtime_call g1_pre_barrier_slow}
  0x0000018073bde07c: 0424 e87d | 86db ffe9 | e8fe ffff | 4883 f800 | 0f84 fdfe | ffff 4c89 

  0x0000018073bde094: ;   {runtime_call g1_post_barrier_slow}
  0x0000018073bde094: 0c24 e865 | 89db ffe9 | effe ffff 

  0x0000018073bde0a0: ;   {runtime_call throw_null_pointer_exception Runtime1 stub}
  0x0000018073bde0a0: e87b 2fdb 

  0x0000018073bde0a4: ; ImmutableOopMap {[96]=Oop r9=Oop rdx=Oop }
                      ;*invokevirtual setCachedLambdaForm {reexecute=0 rethrow=0 return_oop=0}
                      ; - java.lang.invoke.LambdaForm::prepare@99 (line 824)
                      ;   {runtime_call throw_null_pointer_exception Runtime1 stub}
  0x0000018073bde0a4: ffe8 762f 

  0x0000018073bde0a8: ; ImmutableOopMap {rsi=Oop [96]=Oop }
                      ;*getfield vmentry {reexecute=1 rethrow=0 return_oop=0}
                      ; - (reexecute) java.lang.invoke.LambdaForm::prepare@105 (line 826)
  0x0000018073bde0a8: dbff 8b5e | 2848 c1e3 | 0348 83fb | 000f 840e | ffff ff48 

  0x0000018073bde0bc: ;   {runtime_call g1_pre_barrier_slow}
  0x0000018073bde0bc: 891c 24e8 | 3c86 dbff | e900 ffff | ff48 83ff | 000f 8415 | ffff ff48 

  0x0000018073bde0d4: ;   {runtime_call g1_post_barrier_slow}
  0x0000018073bde0d4: 8934 24e8 | 2489 dbff | e907 ffff 

  0x0000018073bde0e0: ;   {internal_word}
  0x0000018073bde0e0: ff49 baf0 | dfbd 7380 | 0100 004d | 8997 6803 

  0x0000018073bde0f0: ;   {runtime_call SafepointBlob}
  0x0000018073bde0f0: 0000 e909 

  0x0000018073bde0f4: ;   {internal_word}
  0x0000018073bde0f4: 99d1 ff49 | ba06 e0bd | 7380 0100 | 004d 8997 | 6803 0000 

  0x0000018073bde108: ;   {runtime_call SafepointBlob}
  0x0000018073bde108: e9f3 98d1 | ff90 9049 | 8b87 e003 | 0000 49c7 | 87e0 0300 | 0000 0000 | 0049 c787 | e803 0000 
  0x0000018073bde128: 0000 0000 | 4881 c480 | 0000 005d 

  0x0000018073bde134: ;   {runtime_call unwind_exception Runtime1 stub}
  0x0000018073bde134: e9c7 1fdb | fff4 f4f4 | f4f4 f4f4 
[Stub Code]
  0x0000018073bde140: ;   {no_reloc}
  0x0000018073bde140: 0f1f 4400 

  0x0000018073bde144: ;   {static_stub}
  0x0000018073bde144: 0048 bb50 | 9e0b 0080 

  0x0000018073bde14c: ;   {runtime_call I2C/C2I adapters}
  0x0000018073bde14c: 0100 00e9 | 057c d1ff 

  0x0000018073bde154: ;   {static_stub}
  0x0000018073bde154: 9048 bb00 | 0000 0000 

  0x0000018073bde15c: ;   {runtime_call}
  0x0000018073bde15c: 0000 00e9 | fbff ffff 

  0x0000018073bde164: ;   {static_stub}
  0x0000018073bde164: 9048 bb00 | 0000 0000 

  0x0000018073bde16c: ;   {runtime_call}
  0x0000018073bde16c: 0000 00e9 | fbff ffff 

  0x0000018073bde174: ;   {static_stub}
  0x0000018073bde174: 9048 bb00 | 0000 0000 

  0x0000018073bde17c: ;   {runtime_call}
  0x0000018073bde17c: 0000 00e9 | fbff ffff 

  0x0000018073bde184: ;   {static_stub}
  0x0000018073bde184: 9048 bb00 | 0000 0000 

  0x0000018073bde18c: ;   {runtime_call}
  0x0000018073bde18c: 0000 00e9 | fbff ffff 
[Exception Handler]
  0x0000018073bde194: ;   {runtime_call handle_exception_from_callee Runtime1 stub}
  0x0000018073bde194: e867 4cdb 

  0x0000018073bde198: ;   {external_word}
  0x0000018073bde198: ff48 b950 | ba17 51fb | 7f00 0048 

  0x0000018073bde1a4: ;   {runtime_call}
  0x0000018073bde1a4: 83e4 f049 | ba00 34e0 | 50fb 7f00 | 0041 ffd2 

  0x0000018073bde1b4: ;   {section_word}
  0x0000018073bde1b4: f449 bab5 | e1bd 7380 | 0100 0041 

  0x0000018073bde1c0: ;   {runtime_call DeoptimizationBlob}
  0x0000018073bde1c0: 52e9 da8a | d1ff f4f4 
[/MachCode]


Compiled method (c1) 1589  750       1       java.lang.invoke.MethodHandle::<init> (37 bytes)
 total in heap  [0x0000018073bdd510,0x0000018073bddb50] = 1600
 relocation     [0x0000018073bdd670,0x0000018073bdd6d8] = 104
 main code      [0x0000018073bdd6e0,0x0000018073bdd980] = 672
 stub code      [0x0000018073bdd980,0x0000018073bdd9f8] = 120
 metadata       [0x0000018073bdd9f8,0x0000018073bdda28] = 48
 scopes data    [0x0000018073bdda28,0x0000018073bdda88] = 96
 scopes pcs     [0x0000018073bdda88,0x0000018073bddb28] = 160
 dependencies   [0x0000018073bddb28,0x0000018073bddb38] = 16
 nul chk table  [0x0000018073bddb38,0x0000018073bddb50] = 24

[Constant Pool (empty)]

[MachCode]
[Entry Point]
  # {method} {0x00000180003a6a28} '<init>' '(Ljava/lang/invoke/MethodType;Ljava/lang/invoke/LambdaForm;)V' in 'java/lang/invoke/MethodHandle'
  # this:     rdx:rdx   = 'java/lang/invoke/MethodHandle'
  # parm0:    r8:r8     = 'java/lang/invoke/MethodType'
  # parm1:    r9:r9     = 'java/lang/invoke/LambdaForm'
  #           [sp+0x70]  (sp of caller)
  0x0000018073bdd6e0: 448b 5208 | 49bb 0000 | 0000 8001 | 0000 4d03 | d34c 3bd0 

  0x0000018073bdd6f4: ;   {runtime_call ic_miss_stub}
  0x0000018073bdd6f4: 0f85 8639 | d1ff 660f | 1f44 0000 
[Verified Entry Point]
  0x0000018073bdd700: 8984 2400 | 90ff ff55 | 4883 ec60 | 4889 5424 | 3049 83f8 | 000f 8413 | 0100 0041 | 0fbe 7738 
  0x0000018073bdd720: 83fe 000f | 857d 0100 | 004d 8bd0 | 49c1 ea03 | 4489 5210 | 488b f249 | 33f0 48c1 | ee15 4883 
  0x0000018073bdd740: fe00 0f85 | 7d01 0000 | 4983 f900 | 0f84 6500 | 0000 493b | 0149 8bd1 | 0f1f 8000 

  0x0000018073bdd75c: ;   {optimized virtual_call}
  0x0000018073bdd75c: 0000 00e8 

  0x0000018073bdd760: ; ImmutableOopMap {[48]=Oop }
                      ;*invokevirtual uncustomize {reexecute=0 rethrow=0 return_oop=0}
                      ; - java.lang.invoke.MethodHandle::<init>@23 (line 479)
  0x0000018073bdd760: 7cbc fdff | 410f be57 | 3883 fa00 | 488b 5424 | 300f 856b | 0100 004c | 8bd0 49c1 | ea03 4489 
  0x0000018073bdd780: 5214 488b | f248 33f0 | 48c1 ee15 | 4883 fe00 | 0f85 6b01 | 0000 483b | 0048 8bd0 

  0x0000018073bdd79c: ;   {optimized virtual_call}
  0x0000018073bdd79c: 6666 90e8 

  0x0000018073bdd7a0: ; ImmutableOopMap {}
                      ;*invokevirtual prepare {reexecute=0 rethrow=0 return_oop=0}
                      ; - java.lang.invoke.MethodHandle::<init>@33 (line 481)
  0x0000018073bdd7a0: fc05 0000 | 4883 c460 

  0x0000018073bdd7a8: ;   {poll_return}
  0x0000018073bdd7a8: 5d49 3ba7 | 5003 0000 | 0f87 6801 

  0x0000018073bdd7b4: ;   {metadata('java/lang/NullPointerException')}
  0x0000018073bdd7b4: 0000 c348 | ba30 1a06 | 0080 0100 | 0049 8b87 | 0801 0000 | 488d 7830 | 493b bf18 | 0100 000f 
  0x0000018073bdd7d4: 875b 0100 | 0049 89bf | 0801 0000 | 48c7 0001 | 0000 0048 | 8bca 49ba | 0000 0000 | 8001 0000 
  0x0000018073bdd7f4: 492b ca89 | 4808 4833 | c989 480c | 4833 c948 | 8948 1048 | 8948 1848 | 8948 2048 | 8948 2848 
  0x0000018073bdd814: 8bd0 4889 | 4424 380f 

  0x0000018073bdd81c: ;   {optimized virtual_call}
  0x0000018073bdd81c: 1f40 00e8 

  0x0000018073bdd820: ; ImmutableOopMap {[48]=Oop [56]=Oop }
                      ;*invokespecial <init> {reexecute=0 rethrow=0 return_oop=0}
                      ; - java.util.Objects::requireNonNull@8 (line 209)
                      ; - java.lang.invoke.MethodHandle::<init>@17 (line 479)
  0x0000018073bdd820: 5c3b d1ff | 488b 4424 | 38e9 3f01 | 0000 4c89 

  0x0000018073bdd830: ;   {metadata('java/lang/NullPointerException')}
  0x0000018073bdd830: 4c24 4848 | ba30 1a06 | 0080 0100 | 0049 8b87 | 0801 0000 | 488d 7830 | 493b bf18 | 0100 000f 
  0x0000018073bdd850: 87ec 0000 | 0049 89bf | 0801 0000 | 48c7 0001 | 0000 0048 | 8bca 49ba | 0000 0000 | 8001 0000 
  0x0000018073bdd870: 492b ca89 | 4808 4833 | c989 480c | 4833 c948 | 8948 1048 | 8948 1848 | 8948 2048 | 8948 2848 
  0x0000018073bdd890: 8bd0 4889 

  0x0000018073bdd894: ;   {optimized virtual_call}
  0x0000018073bdd894: 4424 40e8 

  0x0000018073bdd898: ; ImmutableOopMap {[72]=Oop [64]=Oop [48]=Oop }
                      ;*invokespecial <init> {reexecute=0 rethrow=0 return_oop=0}
                      ; - java.util.Objects::requireNonNull@8 (line 209)
                      ; - java.lang.invoke.MethodHandle::<init>@6 (line 478)
  0x0000018073bdd898: e43a d1ff | 488b 4424 | 40e9 c700 | 0000 8b72 | 1048 c1e6 | 0348 83fe | 000f 8472 | feff ff48 
  0x0000018073bdd8b8: ;   {runtime_call g1_pre_barrier_slow}
  0x0000018073bdd8b8: 8934 24e8 | 408e dbff | e964 feff | ff49 83f8 | 000f 8479 | feff ff48 

  0x0000018073bdd8d0: ;   {runtime_call g1_post_barrier_slow}
  0x0000018073bdd8d0: 8914 24e8 | 2891 dbff | e96b feff 

  0x0000018073bdd8dc: ;   {runtime_call throw_null_pointer_exception Runtime1 stub}
  0x0000018073bdd8dc: ffe8 3e37 

  0x0000018073bdd8e0: ; ImmutableOopMap {r9=Oop [48]=Oop }
                      ;*invokevirtual uncustomize {reexecute=0 rethrow=0 return_oop=0}
                      ; - java.lang.invoke.MethodHandle::<init>@23 (line 479)
  0x0000018073bdd8e0: dbff 8b72 | 1448 c1e6 | 0348 83fe | 000f 8484 | feff ff48 

  0x0000018073bdd8f4: ;   {runtime_call g1_pre_barrier_slow}
  0x0000018073bdd8f4: 8934 24e8 | 048e dbff | e976 feff | ff48 83f8 | 000f 848b | feff ff48 

  0x0000018073bdd90c: ;   {runtime_call g1_post_barrier_slow}
  0x0000018073bdd90c: 8914 24e8 | ec90 dbff | e97d feff 

  0x0000018073bdd918: ;   {runtime_call throw_null_pointer_exception Runtime1 stub}
  0x0000018073bdd918: ffe8 0237 

  0x0000018073bdd91c: ; ImmutableOopMap {rax=Oop }
                      ;*invokevirtual prepare {reexecute=0 rethrow=0 return_oop=0}
                      ; - java.lang.invoke.MethodHandle::<init>@33 (line 481)
                      ;   {internal_word}
  0x0000018073bdd91c: dbff 49ba | a9d7 bd73 | 8001 0000 | 4d89 9768 

  0x0000018073bdd92c: ;   {runtime_call SafepointBlob}
  0x0000018073bdd92c: 0300 00e9 | cca0 d1ff 

  0x0000018073bdd934: ;   {runtime_call fast_new_instance Runtime1 stub}
  0x0000018073bdd934: 488b d2e8 

  0x0000018073bdd938: ; ImmutableOopMap {[48]=Oop }
                      ;*new {reexecute=0 rethrow=0 return_oop=0}
                      ; - java.util.Objects::requireNonNull@4 (line 209)
                      ; - java.lang.invoke.MethodHandle::<init>@17 (line 479)
  0x0000018073bdd938: c43f dbff | e9d2 feff | ff48 8bd2 

  0x0000018073bdd944: ;   {runtime_call fast_new_instance Runtime1 stub}
  0x0000018073bdd944: e8b7 3fdb 

  0x0000018073bdd948: ; ImmutableOopMap {[72]=Oop [48]=Oop }
                      ;*new {reexecute=0 rethrow=0 return_oop=0}
                      ; - java.util.Objects::requireNonNull@4 (line 209)
                      ; - java.lang.invoke.MethodHandle::<init>@6 (line 478)
  0x0000018073bdd948: ffe9 41ff | ffff 9090 | 498b 87e0 | 0300 0049 | c787 e003 | 0000 0000 | 0000 49c7 | 87e8 0300 
  0x0000018073bdd968: 0000 0000 | 0048 83c4 

  0x0000018073bdd970: ;   {runtime_call unwind_exception Runtime1 stub}
  0x0000018073bdd970: 605d e989 | 27db fff4 | f4f4 f4f4 | f4f4 f4f4 
[Stub Code]
  0x0000018073bdd980: ;   {no_reloc}
  0x0000018073bdd980: 0f1f 4400 

  0x0000018073bdd984: ;   {static_stub}
  0x0000018073bdd984: 0048 bb00 | 0000 0000 

  0x0000018073bdd98c: ;   {runtime_call}
  0x0000018073bdd98c: 0000 00e9 | fbff ffff 

  0x0000018073bdd994: ;   {static_stub}
  0x0000018073bdd994: 9048 bb00 | 0000 0000 

  0x0000018073bdd99c: ;   {runtime_call}
  0x0000018073bdd99c: 0000 00e9 | fbff ffff 

  0x0000018073bdd9a4: ;   {static_stub}
  0x0000018073bdd9a4: 9048 bb00 | 0000 0000 

  0x0000018073bdd9ac: ;   {runtime_call}
  0x0000018073bdd9ac: 0000 00e9 | fbff ffff 

  0x0000018073bdd9b4: ;   {static_stub}
  0x0000018073bdd9b4: 9048 bb00 | 0000 0000 

  0x0000018073bdd9bc: ;   {runtime_call}
  0x0000018073bdd9bc: 0000 00e9 | fbff ffff 
[Exception Handler]
  0x0000018073bdd9c4: ;   {runtime_call handle_exception_from_callee Runtime1 stub}
  0x0000018073bdd9c4: e837 54db 

  0x0000018073bdd9c8: ;   {external_word}
  0x0000018073bdd9c8: ff48 b950 | ba17 51fb | 7f00 0048 

  0x0000018073bdd9d4: ;   {runtime_call}
  0x0000018073bdd9d4: 83e4 f049 | ba00 34e0 | 50fb 7f00 | 0041 ffd2 

  0x0000018073bdd9e4: ;   {section_word}
  0x0000018073bdd9e4: f449 bae5 | d9bd 7380 | 0100 0041 

  0x0000018073bdd9f0: ;   {runtime_call DeoptimizationBlob}
  0x0000018073bdd9f0: 52e9 aa92 | d1ff f4f4 
[/MachCode]


---------------  P R O C E S S  ---------------

Threads class SMR info:
_java_thread_list=0x0000018045615960, length=16, elements={
0x000001806bd17ad0, 0x000001807fba7290, 0x000001807fba8110, 0x000001807fbbaf60,
0x000001807fbbcc90, 0x000001807fbbf660, 0x000001807fbc0020, 0x000001807fbc0a90,
0x000001807fbc3c40, 0x000001807fb8c890, 0x000001807fcad960, 0x000001807fcade80,
0x00000180450742e0, 0x00000180450747c0, 0x0000018045615250, 0x00000180456163e0
}

Java Threads: ( => current thread )
  0x000001806bd17ad0 JavaThread "main" [_thread_blocked, id=12536, stack(0x0000004b0ab00000,0x0000004b0ac00000)]
  0x000001807fba7290 JavaThread "Reference Handler" daemon [_thread_blocked, id=8900, stack(0x0000004b0b200000,0x0000004b0b300000)]
  0x000001807fba8110 JavaThread "Finalizer" daemon [_thread_blocked, id=14264, stack(0x0000004b0b300000,0x0000004b0b400000)]
  0x000001807fbbaf60 JavaThread "Signal Dispatcher" daemon [_thread_blocked, id=10780, stack(0x0000004b0b400000,0x0000004b0b500000)]
  0x000001807fbbcc90 JavaThread "Attach Listener" daemon [_thread_blocked, id=14856, stack(0x0000004b0b500000,0x0000004b0b600000)]
  0x000001807fbbf660 JavaThread "Service Thread" daemon [_thread_blocked, id=15316, stack(0x0000004b0b600000,0x0000004b0b700000)]
  0x000001807fbc0020 JavaThread "Monitor Deflation Thread" daemon [_thread_blocked, id=5424, stack(0x0000004b0b700000,0x0000004b0b800000)]
  0x000001807fbc0a90 JavaThread "C1 CompilerThread0" daemon [_thread_blocked, id=1800, stack(0x0000004b0b800000,0x0000004b0b900000)]
  0x000001807fbc3c40 JavaThread "Sweeper thread" daemon [_thread_blocked, id=8156, stack(0x0000004b0b900000,0x0000004b0ba00000)]
  0x000001807fb8c890 JavaThread "Common-Cleaner" daemon [_thread_blocked, id=4164, stack(0x0000004b0ba00000,0x0000004b0bb00000)]
  0x000001807fcad960 JavaThread "C1 CompilerThread1" daemon [_thread_blocked, id=8908, stack(0x0000004b0bb00000,0x0000004b0bc00000)]
  0x000001807fcade80 JavaThread "C1 CompilerThread2" daemon [_thread_blocked, id=11736, stack(0x0000004b0bc00000,0x0000004b0bd00000)]
  0x00000180450742e0 JavaThread "Monitor Ctrl-Break" daemon [_thread_in_native, id=3608, stack(0x0000004b0bd00000,0x0000004b0be00000)]
  0x00000180450747c0 JavaThread "Notification Thread" daemon [_thread_blocked, id=6744, stack(0x0000004b0be00000,0x0000004b0bf00000)]
  0x0000018045615250 JavaThread "Thread-0" [_thread_blocked, id=1584, stack(0x0000004b0c300000,0x0000004b0c400000)]
=>0x00000180456163e0 JavaThread "restartedMain" [_thread_in_vm, id=13536, stack(0x0000004b0c400000,0x0000004b0c500000)]

Other Threads:
  0x000001807fb9f430 VMThread "VM Thread" [stack: 0x0000004b0b100000,0x0000004b0b200000] [id=12784]
  0x000001806bd18950 WatcherThread [stack: 0x0000004b0bf00000,0x0000004b0c000000] [id=12760]
  0x000001806bd6d9c0 GCTaskThread "GC Thread#0" [stack: 0x0000004b0ac00000,0x0000004b0ad00000] [id=4340]
  0x00000180454fc010 GCTaskThread "GC Thread#1" [stack: 0x0000004b0c000000,0x0000004b0c100000] [id=16676]
  0x00000180454fc2e0 GCTaskThread "GC Thread#2" [stack: 0x0000004b0c100000,0x0000004b0c200000] [id=6328]
  0x00000180454fc5b0 GCTaskThread "GC Thread#3" [stack: 0x0000004b0c200000,0x0000004b0c300000] [id=12132]
  0x000001806bd7b630 ConcurrentGCThread "G1 Main Marker" [stack: 0x0000004b0ad00000,0x0000004b0ae00000] [id=11732]
  0x000001806bd7c050 ConcurrentGCThread "G1 Conc#0" [stack: 0x0000004b0ae00000,0x0000004b0af00000] [id=7004]
  0x000001806bdb76f0 ConcurrentGCThread "G1 Refine#0" [stack: 0x0000004b0af00000,0x0000004b0b000000] [id=10840]
  0x000001807fa63230 ConcurrentGCThread "G1 Service" [stack: 0x0000004b0b000000,0x0000004b0b100000] [id=3300]

Threads with active compile tasks:

VM state: not at safepoint (normal execution)

VM Mutex/Monitor currently owned by a thread:  ([mutex/lock_event])
[0x000001806bd13840] Metaspace_lock - owner thread: 0x00000180456163e0

Heap address: 0x0000000743000000, size: 3024 MB, Compressed Oops mode: Zero based, Oop shift amount: 3

CDS archive(s) mapped at: [0x0000018000000000-0x0000018000bb0000-0x0000018000bb0000), size 12255232, SharedBaseAddress: 0x0000018000000000, ArchiveRelocationMode: 1.
Compressed class space mapped at: 0x0000018001000000-0x0000018041000000, reserved size: 1073741824
Narrow klass base: 0x0000018000000000, Narrow klass shift: 0, Narrow klass range: 0x100000000

GC Precious Log:
 CPUs: 4 total, 4 available
 Memory: 12092M
 Large Page Support: Disabled
 NUMA Support: Disabled
 Compressed Oops: Enabled (Zero based)
 Heap Region Size: 2M
 Heap Min Capacity: 8M
 Heap Initial Capacity: 190M
 Heap Max Capacity: 3024M
 Pre-touch: Disabled
 Parallel Workers: 4
 Concurrent Workers: 1
 Concurrent Refinement Workers: 4
 Periodic GC: Disabled

Heap:
 garbage-first heap   total 194560K, used 19008K [0x0000000743000000, 0x0000000800000000)
  region size 2048K, 8 young (16384K), 1 survivors (2048K)
 Metaspace       used 6408K, committed 6656K, reserved 1114112K
  class space    used 871K, committed 1024K, reserved 1048576K

Heap Regions: E=young(eden), S=young(survivor), O=old, HS=humongous(starts), HC=humongous(continues), CS=collection set, F=free, OA=open archive, CA=closed archive, TAMS=top-at-mark-start (previous, next)
|   0|0x0000000743000000, 0x0000000743200000, 0x0000000743200000|100%| O|  |TAMS 0x0000000743000000, 0x0000000743000000| Untracked 
|   1|0x0000000743200000, 0x0000000743400000, 0x0000000743400000|100%| O|  |TAMS 0x0000000743200000, 0x0000000743200000| Untracked 
|   2|0x0000000743400000, 0x00000007435d2400, 0x0000000743600000| 91%| O|  |TAMS 0x0000000743400000, 0x0000000743400000| Untracked 
|   3|0x0000000743600000, 0x0000000743600000, 0x0000000743800000|  0%| F|  |TAMS 0x0000000743600000, 0x0000000743600000| Untracked 
|   4|0x0000000743800000, 0x0000000743800000, 0x0000000743a00000|  0%| F|  |TAMS 0x0000000743800000, 0x0000000743800000| Untracked 
|   5|0x0000000743a00000, 0x0000000743a00000, 0x0000000743c00000|  0%| F|  |TAMS 0x0000000743a00000, 0x0000000743a00000| Untracked 
|   6|0x0000000743c00000, 0x0000000743c00000, 0x0000000743e00000|  0%| F|  |TAMS 0x0000000743c00000, 0x0000000743c00000| Untracked 
|   7|0x0000000743e00000, 0x0000000743e00000, 0x0000000744000000|  0%| F|  |TAMS 0x0000000743e00000, 0x0000000743e00000| Untracked 
|   8|0x0000000744000000, 0x0000000744000000, 0x0000000744200000|  0%| F|  |TAMS 0x0000000744000000, 0x0000000744000000| Untracked 
|   9|0x0000000744200000, 0x0000000744200000, 0x0000000744400000|  0%| F|  |TAMS 0x0000000744200000, 0x0000000744200000| Untracked 
|  10|0x0000000744400000, 0x0000000744400000, 0x0000000744600000|  0%| F|  |TAMS 0x0000000744400000, 0x0000000744400000| Untracked 
|  11|0x0000000744600000, 0x0000000744600000, 0x0000000744800000|  0%| F|  |TAMS 0x0000000744600000, 0x0000000744600000| Untracked 
|  12|0x0000000744800000, 0x0000000744800000, 0x0000000744a00000|  0%| F|  |TAMS 0x0000000744800000, 0x0000000744800000| Untracked 
|  13|0x0000000744a00000, 0x0000000744a00000, 0x0000000744c00000|  0%| F|  |TAMS 0x0000000744a00000, 0x0000000744a00000| Untracked 
|  14|0x0000000744c00000, 0x0000000744c00000, 0x0000000744e00000|  0%| F|  |TAMS 0x0000000744c00000, 0x0000000744c00000| Untracked 
|  15|0x0000000744e00000, 0x0000000744e00000, 0x0000000745000000|  0%| F|  |TAMS 0x0000000744e00000, 0x0000000744e00000| Untracked 
|  16|0x0000000745000000, 0x0000000745000000, 0x0000000745200000|  0%| F|  |TAMS 0x0000000745000000, 0x0000000745000000| Untracked 
|  17|0x0000000745200000, 0x0000000745200000, 0x0000000745400000|  0%| F|  |TAMS 0x0000000745200000, 0x0000000745200000| Untracked 
|  18|0x0000000745400000, 0x0000000745400000, 0x0000000745600000|  0%| F|  |TAMS 0x0000000745400000, 0x0000000745400000| Untracked 
|  19|0x0000000745600000, 0x0000000745600000, 0x0000000745800000|  0%| F|  |TAMS 0x0000000745600000, 0x0000000745600000| Untracked 
|  20|0x0000000745800000, 0x0000000745800000, 0x0000000745a00000|  0%| F|  |TAMS 0x0000000745800000, 0x0000000745800000| Untracked 
|  21|0x0000000745a00000, 0x0000000745a00000, 0x0000000745c00000|  0%| F|  |TAMS 0x0000000745a00000, 0x0000000745a00000| Untracked 
|  22|0x0000000745c00000, 0x0000000745c00000, 0x0000000745e00000|  0%| F|  |TAMS 0x0000000745c00000, 0x0000000745c00000| Untracked 
|  23|0x0000000745e00000, 0x0000000745e00000, 0x0000000746000000|  0%| F|  |TAMS 0x0000000745e00000, 0x0000000745e00000| Untracked 
|  24|0x0000000746000000, 0x0000000746000000, 0x0000000746200000|  0%| F|  |TAMS 0x0000000746000000, 0x0000000746000000| Untracked 
|  25|0x0000000746200000, 0x0000000746200000, 0x0000000746400000|  0%| F|  |TAMS 0x0000000746200000, 0x0000000746200000| Untracked 
|  26|0x0000000746400000, 0x0000000746400000, 0x0000000746600000|  0%| F|  |TAMS 0x0000000746400000, 0x0000000746400000| Untracked 
|  27|0x0000000746600000, 0x0000000746600000, 0x0000000746800000|  0%| F|  |TAMS 0x0000000746600000, 0x0000000746600000| Untracked 
|  28|0x0000000746800000, 0x0000000746800000, 0x0000000746a00000|  0%| F|  |TAMS 0x0000000746800000, 0x0000000746800000| Untracked 
|  29|0x0000000746a00000, 0x0000000746a00000, 0x0000000746c00000|  0%| F|  |TAMS 0x0000000746a00000, 0x0000000746a00000| Untracked 
|  30|0x0000000746c00000, 0x0000000746c00000, 0x0000000746e00000|  0%| F|  |TAMS 0x0000000746c00000, 0x0000000746c00000| Untracked 
|  31|0x0000000746e00000, 0x0000000746e00000, 0x0000000747000000|  0%| F|  |TAMS 0x0000000746e00000, 0x0000000746e00000| Untracked 
|  32|0x0000000747000000, 0x0000000747000000, 0x0000000747200000|  0%| F|  |TAMS 0x0000000747000000, 0x0000000747000000| Untracked 
|  33|0x0000000747200000, 0x0000000747200000, 0x0000000747400000|  0%| F|  |TAMS 0x0000000747200000, 0x0000000747200000| Untracked 
|  34|0x0000000747400000, 0x0000000747400000, 0x0000000747600000|  0%| F|  |TAMS 0x0000000747400000, 0x0000000747400000| Untracked 
|  35|0x0000000747600000, 0x0000000747600000, 0x0000000747800000|  0%| F|  |TAMS 0x0000000747600000, 0x0000000747600000| Untracked 
|  36|0x0000000747800000, 0x0000000747800000, 0x0000000747a00000|  0%| F|  |TAMS 0x0000000747800000, 0x0000000747800000| Untracked 
|  37|0x0000000747a00000, 0x0000000747a00000, 0x0000000747c00000|  0%| F|  |TAMS 0x0000000747a00000, 0x0000000747a00000| Untracked 
|  38|0x0000000747c00000, 0x0000000747c00000, 0x0000000747e00000|  0%| F|  |TAMS 0x0000000747c00000, 0x0000000747c00000| Untracked 
|  39|0x0000000747e00000, 0x0000000747e00000, 0x0000000748000000|  0%| F|  |TAMS 0x0000000747e00000, 0x0000000747e00000| Untracked 
|  40|0x0000000748000000, 0x0000000748000000, 0x0000000748200000|  0%| F|  |TAMS 0x0000000748000000, 0x0000000748000000| Untracked 
|  41|0x0000000748200000, 0x0000000748200000, 0x0000000748400000|  0%| F|  |TAMS 0x0000000748200000, 0x0000000748200000| Untracked 
|  42|0x0000000748400000, 0x0000000748400000, 0x0000000748600000|  0%| F|  |TAMS 0x0000000748400000, 0x0000000748400000| Untracked 
|  43|0x0000000748600000, 0x0000000748600000, 0x0000000748800000|  0%| F|  |TAMS 0x0000000748600000, 0x0000000748600000| Untracked 
|  44|0x0000000748800000, 0x0000000748800000, 0x0000000748a00000|  0%| F|  |TAMS 0x0000000748800000, 0x0000000748800000| Untracked 
|  45|0x0000000748a00000, 0x0000000748a00000, 0x0000000748c00000|  0%| F|  |TAMS 0x0000000748a00000, 0x0000000748a00000| Untracked 
|  46|0x0000000748c00000, 0x0000000748c00000, 0x0000000748e00000|  0%| F|  |TAMS 0x0000000748c00000, 0x0000000748c00000| Untracked 
|  47|0x0000000748e00000, 0x0000000748e00000, 0x0000000749000000|  0%| F|  |TAMS 0x0000000748e00000, 0x0000000748e00000| Untracked 
|  48|0x0000000749000000, 0x0000000749000000, 0x0000000749200000|  0%| F|  |TAMS 0x0000000749000000, 0x0000000749000000| Untracked 
|  49|0x0000000749200000, 0x0000000749200000, 0x0000000749400000|  0%| F|  |TAMS 0x0000000749200000, 0x0000000749200000| Untracked 
|  50|0x0000000749400000, 0x0000000749400000, 0x0000000749600000|  0%| F|  |TAMS 0x0000000749400000, 0x0000000749400000| Untracked 
|  51|0x0000000749600000, 0x0000000749600000, 0x0000000749800000|  0%| F|  |TAMS 0x0000000749600000, 0x0000000749600000| Untracked 
|  52|0x0000000749800000, 0x0000000749800000, 0x0000000749a00000|  0%| F|  |TAMS 0x0000000749800000, 0x0000000749800000| Untracked 
|  53|0x0000000749a00000, 0x0000000749a00000, 0x0000000749c00000|  0%| F|  |TAMS 0x0000000749a00000, 0x0000000749a00000| Untracked 
|  54|0x0000000749c00000, 0x0000000749c00000, 0x0000000749e00000|  0%| F|  |TAMS 0x0000000749c00000, 0x0000000749c00000| Untracked 
|  55|0x0000000749e00000, 0x0000000749e00000, 0x000000074a000000|  0%| F|  |TAMS 0x0000000749e00000, 0x0000000749e00000| Untracked 
|  56|0x000000074a000000, 0x000000074a000000, 0x000000074a200000|  0%| F|  |TAMS 0x000000074a000000, 0x000000074a000000| Untracked 
|  57|0x000000074a200000, 0x000000074a200000, 0x000000074a400000|  0%| F|  |TAMS 0x000000074a200000, 0x000000074a200000| Untracked 
|  58|0x000000074a400000, 0x000000074a400000, 0x000000074a600000|  0%| F|  |TAMS 0x000000074a400000, 0x000000074a400000| Untracked 
|  59|0x000000074a600000, 0x000000074a600000, 0x000000074a800000|  0%| F|  |TAMS 0x000000074a600000, 0x000000074a600000| Untracked 
|  60|0x000000074a800000, 0x000000074a800000, 0x000000074aa00000|  0%| F|  |TAMS 0x000000074a800000, 0x000000074a800000| Untracked 
|  61|0x000000074aa00000, 0x000000074aa00000, 0x000000074ac00000|  0%| F|  |TAMS 0x000000074aa00000, 0x000000074aa00000| Untracked 
|  62|0x000000074ac00000, 0x000000074ac00000, 0x000000074ae00000|  0%| F|  |TAMS 0x000000074ac00000, 0x000000074ac00000| Untracked 
|  63|0x000000074ae00000, 0x000000074ae00000, 0x000000074b000000|  0%| F|  |TAMS 0x000000074ae00000, 0x000000074ae00000| Untracked 
|  64|0x000000074b000000, 0x000000074b000000, 0x000000074b200000|  0%| F|  |TAMS 0x000000074b000000, 0x000000074b000000| Untracked 
|  65|0x000000074b200000, 0x000000074b200000, 0x000000074b400000|  0%| F|  |TAMS 0x000000074b200000, 0x000000074b200000| Untracked 
|  66|0x000000074b400000, 0x000000074b400000, 0x000000074b600000|  0%| F|  |TAMS 0x000000074b400000, 0x000000074b400000| Untracked 
|  67|0x000000074b600000, 0x000000074b600000, 0x000000074b800000|  0%| F|  |TAMS 0x000000074b600000, 0x000000074b600000| Untracked 
|  68|0x000000074b800000, 0x000000074b800000, 0x000000074ba00000|  0%| F|  |TAMS 0x000000074b800000, 0x000000074b800000| Untracked 
|  69|0x000000074ba00000, 0x000000074ba00000, 0x000000074bc00000|  0%| F|  |TAMS 0x000000074ba00000, 0x000000074ba00000| Untracked 
|  70|0x000000074bc00000, 0x000000074bc00000, 0x000000074be00000|  0%| F|  |TAMS 0x000000074bc00000, 0x000000074bc00000| Untracked 
|  71|0x000000074be00000, 0x000000074be00000, 0x000000074c000000|  0%| F|  |TAMS 0x000000074be00000, 0x000000074be00000| Untracked 
|  72|0x000000074c000000, 0x000000074c000000, 0x000000074c200000|  0%| F|  |TAMS 0x000000074c000000, 0x000000074c000000| Untracked 
|  73|0x000000074c200000, 0x000000074c200000, 0x000000074c400000|  0%| F|  |TAMS 0x000000074c200000, 0x000000074c200000| Untracked 
|  74|0x000000074c400000, 0x000000074c400000, 0x000000074c600000|  0%| F|  |TAMS 0x000000074c400000, 0x000000074c400000| Untracked 
|  75|0x000000074c600000, 0x000000074c600000, 0x000000074c800000|  0%| F|  |TAMS 0x000000074c600000, 0x000000074c600000| Untracked 
|  76|0x000000074c800000, 0x000000074c800000, 0x000000074ca00000|  0%| F|  |TAMS 0x000000074c800000, 0x000000074c800000| Untracked 
|  77|0x000000074ca00000, 0x000000074ca00000, 0x000000074cc00000|  0%| F|  |TAMS 0x000000074ca00000, 0x000000074ca00000| Untracked 
|  78|0x000000074cc00000, 0x000000074cc00000, 0x000000074ce00000|  0%| F|  |TAMS 0x000000074cc00000, 0x000000074cc00000| Untracked 
|  79|0x000000074ce00000, 0x000000074ce00000, 0x000000074d000000|  0%| F|  |TAMS 0x000000074ce00000, 0x000000074ce00000| Untracked 
|  80|0x000000074d000000, 0x000000074d000000, 0x000000074d200000|  0%| F|  |TAMS 0x000000074d000000, 0x000000074d000000| Untracked 
|  81|0x000000074d200000, 0x000000074d200000, 0x000000074d400000|  0%| F|  |TAMS 0x000000074d200000, 0x000000074d200000| Untracked 
|  82|0x000000074d400000, 0x000000074d400000, 0x000000074d600000|  0%| F|  |TAMS 0x000000074d400000, 0x000000074d400000| Untracked 
|  83|0x000000074d600000, 0x000000074d600000, 0x000000074d800000|  0%| F|  |TAMS 0x000000074d600000, 0x000000074d600000| Untracked 
|  84|0x000000074d800000, 0x000000074d800000, 0x000000074da00000|  0%| F|  |TAMS 0x000000074d800000, 0x000000074d800000| Untracked 
|  85|0x000000074da00000, 0x000000074da00000, 0x000000074dc00000|  0%| F|  |TAMS 0x000000074da00000, 0x000000074da00000| Untracked 
|  86|0x000000074dc00000, 0x000000074dc00000, 0x000000074de00000|  0%| F|  |TAMS 0x000000074dc00000, 0x000000074dc00000| Untracked 
|  87|0x000000074de00000, 0x000000074dea85b8, 0x000000074e000000| 32%| E|  |TAMS 0x000000074de00000, 0x000000074de00000| Complete 
|  88|0x000000074e000000, 0x000000074e200000, 0x000000074e200000|100%| E|CS|TAMS 0x000000074e000000, 0x000000074e000000| Complete 
|  89|0x000000074e200000, 0x000000074e400000, 0x000000074e400000|100%| E|CS|TAMS 0x000000074e200000, 0x000000074e200000| Complete 
|  90|0x000000074e400000, 0x000000074e4bde28, 0x000000074e600000| 37%| S|CS|TAMS 0x000000074e400000, 0x000000074e400000| Complete 
|  91|0x000000074e600000, 0x000000074e800000, 0x000000074e800000|100%| E|CS|TAMS 0x000000074e600000, 0x000000074e600000| Complete 
|  92|0x000000074e800000, 0x000000074ea00000, 0x000000074ea00000|100%| E|CS|TAMS 0x000000074e800000, 0x000000074e800000| Complete 
|  93|0x000000074ea00000, 0x000000074ec00000, 0x000000074ec00000|100%| E|CS|TAMS 0x000000074ea00000, 0x000000074ea00000| Complete 
|  94|0x000000074ec00000, 0x000000074ee00000, 0x000000074ee00000|100%| E|CS|TAMS 0x000000074ec00000, 0x000000074ec00000| Complete 

Card table byte_map: [0x0000018076e90000,0x0000018077480000] _byte_map_base: 0x0000018073478000

Marking Bits (Prev, Next): (CMBitMap*) 0x000001806bd6f000, (CMBitMap*) 0x000001806bd6f040
 Prev Bits: [0x0000018077a70000, 0x000001807a9b0000)
 Next Bits: [0x000001807a9b0000, 0x000001807d8f0000)

Polling page: 0x0000018069bb0000

Metaspace:

Usage:
  Non-class:      5.41 MB used.
      Class:    871.23 KB used.
       Both:      6.26 MB used.

Virtual space:
  Non-class space:       64.00 MB reserved,       5.50 MB (  9%) committed,  1 nodes.
      Class space:        1.00 GB reserved,       1.00 MB ( <1%) committed,  1 nodes.
             Both:        1.06 GB reserved,       6.50 MB ( <1%) committed. 

Chunk freelists:
   Non-Class:  8.81 MB
       Class:  14.91 MB
        Both:  23.73 MB

MaxMetaspaceSize: unlimited
CompressedClassSpaceSize: 1.00 GB
Initial GC threshold: 21.00 MB
Current GC threshold: 21.00 MB
CDS: on
MetaspaceReclaimPolicy: balanced
 - commit_granule_bytes: 65536.
 - commit_granule_words: 8192.
 - virtual_space_node_default_size: 8388608.
 - enlarge_chunks_in_place: 1.
 - new_chunks_are_fully_committed: 0.
 - uncommit_free_chunks: 1.
 - use_allocation_guard: 0.
 - handle_deallocations: 1.


Internal statistics:

num_allocs_failed_limit: 0.
num_arena_births: 142.
num_arena_deaths: 0.
num_vsnodes_births: 2.
num_vsnodes_deaths: 0.
num_space_committed: 104.
num_space_uncommitted: 0.
num_chunks_returned_to_freelist: 0.
num_chunks_taken_from_freelist: 339.
num_chunk_merges: 0.
num_chunk_splits: 212.
num_chunks_enlarged: 155.
num_inconsistent_stats: 0.

CodeCache: size=49152Kb used=4132Kb max_used=4132Kb free=45020Kb
 bounds [0x00000180738a0000, 0x0000018073cb0000, 0x00000180768a0000]
 total_blobs=1713 nmethods=1288 adapters=351
 compilation: enabled
              stopped_count=0, restarted_count=0
 full_count=0

Compilation events (20 events):
Event: 1.395 Thread 0x000001807fcade80 1280   !   1       java.lang.invoke.MethodHandle::setVarargs (25 bytes)
Event: 1.395 Thread 0x000001807fbc0a90 1281       1       java.lang.invoke.MemberName::isVarargs (23 bytes)
Event: 1.395 Thread 0x000001807fbc0a90 nmethod 1281 0x0000018073ca4d10 code [0x0000018073ca4ea0, 0x0000018073ca4ff8]
Event: 1.395 Thread 0x000001807fcade80 nmethod 1280 0x0000018073ca5090 code [0x0000018073ca5240, 0x0000018073ca5478]
Event: 1.396 Thread 0x000001807fcade80 1282       1       java.util.ImmutableCollections$List12::size (16 bytes)
Event: 1.396 Thread 0x000001807fcade80 nmethod 1282 0x0000018073ca5590 code [0x0000018073ca5720, 0x0000018073ca5818]
Event: 1.397 Thread 0x000001807fcade80 1283       1       java.lang.invoke.InvokerBytecodeGenerator::emitReferenceCast (188 bytes)
Event: 1.397 Thread 0x000001807fcad960 1284       1       java.lang.invoke.LambdaForm::useCount (61 bytes)
Event: 1.397 Thread 0x000001807fcad960 nmethod 1284 0x0000018073ca5890 code [0x0000018073ca5a40, 0x0000018073ca5be8]
Event: 1.397 Thread 0x000001807fcad960 1285       1       java.lang.invoke.InvokerBytecodeGenerator::storeInsnOpcode (98 bytes)
Event: 1.397 Thread 0x000001807fcade80 nmethod 1283 0x0000018073ca5d10 code [0x0000018073ca5f80, 0x0000018073ca6518]
Event: 1.398 Thread 0x000001807fcad960 nmethod 1285 0x0000018073ca6810 code [0x0000018073ca6a20, 0x0000018073ca6f38]
Event: 1.398 Thread 0x000001807fbc0a90 1286       1       java.lang.invoke.MethodHandle::intrinsicName (4 bytes)
Event: 1.398 Thread 0x000001807fbc0a90 nmethod 1286 0x0000018073ca7190 code [0x0000018073ca7320, 0x0000018073ca73f8]
Event: 1.399 Thread 0x000001807fcad960 1287       1       java.lang.invoke.LambdaForm::normalize (322 bytes)
Event: 1.399 Thread 0x000001807fcade80 1288       1       java.lang.invoke.LambdaForm$Name::internArguments (62 bytes)
Event: 1.399 Thread 0x000001807fcade80 nmethod 1288 0x0000018073ca7490 code [0x0000018073ca7640, 0x0000018073ca78e8]
Event: 1.399 Thread 0x000001807fbc0a90 1289       1       java.lang.invoke.LambdaFormBuffer::changeName (149 bytes)
Event: 1.400 Thread 0x000001807fbc0a90 nmethod 1289 0x0000018073ca7a10 code [0x0000018073ca7bc0, 0x0000018073ca7ea8]
Event: 1.400 Thread 0x000001807fcad960 nmethod 1287 0x0000018073ca8010 code [0x0000018073ca8240, 0x0000018073ca8af8]

GC Heap History (4 events):
Event: 0.711 GC heap before
{Heap before GC invocations=0 (full 0):
 garbage-first heap   total 194560K, used 10240K [0x0000000743000000, 0x0000000800000000)
  region size 2048K, 6 young (12288K), 0 survivors (0K)
 Metaspace       used 2121K, committed 2240K, reserved 1114112K
  class space    used 240K, committed 320K, reserved 1048576K
}
Event: 0.716 GC heap after
{Heap after GC invocations=1 (full 0):
 garbage-first heap   total 194560K, used 5902K [0x0000000743000000, 0x0000000800000000)
  region size 2048K, 1 young (2048K), 1 survivors (2048K)
 Metaspace       used 2121K, committed 2240K, reserved 1114112K
  class space    used 240K, committed 320K, reserved 1048576K
}
Event: 0.995 GC heap before
{Heap before GC invocations=1 (full 0):
 garbage-first heap   total 194560K, used 12046K [0x0000000743000000, 0x0000000800000000)
  region size 2048K, 5 young (10240K), 1 survivors (2048K)
 Metaspace       used 4095K, committed 4288K, reserved 1114112K
  class space    used 524K, committed 576K, reserved 1048576K
}
Event: 0.998 GC heap after
{Heap after GC invocations=2 (full 0):
 garbage-first heap   total 194560K, used 6720K [0x0000000743000000, 0x0000000800000000)
  region size 2048K, 1 young (2048K), 1 survivors (2048K)
 Metaspace       used 4095K, committed 4288K, reserved 1114112K
  class space    used 524K, committed 576K, reserved 1048576K
}

Dll operation events (11 events):
Event: 0.022 Loaded shared library C:\Users\Nethmi Gunasekara\.jdks\ms-17.0.19\bin\java.dll
Event: 0.061 Loaded shared library C:\Users\Nethmi Gunasekara\.jdks\ms-17.0.19\bin\jsvml.dll
Event: 0.248 Loaded shared library C:\Users\Nethmi Gunasekara\.jdks\ms-17.0.19\bin\zip.dll
Event: 0.254 Loaded shared library C:\Users\Nethmi Gunasekara\.jdks\ms-17.0.19\bin\instrument.dll
Event: 0.265 Loaded shared library C:\Users\Nethmi Gunasekara\.jdks\ms-17.0.19\bin\net.dll
Event: 0.268 Loaded shared library C:\Users\Nethmi Gunasekara\.jdks\ms-17.0.19\bin\nio.dll
Event: 0.272 Loaded shared library C:\Users\Nethmi Gunasekara\.jdks\ms-17.0.19\bin\zip.dll
Event: 0.424 Loaded shared library C:\Users\Nethmi Gunasekara\.jdks\ms-17.0.19\bin\extnet.dll
Event: 0.479 Loaded shared library C:\Users\Nethmi Gunasekara\.jdks\ms-17.0.19\bin\jimage.dll
Event: 0.945 Loaded shared library C:\Users\Nethmi Gunasekara\.jdks\ms-17.0.19\bin\management.dll
Event: 0.948 Loaded shared library C:\Users\Nethmi Gunasekara\.jdks\ms-17.0.19\bin\management_ext.dll

Deoptimization events (0 events):
No events

Classes loaded (20 events):
Event: 1.279 Loading class java/util/stream/MatchOps$BooleanTerminalSink
Event: 1.279 Loading class java/util/stream/MatchOps$BooleanTerminalSink done
Event: 1.280 Loading class java/util/stream/MatchOps$2MatchSink
Event: 1.280 Loading class java/util/stream/MatchOps$2MatchSink done
Event: 1.304 Loading class java/beans/PropertyEditorSupport
Event: 1.304 Loading class java/beans/PropertyEditor
Event: 1.304 Loading class java/beans/PropertyEditor done
Event: 1.304 Loading class java/beans/PropertyEditorSupport done
Event: 1.349 Loading class java/util/regex/Pattern$Neg
Event: 1.349 Loading class java/util/regex/Pattern$Neg done
Event: 1.357 Loading class java/util/stream/StreamSpliterators$WrappingSpliterator
Event: 1.357 Loading class java/util/stream/StreamSpliterators$AbstractWrappingSpliterator
Event: 1.357 Loading class java/util/stream/StreamSpliterators$AbstractWrappingSpliterator done
Event: 1.358 Loading class java/util/stream/StreamSpliterators$WrappingSpliterator done
Event: 1.358 Loading class java/util/stream/StreamSpliterators
Event: 1.358 Loading class java/util/stream/StreamSpliterators done
Event: 1.358 Loading class java/util/function/BooleanSupplier
Event: 1.358 Loading class java/util/function/BooleanSupplier done
Event: 1.358 Loading class java/lang/invoke/MethodHandle$1
Event: 1.358 Loading class java/lang/invoke/MethodHandle$1 done

Classes unloaded (0 events):
No events

Classes redefined (0 events):
No events

Internal exceptions (20 events):
Event: 0.800 Thread 0x000001806bd17ad0 Exception <a 'java/lang/NoSuchMethodError'{0x000000074ea564b8}: 'int java.lang.invoke.DirectMethodHandle$Holder.invokeStaticInit(java.lang.Object, java.lang.Object)'> (0x000000074ea564b8) 
thrown [s\src\hotspot\share\interpreter\linkResolver.cpp, line 759]
Event: 0.811 Thread 0x000001806bd17ad0 Exception <a 'java/lang/NoSuchMethodError'{0x000000074eaa74d0}: 'void java.lang.invoke.DirectMethodHandle$Holder.invokeInterface(java.lang.Object, java.lang.Object, java.lang.Object, java.lang.Object)'> (0x000000074eaa74d0) 
thrown [s\src\hotspot\share\interpreter\linkResolver.cpp, line 759]
Event: 0.896 Thread 0x000001806bd17ad0 Exception <a 'java/lang/NoSuchMethodError'{0x000000074e8c3240}: 'java.lang.Object java.lang.invoke.DirectMethodHandle$Holder.invokeInterface(java.lang.Object, java.lang.Object)'> (0x000000074e8c3240) 
thrown [s\src\hotspot\share\interpreter\linkResolver.cpp, line 759]
Event: 0.903 Thread 0x000001806bd17ad0 Exception <a 'java/lang/NoSuchMethodError'{0x000000074e903188}: 'void java.lang.invoke.DirectMethodHandle$Holder.invokeStatic(java.lang.Object, java.lang.Object, java.lang.Object)'> (0x000000074e903188) 
thrown [s\src\hotspot\share\interpreter\linkResolver.cpp, line 759]
Event: 0.907 Thread 0x000001806bd17ad0 Exception <a 'java/lang/NoSuchMethodError'{0x000000074e91ae28}: 'java.lang.Object java.lang.invoke.DirectMethodHandle$Holder.invokeSpecialIFC(java.lang.Object, java.lang.Object, java.lang.Object, java.lang.Object)'> (0x000000074e91ae28) 
thrown [s\src\hotspot\share\interpreter\linkResolver.cpp, line 759]
Event: 0.912 Thread 0x000001806bd17ad0 Exception <a 'java/lang/NoSuchMethodError'{0x000000074e93d7f8}: 'java.lang.Object java.lang.invoke.DirectMethodHandle$Holder.invokeInterface(java.lang.Object, java.lang.Object, java.lang.Object)'> (0x000000074e93d7f8) 
thrown [s\src\hotspot\share\interpreter\linkResolver.cpp, line 759]
Event: 0.957 Thread 0x000001806bd17ad0 Exception <a 'java/lang/NoSuchMethodError'{0x000000074e664388}: 'int java.lang.invoke.DirectMethodHandle$Holder.invokeSpecial(java.lang.Object, java.lang.Object, java.lang.Object)'> (0x000000074e664388) 
thrown [s\src\hotspot\share\interpreter\linkResolver.cpp, line 759]
Event: 1.070 Thread 0x00000180456163e0 Exception <a 'java/lang/NoSuchMethodError'{0x000000074eb0c2f8}: 'int java.lang.invoke.DirectMethodHandle$Holder.invokeStaticInit(java.lang.Object, java.lang.Object, java.lang.Object)'> (0x000000074eb0c2f8) 
thrown [s\src\hotspot\share\interpreter\linkResolver.cpp, line 759]
Event: 1.083 Thread 0x00000180456163e0 Exception <a 'java/lang/NoSuchMethodError'{0x000000074eb6efe8}: 'java.lang.Object java.lang.invoke.DirectMethodHandle$Holder.newInvokeSpecial(java.lang.Object, java.lang.Object, java.lang.Object, java.lang.Object, java.lang.Object)'> (0x000000074eb6efe8) 
thrown [s\src\hotspot\share\interpreter\linkResolver.cpp, line 759]
Event: 1.094 Thread 0x00000180456163e0 Exception <a 'java/lang/NoSuchMethodError'{0x000000074ebc1058}: 'java.lang.Object java.lang.invoke.DirectMethodHandle$Holder.invokeStaticInit(java.lang.Object, java.lang.Object, java.lang.Object)'> (0x000000074ebc1058) 
thrown [s\src\hotspot\share\interpreter\linkResolver.cpp, line 759]
Event: 1.117 Thread 0x00000180456163e0 Exception <a 'java/lang/IncompatibleClassChangeError'{0x000000074e875fd8}: Found class java.lang.Object, but interface was expected> (0x000000074e875fd8) 
thrown [s\src\hotspot\share\interpreter\linkResolver.cpp, line 826]
Event: 1.137 Thread 0x00000180456163e0 Exception <a 'sun/nio/fs/WindowsException'{0x000000074e9030f8}> (0x000000074e9030f8) 
thrown [s\src\hotspot\share\prims\jni.cpp, line 516]
Event: 1.329 Thread 0x00000180456163e0 Exception <a 'java/lang/NoSuchMethodError'{0x000000074e0a2d90}: 'java.lang.Object java.lang.invoke.DirectMethodHandle$Holder.newInvokeSpecial(java.lang.Object, java.lang.Object, java.lang.Object, java.lang.Object, java.lang.Object, java.lang.Object, java.lang.Object)'> (0x000000074e0a2d90) 
thrown [s\src\hotspot\share\interpreter\linkResolver.cpp, line 759]
Event: 1.329 Thread 0x00000180456163e0 Exception <a 'java/lang/NoSuchMethodError'{0x000000074e0a79f8}: 'java.lang.Object java.lang.invoke.Invokers$Holder.linkToTargetMethod(java.lang.Object, java.lang.Object, java.lang.Object, java.lang.Object, java.lang.Object, java.lang.Object, java.lang.Object)'> (0x000000074e0a79f8) 
thrown [s\src\hotspot\share\interpreter\linkResolver.cpp, line 759]
Event: 1.333 Thread 0x00000180456163e0 Exception <a 'java/lang/NoSuchMethodError'{0x000000074e0c72c8}: 'void java.lang.invoke.DirectMethodHandle$Holder.invokeStaticInit(java.lang.Object, java.lang.Object)'> (0x000000074e0c72c8) 
thrown [s\src\hotspot\share\interpreter\linkResolver.cpp, line 759]
Event: 1.344 Thread 0x00000180456163e0 Exception <a 'java/lang/NoSuchMethodError'{0x000000074e119438}: 'int java.lang.invoke.DirectMethodHandle$Holder.invokeStatic(java.lang.Object, java.lang.Object, java.lang.Object, java.lang.Object)'> (0x000000074e119438) 
thrown [s\src\hotspot\share\interpreter\linkResolver.cpp, line 759]
Event: 1.344 Thread 0x00000180456163e0 Exception <a 'java/lang/NoSuchMethodError'{0x000000074e11d0e8}: 'java.lang.Object java.lang.invoke.Invokers$Holder.invokeExact_MT(java.lang.Object, java.lang.Object, java.lang.Object, java.lang.Object, java.lang.Object, java.lang.Object)'> (0x000000074e11d0e8) 
thrown [s\src\hotspot\share\interpreter\linkResolver.cpp, line 759]
Event: 1.360 Thread 0x00000180456163e0 Exception <a 'java/lang/NoSuchMethodError'{0x000000074e180868}: 'java.lang.Object java.lang.invoke.DirectMethodHandle$Holder.invokeSpecial(java.lang.Object, java.lang.Object, java.lang.Object, java.lang.Object, java.lang.Object, java.lang.Object, int)'> (0x000000074e180868) 
thrown [s\src\hotspot\share\interpreter\linkResolver.cpp, line 759]
Event: 1.361 Thread 0x00000180456163e0 Exception <a 'java/lang/NoSuchMethodError'{0x000000074e18add0}: 'java.lang.Object java.lang.invoke.DirectMethodHandle$Holder.newInvokeSpecial(java.lang.Object, java.lang.Object, java.lang.Object, java.lang.Object, java.lang.Object, java.lang.Object, int)'> (0x000000074e18add0) 
thrown [s\src\hotspot\share\interpreter\linkResolver.cpp, line 759]
Event: 1.362 Thread 0x00000180456163e0 Exception <a 'java/lang/NoSuchMethodError'{0x000000074e18fe10}: 'java.lang.Object java.lang.invoke.DirectMethodHandle$Holder.invokeSpecial(java.lang.Object, java.lang.Object, java.lang.Object, java.lang.Object, java.lang.Object, java.lang.Object, java.lang.Object, int)'> (0x000000074e18fe10) 
thrown [s\src\hotspot\share\interpreter\linkResolver.cpp, line 759]

VM Operations (14 events):
Event: 0.228 Executing VM operation: HandshakeAllThreads
Event: 0.228 Executing VM operation: HandshakeAllThreads done
Event: 0.410 Executing VM operation: HandshakeAllThreads
Event: 0.411 Executing VM operation: HandshakeAllThreads done
Event: 0.474 Executing VM operation: HandshakeAllThreads
Event: 0.474 Executing VM operation: HandshakeAllThreads done
Event: 0.485 Executing VM operation: HandshakeAllThreads
Event: 0.485 Executing VM operation: HandshakeAllThreads done
Event: 0.711 Executing VM operation: G1CollectForAllocation
Event: 0.716 Executing VM operation: G1CollectForAllocation done
Event: 0.995 Executing VM operation: G1CollectForAllocation
Event: 0.998 Executing VM operation: G1CollectForAllocation done
Event: 1.138 Executing VM operation: HandshakeAllThreads
Event: 1.138 Executing VM operation: HandshakeAllThreads done

Memory protections (0 events):
No events

Nmethod flushes (0 events):
No events

Events (16 events):
Event: 0.061 Thread 0x000001806bd17ad0 Thread added: 0x000001806bd17ad0
Event: 0.066 Thread 0x000001806bd17ad0 Thread added: 0x000001807fba7290
Event: 0.066 Thread 0x000001806bd17ad0 Thread added: 0x000001807fba8110
Event: 0.079 Thread 0x000001806bd17ad0 Thread added: 0x000001807fbbaf60
Event: 0.079 Thread 0x000001806bd17ad0 Thread added: 0x000001807fbbcc90
Event: 0.079 Thread 0x000001806bd17ad0 Thread added: 0x000001807fbbf660
Event: 0.080 Thread 0x000001806bd17ad0 Thread added: 0x000001807fbc0020
Event: 0.080 Thread 0x000001806bd17ad0 Thread added: 0x000001807fbc0a90
Event: 0.080 Thread 0x000001806bd17ad0 Thread added: 0x000001807fbc3c40
Event: 0.216 Thread 0x000001806bd17ad0 Thread added: 0x000001807fb8c890
Event: 0.229 Thread 0x000001807fbc0a90 Thread added: 0x000001807fcad960
Event: 0.230 Thread 0x000001807fbc0a90 Thread added: 0x000001807fcade80
Event: 0.407 Thread 0x000001806bd17ad0 Thread added: 0x00000180450742e0
Event: 0.407 Thread 0x000001806bd17ad0 Thread added: 0x00000180450747c0
Event: 1.034 Thread 0x000001806bd17ad0 Thread added: 0x0000018045615250
Event: 1.038 Thread 0x0000018045615250 Thread added: 0x00000180456163e0


Dynamic libraries:
0x00007ff6dbfa0000 - 0x00007ff6dbfae000 	C:\Users\Nethmi Gunasekara\.jdks\ms-17.0.19\bin\java.exe
0x00007ffbab550000 - 0x00007ffbab767000 	C:\WINDOWS\SYSTEM32\ntdll.dll
0x00007ffba9640000 - 0x00007ffba9704000 	C:\WINDOWS\System32\KERNEL32.DLL
0x00007ffba89a0000 - 0x00007ffba8d71000 	C:\WINDOWS\System32\KERNELBASE.dll
0x00007ffba8e20000 - 0x00007ffba8f31000 	C:\WINDOWS\System32\ucrtbase.dll
0x00007ffb88890000 - 0x00007ffb888a8000 	C:\Users\Nethmi Gunasekara\.jdks\ms-17.0.19\bin\jli.dll
0x00007ffb8baa0000 - 0x00007ffb8babe000 	C:\Users\Nethmi Gunasekara\.jdks\ms-17.0.19\bin\VCRUNTIME140.dll
0x00007ffbab350000 - 0x00007ffbab501000 	C:\WINDOWS\System32\USER32.dll
0x00007ffba8940000 - 0x00007ffba8966000 	C:\WINDOWS\System32\win32u.dll
0x00007ffb8e380000 - 0x00007ffb8e612000 	C:\WINDOWS\WinSxS\amd64_microsoft.windows.common-controls_6595b64144ccf1df_6.0.22621.4830_none_270fe7d773858e80\COMCTL32.dll
0x00007ffbab320000 - 0x00007ffbab349000 	C:\WINDOWS\System32\GDI32.dll
0x00007ffbaa950000 - 0x00007ffbaa9f7000 	C:\WINDOWS\System32\msvcrt.dll
0x00007ffba9100000 - 0x00007ffba921b000 	C:\WINDOWS\System32\gdi32full.dll
0x00007ffba8d80000 - 0x00007ffba8e1a000 	C:\WINDOWS\System32\msvcp_win.dll
0x00007ffba9550000 - 0x00007ffba9581000 	C:\WINDOWS\System32\IMM32.DLL
0x00007ffba5110000 - 0x00007ffba511c000 	C:\Users\Nethmi Gunasekara\.jdks\ms-17.0.19\bin\vcruntime140_1.dll
0x00007ffb71e40000 - 0x00007ffb71ec9000 	C:\Users\Nethmi Gunasekara\.jdks\ms-17.0.19\bin\msvcp140.dll
0x00007ffb50840000 - 0x00007ffb514bb000 	C:\Users\Nethmi Gunasekara\.jdks\ms-17.0.19\bin\server\jvm.dll
0x00007ffbab1e0000 - 0x00007ffbab291000 	C:\WINDOWS\System32\ADVAPI32.dll
0x00007ffba9590000 - 0x00007ffba9637000 	C:\WINDOWS\System32\sechost.dll
0x00007ffba8970000 - 0x00007ffba8998000 	C:\WINDOWS\System32\bcrypt.dll
0x00007ffbaaf80000 - 0x00007ffbab094000 	C:\WINDOWS\System32\RPCRT4.dll
0x00007ffbaa440000 - 0x00007ffbaa4b1000 	C:\WINDOWS\System32\WS2_32.dll
0x00007ffba8570000 - 0x00007ffba85bd000 	C:\WINDOWS\SYSTEM32\POWRPROF.dll
0x00007ffba1610000 - 0x00007ffba1644000 	C:\WINDOWS\SYSTEM32\WINMM.dll
0x00007ffba0bb0000 - 0x00007ffba0bba000 	C:\WINDOWS\SYSTEM32\VERSION.dll
0x00007ffba8550000 - 0x00007ffba8563000 	C:\WINDOWS\SYSTEM32\UMPDC.dll
0x00007ffba76a0000 - 0x00007ffba76b8000 	C:\WINDOWS\SYSTEM32\kernel.appcore.dll
0x00007ffb91070000 - 0x00007ffb9107a000 	C:\Users\Nethmi Gunasekara\.jdks\ms-17.0.19\bin\jimage.dll
0x00007ffba6270000 - 0x00007ffba64a2000 	C:\WINDOWS\SYSTEM32\DBGHELP.DLL
0x00007ffbaaae0000 - 0x00007ffbaae70000 	C:\WINDOWS\System32\combase.dll
0x00007ffbab100000 - 0x00007ffbab1d7000 	C:\WINDOWS\System32\OLEAUT32.dll
0x00007ffb89f80000 - 0x00007ffb89fb2000 	C:\WINDOWS\SYSTEM32\dbgcore.DLL
0x00007ffba8f40000 - 0x00007ffba8fbb000 	C:\WINDOWS\System32\bcryptPrimitives.dll
0x00007ffba5210000 - 0x00007ffba521f000 	C:\Users\Nethmi Gunasekara\.jdks\ms-17.0.19\bin\instrument.dll
0x00007ffb83a70000 - 0x00007ffb83a96000 	C:\Users\Nethmi Gunasekara\.jdks\ms-17.0.19\bin\java.dll
0x00007ffb6c370000 - 0x00007ffb6c446000 	C:\Users\Nethmi Gunasekara\.jdks\ms-17.0.19\bin\jsvml.dll
0x00007ffba9bb0000 - 0x00007ffbaa438000 	C:\WINDOWS\System32\SHELL32.dll
0x00007ffba8fc0000 - 0x00007ffba90ff000 	C:\WINDOWS\System32\wintypes.dll
0x00007ffba65a0000 - 0x00007ffba6ead000 	C:\WINDOWS\SYSTEM32\windows.storage.dll
0x00007ffba9aa0000 - 0x00007ffba9baa000 	C:\WINDOWS\System32\SHCORE.dll
0x00007ffba9880000 - 0x00007ffba98de000 	C:\WINDOWS\System32\shlwapi.dll
0x00007ffba85c0000 - 0x00007ffba85eb000 	C:\WINDOWS\SYSTEM32\profapi.dll
0x00007ffb82f50000 - 0x00007ffb82f68000 	C:\Users\Nethmi Gunasekara\.jdks\ms-17.0.19\bin\zip.dll
0x00007ffb854e0000 - 0x00007ffb854fb000 	C:\Users\Nethmi Gunasekara\.jdks\ms-17.0.19\bin\net.dll
0x00007ffba1e80000 - 0x00007ffba1fac000 	C:\WINDOWS\SYSTEM32\WINHTTP.dll
0x00007ffba7b00000 - 0x00007ffba7b6a000 	C:\WINDOWS\system32\mswsock.dll
0x00007ffb84ed0000 - 0x00007ffb84ee6000 	C:\Users\Nethmi Gunasekara\.jdks\ms-17.0.19\bin\nio.dll
0x00007ffb82f40000 - 0x00007ffb82f49000 	C:\Users\Nethmi Gunasekara\.jdks\ms-17.0.19\bin\extnet.dll
0x00007ffba5040000 - 0x00007ffba504a000 	C:\Users\Nethmi Gunasekara\.jdks\ms-17.0.19\bin\management.dll
0x00007ffba2560000 - 0x00007ffba256c000 	C:\Users\Nethmi Gunasekara\.jdks\ms-17.0.19\bin\management_ext.dll
0x00007ffbaa940000 - 0x00007ffbaa948000 	C:\WINDOWS\System32\PSAPI.DLL

dbghelp: loaded successfully - version: 4.0.5 - missing functions: none
symbol engine: initialized successfully - sym options: 0x614 - pdb path: .;C:\Users\Nethmi Gunasekara\.jdks\ms-17.0.19\bin;C:\WINDOWS\SYSTEM32;C:\WINDOWS\WinSxS\amd64_microsoft.windows.common-controls_6595b64144ccf1df_6.0.22621.4830_none_270fe7d773858e80;C:\Users\Nethmi Gunasekara\.jdks\ms-17.0.19\bin\server

VM Arguments:
jvm_args: -XX:TieredStopAtLevel=1 -Dspring.output.ansi.enabled=always -javaagent:C:\Program Files\JetBrains\IntelliJ IDEA 2026.1.1\lib\idea_rt.jar=55096 -Dfile.encoding=UTF-8 
java_command: com.project.beautysalon.BeautySalonApplication
java_class_path (initial): C:\Users\Nethmi Gunasekara\OneDrive\Documents\BeautySalon\BeautySalon\target\classes;C:\Users\Nethmi Gunasekara\.m2\repository\org\springframework\boot\spring-boot-starter-web\3.2.5\spring-boot-starter-web-3.2.5.jar;C:\Users\Nethmi Gunasekara\.m2\repository\org\springframework\boot\spring-boot-starter\3.2.5\spring-boot-starter-3.2.5.jar;C:\Users\Nethmi Gunasekara\.m2\repository\org\springframework\boot\spring-boot-starter-logging\3.2.5\spring-boot-starter-logging-3.2.5.jar;C:\Users\Nethmi Gunasekara\.m2\repository\ch\qos\logback\logback-classic\1.4.14\logback-classic-1.4.14.jar;C:\Users\Nethmi Gunasekara\.m2\repository\ch\qos\logback\logback-core\1.4.14\logback-core-1.4.14.jar;C:\Users\Nethmi Gunasekara\.m2\repository\org\apache\logging\log4j\log4j-to-slf4j\2.21.1\log4j-to-slf4j-2.21.1.jar;C:\Users\Nethmi Gunasekara\.m2\repository\org\apache\logging\log4j\log4j-api\2.21.1\log4j-api-2.21.1.jar;C:\Users\Nethmi Gunasekara\.m2\repository\org\slf4j\jul-to-slf4j\2.0.13\jul-to-slf4j-2.0.13.jar;C:\Users\Nethmi Gunasekara\.m2\repository\jakarta\annotation\jakarta.annotation-api\2.1.1\jakarta.annotation-api-2.1.1.jar;C:\Users\Nethmi Gunasekara\.m2\repository\org\yaml\snakeyaml\2.2\snakeyaml-2.2.jar;C:\Users\Nethmi Gunasekara\.m2\repository\org\springframework\boot\spring-boot-starter-json\3.2.5\spring-boot-starter-json-3.2.5.jar;C:\Users\Nethmi Gunasekara\.m2\repository\com\fasterxml\jackson\datatype\jackson-datatype-jdk8\2.15.4\jackson-datatype-jdk8-2.15.4.jar;C:\Users\Nethmi Gunasekara\.m2\repository\com\fasterxml\jackson\datatype\jackson-datatype-jsr310\2.15.4\jackson-datatype-jsr310-2.15.4.jar;C:\Users\Nethmi Gunasekara\.m2\repository\com\fasterxml\jackson\module\jackson-module-parameter-names\2.15.4\jackson-module-parameter-names-2.15.4.jar;C:\Users\Nethmi Gunasekara\.m2\repository\org\springframework\boot\spring-boot-starter-tomcat\3.2.5\spring-boot-starter-tomcat-3.2.5.jar;C:\Users\Nethmi Gunasekara\.m2\repository\org\apache\tomcat\embed\to
Launcher Type: SUN_STANDARD

[Global flags]
     intx CICompilerCount                          = 3                                         {product} {ergonomic}
     uint ConcGCThreads                            = 1                                         {product} {ergonomic}
     uint G1ConcRefinementThreads                  = 4                                         {product} {ergonomic}
   size_t G1HeapRegionSize                         = 2097152                                   {product} {ergonomic}
    uintx GCDrainStackTargetSize                   = 64                                        {product} {ergonomic}
   size_t InitialHeapSize                          = 199229440                                 {product} {ergonomic}
   size_t MarkStackSize                            = 4194304                                   {product} {ergonomic}
   size_t MaxHeapSize                              = 3170893824                                {product} {ergonomic}
   size_t MaxNewSize                               = 1902116864                                {product} {ergonomic}
   size_t MinHeapDeltaBytes                        = 2097152                                   {product} {ergonomic}
   size_t MinHeapSize                              = 8388608                                   {product} {ergonomic}
    uintx NonProfiledCodeHeapSize                  = 0                                      {pd product} {ergonomic}
     bool ProfileInterpreter                       = false                                  {pd product} {command line}
    uintx ProfiledCodeHeapSize                     = 0                                      {pd product} {ergonomic}
   size_t SoftMaxHeapSize                          = 3170893824                             {manageable} {ergonomic}
     intx TieredStopAtLevel                        = 1                                         {product} {command line}
     bool UseCompressedClassPointers               = true                           {product lp64_product} {ergonomic}
     bool UseCompressedOops                        = true                           {product lp64_product} {ergonomic}
     bool UseG1GC                                  = true                                      {product} {ergonomic}
     bool UseLargePagesIndividualAllocation        = false                                  {pd product} {ergonomic}

Logging:
Log output configuration:
 #0: stdout all=warning uptime,level,tags
 #1: stderr all=off uptime,level,tags

Environment Variables:
PATH=C:\Program Files\Common Files\Oracle\Java\javapath;C:\WINDOWS\system32;C:\WINDOWS;C:\WINDOWS\System32\Wbem;C:\WINDOWS\System32\WindowsPowerShell\v1.0\;C:\WINDOWS\System32\OpenSSH\;C:\Program Files (x86)\Windows Kits\10\Windows Performance Toolkit\;C:\Program Files\Git\cmd;C:\Users\Nethmi Gunasekara\AppData\Local\Programs\Python\Launcher\;C:\Users\Nethmi Gunasekara\AppData\Local\Microsoft\WindowsApps;C:\Users\Nethmi Gunasekara\AppData\Local\Programs\Microsoft VS Code\bin;C:\Program Files\JetBrains\IntelliJ IDEA 2026.1.1\bin;C:\Users\Nethmi Gunasekara\AppData\Local\GitHubDesktop\bin
USERNAME=Nethmi Gunasekara
OS=Windows_NT
PROCESSOR_IDENTIFIER=Intel64 Family 6 Model 166 Stepping 0, GenuineIntel
TMP=C:\Users\NETHMI~1\AppData\Local\Temp
TEMP=C:\Users\NETHMI~1\AppData\Local\Temp



Periodic native trim disabled


---------------  S Y S T E M  ---------------

OS:
 Windows 11 , 64 bit Build 22621 (10.0.22621.4974)
OS uptime: 2 days 19:59 hours
Hyper-V role detected

CPU: total 4 (initial active 4) (2 cores per cpu, 2 threads per core) family 6 model 166 stepping 0 microcode 0xe0, cx8, cmov, fxsr, ht, mmx, 3dnowpref, sse, sse2, sse3, ssse3, sse4.1, sse4.2, popcnt, lzcnt, tsc, tscinvbit, avx, avx2, aes, erms, clmul, bmi1, bmi2, adx, fma, vzeroupper, clflush, clflushopt, hv
Processor Information for the first 4 processors :
  Max Mhz: 2592, Current Mhz: 2093, Mhz Limit: 2073

Memory: 4k page, system-wide physical 12092M (2381M free)
TotalPageFile size 12092M (AvailPageFile size 278M)
current process WorkingSet (physical memory assigned to process): 70M, peak: 70M
current process commit charge ("private bytes"): 279M, peak: 279M

vm_info: OpenJDK 64-Bit Server VM (17.0.19+10-LTS) for windows-amd64 JRE (17.0.19+10-LTS), built on Apr 18 2026 18:24:40 by "MicrosoftCorporation" with MS VC++ 17.14 (VS2022)

END.
